2020-08-10 13:31:03,516:INFO:pegasus-monitord(58): pegasus-monitord starting - pid 59057 
2020-08-10 13:31:03,555:INFO:pegasus-monitord(455): Final Command line options are: ['-N', 'harry-potter-text-analysis-0.dag.dagman.out']
2020-08-10 13:31:03,635:INFO:Pegasus.monitoring.event_output(629): Connecting workflow event sink to sqlite:////home/scitech/shared-data/sample-text-analysis-wf/scitech/pegasus/harry-potter-text-analysis/run0007/harry-potter-text-analysis-0.stampede.db
Created Pegasus database in: sqlite:////home/scitech/shared-data/sample-text-analysis-wf/scitech/pegasus/harry-potter-text-analysis/run0007/harry-potter-text-analysis-0.stampede.db
Your database is compatible with Pegasus version: 5.0.0dev
2020-08-10 13:31:06,787:INFO:Pegasus.monitoring.event_output(703): output type=DB namespace=stampede. name=sqlite:////home/scitech/shared-data/sample-text-analysis-wf/scitech/pegasus/harry-potter-text-analysis/run0007/harry-potter-text-analysis-0.stampede.db
2020-08-10 13:31:06,788:INFO:Pegasus.monitoring.event_output(629): Connecting workflow event sink to sqlite:////home/scitech/.pegasus/workflow.db
Your database is compatible with Pegasus version: 5.0.0dev
2020-08-10 13:31:08,856:INFO:Pegasus.monitoring.event_output(703): output type=DB namespace=dashboard. name=sqlite:////home/scitech/.pegasus/workflow.db
2020-08-10 13:31:08,857:INFO:pegasus-monitord(1247): monitord started in fast start mode
2020-08-10 13:31:08,897:INFO:Pegasus.monitoring.workflow(461): cannot open state file /home/scitech/shared-data/sample-text-analysis-wf/scitech/pegasus/harry-potter-text-analysis/run0007/monitord.info, continuing without state...
2020-08-10 13:31:08,899:INFO:Pegasus.monitoring.workflow(1148): creating new file /home/scitech/shared-data/sample-text-analysis-wf/scitech/pegasus/harry-potter-text-analysis/run0007/jobstate.log
2020-08-10 13:31:08,899:INFO:Pegasus.monitoring.workflow(1158): Appending to existing jobstate.log replay_mode 0 previous_processed_line 0
2020-08-10 13:31:08,903:INFO:Pegasus.monitoring.notifications(474): loading notifications from /home/scitech/shared-data/sample-text-analysis-wf/scitech/pegasus/harry-potter-text-analysis/run0007/harry-potter-text-analysis-0.notify
2020-08-10 13:31:09,436:INFO:Pegasus.monitoring.workflow(205): Parsing DAG file /home/scitech/shared-data/sample-text-analysis-wf/scitech/pegasus/harry-potter-text-analysis/run0007/harry-potter-text-analysis-0.dag
2020-08-10 13:31:09,447:INFO:pegasus-monitord(974): Using DAGMan version 8.8.9 80809
2020-08-10 13:31:09,448:INFO:pegasus-monitord(949): DAGMan runs at pid 59056
2020-08-10 13:31:09,453:INFO:pegasus-monitord(955): using dag harry-potter-text-analysis-0.dag
2020-08-10 13:31:09,453:INFO:Pegasus.monitoring.workflow(811): DAGMan starting with condor id 81.0
2020-08-10 13:32:48,946:INFO:Pegasus.monitoring.workflow(2467): Populating locations corresponding to succeeded registration job  /home/scitech/shared-data/sample-text-analysis-wf/scitech/pegasus/harry-potter-text-analysis/run0007/00/00/register_local_0_0.in 
2020-08-10 13:32:48,965:INFO:pegasus-monitord(927): DAGMan harry-potter-text-analysis-0.dag finished with exit code 1
2020-08-10 13:32:50,000:INFO:pegasus-monitord(1427): workflow /home/scitech/shared-data/sample-text-analysis-wf/scitech/pegasus/harry-potter-text-analysis/run0007/harry-potter-text-analysis-0.dag.dagman.out ended
2020-08-10 13:32:50,010:INFO:Pegasus.monitoring.workflow(1377): recovery file deleted: /home/scitech/shared-data/sample-text-analysis-wf/scitech/pegasus/harry-potter-text-analysis/run0007/monitord.recover
2020-08-10 13:32:50,017:INFO:pegasus-monitord(1665): finishing workflow: /home/scitech/shared-data/sample-text-analysis-wf/scitech/pegasus/harry-potter-text-analysis/run0007/harry-potter-text-analysis-0.dag.dagman.out
2020-08-10 13:32:50,018:INFO:pegasus-monitord(1719): finishing notifications...
2020-08-10 13:32:50,019:INFO:pegasus-monitord(1727): monitord process 59057 exiting with 0
2020-08-10 13:32:50,021:INFO:pegasus-monitord(197): DB flushing beginning
2020-08-10 13:32:50,022:INFO:Pegasus.db.workflow_loader.WorkflowLoader(1244): Executing final flush
2020-08-10 13:32:50,277:INFO:Pegasus.db.dashboard_loader.DashboardLoader(397): Executing final flush
2020-08-10 13:32:50,283:INFO:pegasus-monitord(213): DB flushing ended
