000 (034.000.000) 08/09 23:47:34 Job submitted from host: <127.0.0.1:9618?addrs=127.0.0.1-9618&noUDP&sock=246_5063_4>
    DAG Node: create_dir_harry-potter-text-analysis_0_local
    pool:local
...
001 (034.000.000) 08/09 23:47:39 Job executing on host: <127.0.0.1:9618?addrs=127.0.0.1-9618&noUDP&sock=40374_e2a3_14>
...
005 (034.000.000) 08/09 23:47:41 Job terminated.
	(1) Normal termination (return value 0)
		Usr 0 00:00:00, Sys 0 00:00:00  -  Run Remote Usage
		Usr 0 00:00:00, Sys 0 00:00:00  -  Run Local Usage
		Usr 0 00:00:00, Sys 0 00:00:00  -  Total Remote Usage
		Usr 0 00:00:00, Sys 0 00:00:00  -  Total Local Usage
	0  -  Run Bytes Sent By Job
	0  -  Run Bytes Received By Job
	0  -  Total Bytes Sent By Job
	0  -  Total Bytes Received By Job
...
016 (034.000.000) 08/09 23:47:44 POST Script terminated.
	(1) Normal termination (return value 0)
    DAG Node: create_dir_harry-potter-text-analysis_0_local
...
000 (035.000.000) 08/09 23:47:54 Job submitted from host: <127.0.0.1:9618?addrs=127.0.0.1-9618&noUDP&sock=246_5063_4>
    DAG Node: stage_in_remote_local_2_0
    pool:local
...
000 (036.000.000) 08/09 23:47:54 Job submitted from host: <127.0.0.1:9618?addrs=127.0.0.1-9618&noUDP&sock=246_5063_4>
    DAG Node: stage_in_remote_local_1_0
    pool:local
...
000 (037.000.000) 08/09 23:47:55 Job submitted from host: <127.0.0.1:9618?addrs=127.0.0.1-9618&noUDP&sock=246_5063_4>
    DAG Node: stage_in_remote_local_0_0
    pool:local
...
000 (038.000.000) 08/09 23:47:55 Job submitted from host: <127.0.0.1:9618?addrs=127.0.0.1-9618&noUDP&sock=246_5063_4>
    DAG Node: stage_in_local_local_0_0
    pool:local
...
001 (036.000.000) 08/09 23:47:59 Job executing on host: <127.0.0.1:9618?addrs=127.0.0.1-9618&noUDP&sock=40374_e2a3_15>
...
001 (038.000.000) 08/09 23:47:59 Job executing on host: <127.0.0.1:9618?addrs=127.0.0.1-9618&noUDP&sock=40374_e2a3_16>
...
001 (035.000.000) 08/09 23:47:59 Job executing on host: <127.0.0.1:9618?addrs=127.0.0.1-9618&noUDP&sock=40374_e2a3_17>
...
001 (037.000.000) 08/09 23:47:59 Job executing on host: <127.0.0.1:9618?addrs=127.0.0.1-9618&noUDP&sock=40374_e2a3_18>
...
005 (035.000.000) 08/09 23:48:03 Job terminated.
	(1) Normal termination (return value 0)
		Usr 0 00:00:00, Sys 0 00:00:00  -  Run Remote Usage
		Usr 0 00:00:00, Sys 0 00:00:00  -  Run Local Usage
		Usr 0 00:00:00, Sys 0 00:00:00  -  Total Remote Usage
		Usr 0 00:00:00, Sys 0 00:00:00  -  Total Local Usage
	0  -  Run Bytes Sent By Job
	0  -  Run Bytes Received By Job
	0  -  Total Bytes Sent By Job
	0  -  Total Bytes Received By Job
...
005 (038.000.000) 08/09 23:48:03 Job terminated.
	(1) Normal termination (return value 0)
		Usr 0 00:00:00, Sys 0 00:00:00  -  Run Remote Usage
		Usr 0 00:00:00, Sys 0 00:00:00  -  Run Local Usage
		Usr 0 00:00:00, Sys 0 00:00:00  -  Total Remote Usage
		Usr 0 00:00:00, Sys 0 00:00:00  -  Total Local Usage
	0  -  Run Bytes Sent By Job
	0  -  Run Bytes Received By Job
	0  -  Total Bytes Sent By Job
	0  -  Total Bytes Received By Job
...
005 (036.000.000) 08/09 23:48:03 Job terminated.
	(1) Normal termination (return value 0)
		Usr 0 00:00:00, Sys 0 00:00:00  -  Run Remote Usage
		Usr 0 00:00:00, Sys 0 00:00:00  -  Run Local Usage
		Usr 0 00:00:00, Sys 0 00:00:00  -  Total Remote Usage
		Usr 0 00:00:00, Sys 0 00:00:00  -  Total Local Usage
	0  -  Run Bytes Sent By Job
	0  -  Run Bytes Received By Job
	0  -  Total Bytes Sent By Job
	0  -  Total Bytes Received By Job
...
005 (037.000.000) 08/09 23:48:03 Job terminated.
	(1) Normal termination (return value 0)
		Usr 0 00:00:00, Sys 0 00:00:00  -  Run Remote Usage
		Usr 0 00:00:00, Sys 0 00:00:00  -  Run Local Usage
		Usr 0 00:00:00, Sys 0 00:00:00  -  Total Remote Usage
		Usr 0 00:00:00, Sys 0 00:00:00  -  Total Local Usage
	0  -  Run Bytes Sent By Job
	0  -  Run Bytes Received By Job
	0  -  Total Bytes Sent By Job
	0  -  Total Bytes Received By Job
...
016 (038.000.000) 08/09 23:48:06 POST Script terminated.
	(1) Normal termination (return value 0)
    DAG Node: stage_in_local_local_0_0
...
016 (036.000.000) 08/09 23:48:06 POST Script terminated.
	(1) Normal termination (return value 0)
    DAG Node: stage_in_remote_local_1_0
...
016 (037.000.000) 08/09 23:48:06 POST Script terminated.
	(1) Normal termination (return value 0)
    DAG Node: stage_in_remote_local_0_0
...
016 (035.000.000) 08/09 23:48:06 POST Script terminated.
	(1) Normal termination (return value 0)
    DAG Node: stage_in_remote_local_2_0
...
000 (039.000.000) 08/09 23:48:15 Job submitted from host: <127.0.0.1:9618?addrs=127.0.0.1-9618&noUDP&sock=246_5063_4>
    DAG Node: word_count_ID0000001
    pool:condorpool
...
001 (039.000.000) 08/09 23:48:23 Job executing on host: <127.0.0.1:9618?addrs=127.0.0.1-9618&noUDP&sock=246_5063_5>
...
005 (039.000.000) 08/09 23:48:25 Job terminated.
	(1) Normal termination (return value 0)
		Usr 0 00:00:00, Sys 0 00:00:00  -  Run Remote Usage
		Usr 0 00:00:00, Sys 0 00:00:00  -  Run Local Usage
		Usr 0 00:00:00, Sys 0 00:00:00  -  Total Remote Usage
		Usr 0 00:00:00, Sys 0 00:00:00  -  Total Local Usage
	73695  -  Run Bytes Sent By Job
	10894675  -  Run Bytes Received By Job
	73695  -  Total Bytes Sent By Job
	10894675  -  Total Bytes Received By Job
	Partitionable Resources :    Usage  Request Allocated 
	   Cpus                 :     0.30        1         1 
	   Disk (KB)            : 64707       12500  25402878 
	   Memory (MB)          :     0           1       996 
...
016 (039.000.000) 08/09 23:48:25 POST Script terminated.
	(1) Normal termination (return value 0)
    DAG Node: word_count_ID0000001
...
000 (040.000.000) 08/09 23:48:36 Job submitted from host: <127.0.0.1:9618?addrs=127.0.0.1-9618&noUDP&sock=246_5063_4>
    DAG Node: clean_up_local_level_3_0
    pool:local
...
000 (041.000.000) 08/09 23:48:36 Job submitted from host: <127.0.0.1:9618?addrs=127.0.0.1-9618&noUDP&sock=246_5063_4>
    DAG Node: stage_out_local_local_0_0
    pool:local
...
000 (042.000.000) 08/09 23:48:36 Job submitted from host: <127.0.0.1:9618?addrs=127.0.0.1-9618&noUDP&sock=246_5063_4>
    DAG Node: sort_ID0000002
    pool:condorpool
...
001 (042.000.000) 08/09 23:48:38 Job executing on host: <127.0.0.1:9618?addrs=127.0.0.1-9618&noUDP&sock=246_5063_5>
...
001 (040.000.000) 08/09 23:48:39 Job executing on host: <127.0.0.1:9618?addrs=127.0.0.1-9618&noUDP&sock=40374_e2a3_21>
...
001 (041.000.000) 08/09 23:48:39 Job executing on host: <127.0.0.1:9618?addrs=127.0.0.1-9618&noUDP&sock=40374_e2a3_22>
...
005 (042.000.000) 08/09 23:48:40 Job terminated.
	(1) Normal termination (return value 1)
		Usr 0 00:00:00, Sys 0 00:00:00  -  Run Remote Usage
		Usr 0 00:00:00, Sys 0 00:00:00  -  Run Local Usage
		Usr 0 00:00:00, Sys 0 00:00:00  -  Total Remote Usage
		Usr 0 00:00:00, Sys 0 00:00:00  -  Total Local Usage
	8800  -  Run Bytes Sent By Job
	10819707  -  Run Bytes Received By Job
	8800  -  Total Bytes Sent By Job
	10819707  -  Total Bytes Received By Job
	Partitionable Resources :    Usage  Request Allocated 
	   Cpus                 :     0.32        1         1 
	   Disk (KB)            : 64571       12500  25402878 
	   Memory (MB)          :     0           1       996 
...
016 (042.000.000) 08/09 23:48:41 POST Script terminated.
	(1) Normal termination (return value 1)
    DAG Node: sort_ID0000002
...
005 (041.000.000) 08/09 23:48:42 Job terminated.
	(1) Normal termination (return value 0)
		Usr 0 00:00:00, Sys 0 00:00:00  -  Run Remote Usage
		Usr 0 00:00:00, Sys 0 00:00:00  -  Run Local Usage
		Usr 0 00:00:00, Sys 0 00:00:00  -  Total Remote Usage
		Usr 0 00:00:00, Sys 0 00:00:00  -  Total Local Usage
	0  -  Run Bytes Sent By Job
	0  -  Run Bytes Received By Job
	0  -  Total Bytes Sent By Job
	0  -  Total Bytes Received By Job
...
005 (040.000.000) 08/09 23:48:43 Job terminated.
	(1) Normal termination (return value 0)
		Usr 0 00:00:00, Sys 0 00:00:00  -  Run Remote Usage
		Usr 0 00:00:00, Sys 0 00:00:00  -  Run Local Usage
		Usr 0 00:00:00, Sys 0 00:00:00  -  Total Remote Usage
		Usr 0 00:00:00, Sys 0 00:00:00  -  Total Local Usage
	0  -  Run Bytes Sent By Job
	0  -  Run Bytes Received By Job
	0  -  Total Bytes Sent By Job
	0  -  Total Bytes Received By Job
...
016 (040.000.000) 08/09 23:48:47 POST Script terminated.
	(1) Normal termination (return value 0)
    DAG Node: clean_up_local_level_3_0
...
016 (041.000.000) 08/09 23:48:47 POST Script terminated.
	(1) Normal termination (return value 0)
    DAG Node: stage_out_local_local_0_0
...
000 (043.000.000) 08/09 23:48:51 Job submitted from host: <127.0.0.1:9618?addrs=127.0.0.1-9618&noUDP&sock=246_5063_4>
    DAG Node: sort_ID0000002
    pool:condorpool
...
001 (043.000.000) 08/09 23:48:53 Job executing on host: <127.0.0.1:9618?addrs=127.0.0.1-9618&noUDP&sock=246_5063_5>
...
005 (043.000.000) 08/09 23:48:55 Job terminated.
	(1) Normal termination (return value 1)
		Usr 0 00:00:00, Sys 0 00:00:00  -  Run Remote Usage
		Usr 0 00:00:00, Sys 0 00:00:00  -  Run Local Usage
		Usr 0 00:00:00, Sys 0 00:00:00  -  Total Remote Usage
		Usr 0 00:00:00, Sys 0 00:00:00  -  Total Local Usage
	8797  -  Run Bytes Sent By Job
	10819707  -  Run Bytes Received By Job
	8797  -  Total Bytes Sent By Job
	10819707  -  Total Bytes Received By Job
	Partitionable Resources :    Usage  Request Allocated 
	   Cpus                 :     0.31        1         1 
	   Disk (KB)            : 64571       12500  25402878 
	   Memory (MB)          :     0           1       996 
...
000 (044.000.000) 08/09 23:48:56 Job submitted from host: <127.0.0.1:9618?addrs=127.0.0.1-9618&noUDP&sock=246_5063_4>
    DAG Node: register_local_0_0
    pool:local
...
016 (043.000.000) 08/09 23:48:57 POST Script terminated.
	(1) Normal termination (return value 1)
    DAG Node: sort_ID0000002
...
001 (044.000.000) 08/09 23:49:00 Job executing on host: <127.0.0.1:9618?addrs=127.0.0.1-9618&noUDP&sock=40374_e2a3_24>
...
005 (044.000.000) 08/09 23:49:05 Job terminated.
	(1) Normal termination (return value 0)
		Usr 0 00:00:00, Sys 0 00:00:00  -  Run Remote Usage
		Usr 0 00:00:00, Sys 0 00:00:00  -  Run Local Usage
		Usr 0 00:00:00, Sys 0 00:00:00  -  Total Remote Usage
		Usr 0 00:00:00, Sys 0 00:00:00  -  Total Local Usage
	0  -  Run Bytes Sent By Job
	0  -  Run Bytes Received By Job
	0  -  Total Bytes Sent By Job
	0  -  Total Bytes Received By Job
...
016 (044.000.000) 08/09 23:49:06 POST Script terminated.
	(1) Normal termination (return value 0)
    DAG Node: register_local_0_0
...
