2020-08-09 23:53:12,938:INFO:pegasus-monitord(58): pegasus-monitord starting - pid 47772 
2020-08-09 23:53:13,001:INFO:pegasus-monitord(455): Final Command line options are: ['-N', 'harry-potter-text-analysis-0.dag.dagman.out']
2020-08-09 23:53:13,077:INFO:Pegasus.monitoring.event_output(629): Connecting workflow event sink to sqlite:////home/scitech/shared-data/sample-text-analysis-wf/scitech/pegasus/harry-potter-text-analysis/run0004/harry-potter-text-analysis-0.stampede.db
Created Pegasus database in: sqlite:////home/scitech/shared-data/sample-text-analysis-wf/scitech/pegasus/harry-potter-text-analysis/run0004/harry-potter-text-analysis-0.stampede.db
Your database is compatible with Pegasus version: 5.0.0dev
2020-08-09 23:53:14,803:INFO:Pegasus.monitoring.event_output(703): output type=DB namespace=stampede. name=sqlite:////home/scitech/shared-data/sample-text-analysis-wf/scitech/pegasus/harry-potter-text-analysis/run0004/harry-potter-text-analysis-0.stampede.db
2020-08-09 23:53:14,804:INFO:Pegasus.monitoring.event_output(629): Connecting workflow event sink to sqlite:////home/scitech/.pegasus/workflow.db
Your database is compatible with Pegasus version: 5.0.0dev
2020-08-09 23:53:15,572:INFO:Pegasus.monitoring.event_output(703): output type=DB namespace=dashboard. name=sqlite:////home/scitech/.pegasus/workflow.db
2020-08-09 23:53:15,573:INFO:pegasus-monitord(1247): monitord started in fast start mode
2020-08-09 23:53:15,604:INFO:Pegasus.monitoring.workflow(461): cannot open state file /home/scitech/shared-data/sample-text-analysis-wf/scitech/pegasus/harry-potter-text-analysis/run0004/monitord.info, continuing without state...
2020-08-09 23:53:15,605:INFO:Pegasus.monitoring.workflow(1148): creating new file /home/scitech/shared-data/sample-text-analysis-wf/scitech/pegasus/harry-potter-text-analysis/run0004/jobstate.log
2020-08-09 23:53:15,606:INFO:Pegasus.monitoring.workflow(1158): Appending to existing jobstate.log replay_mode 0 previous_processed_line 0
2020-08-09 23:53:15,609:INFO:Pegasus.monitoring.notifications(474): loading notifications from /home/scitech/shared-data/sample-text-analysis-wf/scitech/pegasus/harry-potter-text-analysis/run0004/harry-potter-text-analysis-0.notify
2020-08-09 23:53:15,972:INFO:Pegasus.monitoring.workflow(205): Parsing DAG file /home/scitech/shared-data/sample-text-analysis-wf/scitech/pegasus/harry-potter-text-analysis/run0004/harry-potter-text-analysis-0.dag
2020-08-09 23:53:15,980:INFO:pegasus-monitord(974): Using DAGMan version 8.8.9 80809
2020-08-09 23:53:15,980:INFO:pegasus-monitord(949): DAGMan runs at pid 47771
2020-08-09 23:53:15,984:INFO:pegasus-monitord(955): using dag harry-potter-text-analysis-0.dag
2020-08-09 23:53:15,985:INFO:Pegasus.monitoring.workflow(811): DAGMan starting with condor id 45.0
2020-08-09 23:54:50,510:INFO:Pegasus.monitoring.workflow(2467): Populating locations corresponding to succeeded registration job  /home/scitech/shared-data/sample-text-analysis-wf/scitech/pegasus/harry-potter-text-analysis/run0004/00/00/register_local_0_0.in 
2020-08-09 23:54:50,524:INFO:pegasus-monitord(927): DAGMan harry-potter-text-analysis-0.dag finished with exit code 1
2020-08-09 23:54:51,556:INFO:pegasus-monitord(1427): workflow /home/scitech/shared-data/sample-text-analysis-wf/scitech/pegasus/harry-potter-text-analysis/run0004/harry-potter-text-analysis-0.dag.dagman.out ended
2020-08-09 23:54:51,567:INFO:Pegasus.monitoring.workflow(1377): recovery file deleted: /home/scitech/shared-data/sample-text-analysis-wf/scitech/pegasus/harry-potter-text-analysis/run0004/monitord.recover
2020-08-09 23:54:51,573:INFO:pegasus-monitord(1665): finishing workflow: /home/scitech/shared-data/sample-text-analysis-wf/scitech/pegasus/harry-potter-text-analysis/run0004/harry-potter-text-analysis-0.dag.dagman.out
2020-08-09 23:54:51,574:INFO:pegasus-monitord(1719): finishing notifications...
2020-08-09 23:54:51,575:INFO:pegasus-monitord(1727): monitord process 47772 exiting with 0
2020-08-09 23:54:51,576:INFO:pegasus-monitord(197): DB flushing beginning
2020-08-09 23:54:51,577:INFO:Pegasus.db.workflow_loader.WorkflowLoader(1244): Executing final flush
2020-08-09 23:54:51,681:INFO:Pegasus.db.dashboard_loader.DashboardLoader(397): Executing final flush
2020-08-09 23:54:51,682:INFO:pegasus-monitord(213): DB flushing ended
