08/10/20 13:22:21 ******************************************************
08/10/20 13:22:21 ** condor_scheduniv_exec.69.0 (CONDOR_DAGMAN) STARTING UP
08/10/20 13:22:21 ** /usr/bin/condor_dagman
08/10/20 13:22:21 ** SubsystemInfo: name=DAGMAN type=DAGMAN(10) class=DAEMON(1)
08/10/20 13:22:21 ** Configuration: subsystem:DAGMAN local:<NONE> class:DAEMON
08/10/20 13:22:21 ** $CondorVersion: 8.8.9 May 06 2020 BuildID: 503068 PackageID: 8.8.9-1 $
08/10/20 13:22:21 ** $CondorPlatform: x86_64_CentOS7 $
08/10/20 13:22:21 ** PID = 57127
08/10/20 13:22:21 ** Log last touched time unavailable (No such file or directory)
08/10/20 13:22:21 ******************************************************
08/10/20 13:22:21 Using config source: /etc/condor/condor_config
08/10/20 13:22:21 Using local config sources: 
08/10/20 13:22:21    /etc/condor/config.d/00-minicondor
08/10/20 13:22:21    /etc/condor/condor_config.local
08/10/20 13:22:21 config Macros = 81, Sorted = 81, StringBytes = 2291, TablesBytes = 2964
08/10/20 13:22:21 CLASSAD_CACHING is ENABLED
08/10/20 13:22:21 Daemon Log is logging: D_ALWAYS D_ERROR
08/10/20 13:22:21 DaemonCore: No command port requested.
08/10/20 13:22:21 DAGMAN_USE_STRICT setting: 1
08/10/20 13:22:21 DAGMAN_VERBOSITY setting: 3
08/10/20 13:22:21 DAGMAN_DEBUG_CACHE_SIZE setting: 5242880
08/10/20 13:22:21 DAGMAN_DEBUG_CACHE_ENABLE setting: False
08/10/20 13:22:21 DAGMAN_SUBMIT_DELAY setting: 0
08/10/20 13:22:21 DAGMAN_MAX_SUBMIT_ATTEMPTS setting: 6
08/10/20 13:22:21 DAGMAN_STARTUP_CYCLE_DETECT setting: False
08/10/20 13:22:21 DAGMAN_MAX_SUBMITS_PER_INTERVAL setting: 100
08/10/20 13:22:21 DAGMAN_AGGRESSIVE_SUBMIT setting: False
08/10/20 13:22:21 DAGMAN_USER_LOG_SCAN_INTERVAL setting: 5
08/10/20 13:22:21 DAGMAN_QUEUE_UPDATE_INTERVAL setting: 300
08/10/20 13:22:21 DAGMAN_DEFAULT_PRIORITY setting: 0
08/10/20 13:22:21 DAGMAN_SUPPRESS_NOTIFICATION setting: True
08/10/20 13:22:21 allow_events (DAGMAN_ALLOW_EVENTS) setting: 114
08/10/20 13:22:21 DAGMAN_RETRY_SUBMIT_FIRST setting: True
08/10/20 13:22:21 DAGMAN_RETRY_NODE_FIRST setting: False
08/10/20 13:22:21 DAGMAN_MAX_JOBS_IDLE setting: 1000
08/10/20 13:22:21 DAGMAN_MAX_JOBS_SUBMITTED setting: 0
08/10/20 13:22:21 DAGMAN_MAX_PRE_SCRIPTS setting: 20
08/10/20 13:22:21 DAGMAN_MAX_POST_SCRIPTS setting: 20
08/10/20 13:22:21 DAGMAN_MUNGE_NODE_NAMES setting: True
08/10/20 13:22:21 DAGMAN_PROHIBIT_MULTI_JOBS setting: False
08/10/20 13:22:21 DAGMAN_SUBMIT_DEPTH_FIRST setting: False
08/10/20 13:22:21 DAGMAN_ALWAYS_RUN_POST setting: False
08/10/20 13:22:21 DAGMAN_CONDOR_SUBMIT_EXE setting: /usr/bin/condor_submit
08/10/20 13:22:21 DAGMAN_USE_CONDOR_SUBMIT setting: True
08/10/20 13:22:21 DAGMAN_ABORT_DUPLICATES setting: True
08/10/20 13:22:21 DAGMAN_ABORT_ON_SCARY_SUBMIT setting: True
08/10/20 13:22:21 DAGMAN_PENDING_REPORT_INTERVAL setting: 600
08/10/20 13:22:21 DAGMAN_AUTO_RESCUE setting: True
08/10/20 13:22:21 DAGMAN_MAX_RESCUE_NUM setting: 100
08/10/20 13:22:21 DAGMAN_WRITE_PARTIAL_RESCUE setting: True
08/10/20 13:22:21 DAGMAN_DEFAULT_NODE_LOG setting: @(DAG_DIR)/@(DAG_FILE).nodes.log
08/10/20 13:22:21 DAGMAN_GENERATE_SUBDAG_SUBMITS setting: True
08/10/20 13:22:21 DAGMAN_MAX_JOB_HOLDS setting: 100
08/10/20 13:22:21 DAGMAN_HOLD_CLAIM_TIME setting: 20
08/10/20 13:22:21 ALL_DEBUG setting: 
08/10/20 13:22:21 DAGMAN_DEBUG setting: 
08/10/20 13:22:21 DAGMAN_SUPPRESS_JOB_LOGS setting: False
08/10/20 13:22:21 DAGMAN_REMOVE_NODE_JOBS setting: True
08/10/20 13:22:21 argv[0] == "condor_scheduniv_exec.69.0"
08/10/20 13:22:21 argv[1] == "-Lockfile"
08/10/20 13:22:21 argv[2] == "harry-potter-text-analysis-0.dag.lock"
08/10/20 13:22:21 argv[3] == "-AutoRescue"
08/10/20 13:22:21 argv[4] == "1"
08/10/20 13:22:21 argv[5] == "-DoRescueFrom"
08/10/20 13:22:21 argv[6] == "0"
08/10/20 13:22:21 argv[7] == "-Dag"
08/10/20 13:22:21 argv[8] == "harry-potter-text-analysis-0.dag"
08/10/20 13:22:21 argv[9] == "-MaxPost"
08/10/20 13:22:21 argv[10] == "20"
08/10/20 13:22:21 argv[11] == "-Suppress_notification"
08/10/20 13:22:21 argv[12] == "-CsdVersion"
08/10/20 13:22:21 argv[13] == "$CondorVersion: 8.8.9 May 06 2020 BuildID: 503068 PackageID: 8.8.9-1 $"
08/10/20 13:22:21 argv[14] == "-Dagman"
08/10/20 13:22:21 argv[15] == "/bin/condor_dagman"
08/10/20 13:22:21 Workflow batch-name: <harry-potter-text-analysis-0.dag+69>
08/10/20 13:22:21 Workflow accounting_group: <>
08/10/20 13:22:21 Workflow accounting_group_user: <>
08/10/20 13:22:21 Warning: failed to get attribute DAGNodeName
08/10/20 13:22:21 DAGMAN_LOG_ON_NFS_IS_ERROR setting: False
08/10/20 13:22:21 Default node log file is: </home/scitech/shared-data/sample-text-analysis-wf/scitech/pegasus/harry-potter-text-analysis/run0006/./harry-potter-text-analysis-0.dag.nodes.log>
08/10/20 13:22:21 DAG Lockfile will be written to harry-potter-text-analysis-0.dag.lock
08/10/20 13:22:21 DAG Input file is harry-potter-text-analysis-0.dag
08/10/20 13:22:21 Parsing 1 dagfiles
08/10/20 13:22:21 Parsing harry-potter-text-analysis-0.dag ...
08/10/20 13:22:21 Warning:  could not open Pegasus braindump file braindump.txt
08/10/20 13:22:21 Dag contains 19 total jobs
08/10/20 13:22:21 Sleeping for 3 seconds to ensure ProcessId uniqueness
08/10/20 13:22:24 Bootstrapping...
08/10/20 13:22:24 Number of pre-completed nodes: 0
08/10/20 13:22:24 MultiLogFiles: truncating log file /home/scitech/shared-data/sample-text-analysis-wf/scitech/pegasus/harry-potter-text-analysis/run0006/./harry-potter-text-analysis-0.dag.nodes.log
08/10/20 13:22:24 DAG status: 0 (DAG_STATUS_OK)
08/10/20 13:22:24 Of 19 nodes total:
08/10/20 13:22:24  Done     Pre   Queued    Post   Ready   Un-Ready   Failed
08/10/20 13:22:24   ===     ===      ===     ===     ===        ===      ===
08/10/20 13:22:24     0       0        0       0       1         18        0
08/10/20 13:22:24 0 job proc(s) currently held
08/10/20 13:22:24 DAGMan Runtime Statistics: [ EventCycleTimeSum = 0.0; EventCycleTimeCount = 0.0; SleepCycleTimeCount = 0.0; SubmitCycleTimeSum = 0.0; SubmitCycleTimeCount = 0.0; LogProcessCycleTimeSum = 0.0; SleepCycleTimeSum = 0.0; LogProcessCycleTimeCount = 0.0; ]
08/10/20 13:22:24 Registering condor_event_timer...
08/10/20 13:22:25 Submitting HTCondor Node create_dir_harry-potter-text-analysis_0_local job(s)...
08/10/20 13:22:25 Adding a DAGMan workflow log /home/scitech/shared-data/sample-text-analysis-wf/scitech/pegasus/harry-potter-text-analysis/run0006/./harry-potter-text-analysis-0.dag.nodes.log
08/10/20 13:22:25 Masking the events recorded in the DAGMAN workflow log
08/10/20 13:22:25 Mask for workflow log is 0,1,2,4,5,7,9,10,11,12,13,16,17,24,27,35,36
08/10/20 13:22:25 submitting: /usr/bin/condor_submit -a dag_node_name' '=' 'create_dir_harry-potter-text-analysis_0_local -a +DAGManJobId' '=' '69 -a DAGManJobId' '=' '69 -batch-name harry-potter-text-analysis-0.dag+69 -a submit_event_notes' '=' 'DAG' 'Node:' 'create_dir_harry-potter-text-analysis_0_local -a dagman_log' '=' '/home/scitech/shared-data/sample-text-analysis-wf/scitech/pegasus/harry-potter-text-analysis/run0006/./harry-potter-text-analysis-0.dag.nodes.log -a +DAGManNodesMask' '=' '"0,1,2,4,5,7,9,10,11,12,13,16,17,24,27,35,36" -a priority=800 -a +DAGNodeRetry' '=' '0 -a DAG_STATUS' '=' '0 -a FAILED_COUNT' '=' '0 -a +KeepClaimIdle' '=' '20 -a notification' '=' 'never -a +DAGParentNodeNames' '=' '"" 00/00/create_dir_harry-potter-text-analysis_0_local.sub
08/10/20 13:22:25 From submit: Submitting job(s).
08/10/20 13:22:25 From submit: 1 job(s) submitted to cluster 70.
08/10/20 13:22:25 	assigned HTCondor ID (70.0.0)
08/10/20 13:22:25 Just submitted 1 job this cycle...
08/10/20 13:22:25 DAG status: 0 (DAG_STATUS_OK)
08/10/20 13:22:25 Of 19 nodes total:
08/10/20 13:22:25  Done     Pre   Queued    Post   Ready   Un-Ready   Failed
08/10/20 13:22:25   ===     ===      ===     ===     ===        ===      ===
08/10/20 13:22:25     0       0        1       0       0         18        0
08/10/20 13:22:25 0 job proc(s) currently held
08/10/20 13:22:25 DAGMan Runtime Statistics: [ EventCycleTimeCount = 0.0; EventCycleTimeSum = 0.0; LogProcessCycleTimeCount = 0.0; SleepCycleTimeSum = 0.0; LogProcessCycleTimeSum = 0.0; SubmitCycleTimeCount = 1.0; SubmitCycleTimeMax = 0.07796216011047363; SubmitCycleTimeMin = 0.07796216011047363; SubmitCycleTimeAvg = 0.07796216011047363; SubmitCycleTimeStd = 0.07796216011047363; SubmitCycleTimeSum = 0.07796216011047363; SleepCycleTimeCount = 0.0; ]
08/10/20 13:22:30 Currently monitoring 1 HTCondor log file(s)
08/10/20 13:22:30 Reassigning the id of job create_dir_harry-potter-text-analysis_0_local from (70.0.0) to (70.0.0)
08/10/20 13:22:30 Event: ULOG_SUBMIT for HTCondor Node create_dir_harry-potter-text-analysis_0_local (70.0.0) {08/10/20 13:22:25}
08/10/20 13:22:30 Number of idle job procs: 1
08/10/20 13:22:30 Event: ULOG_EXECUTE for HTCondor Node create_dir_harry-potter-text-analysis_0_local (70.0.0) {08/10/20 13:22:26}
08/10/20 13:22:30 Number of idle job procs: 0
08/10/20 13:22:30 Event: ULOG_JOB_TERMINATED for HTCondor Node create_dir_harry-potter-text-analysis_0_local (70.0.0) {08/10/20 13:22:28}
08/10/20 13:22:30 Number of idle job procs: 0
08/10/20 13:22:30 Node create_dir_harry-potter-text-analysis_0_local job proc (70.0.0) completed successfully.
08/10/20 13:22:30 Node create_dir_harry-potter-text-analysis_0_local job completed
08/10/20 13:22:30 Running POST script of Node create_dir_harry-potter-text-analysis_0_local...
08/10/20 13:22:30 Warning: mysin has length 0 (ignore if produced by DAGMan; see gittrac #4987, #5031)
08/10/20 13:22:30 DAG status: 0 (DAG_STATUS_OK)
08/10/20 13:22:30 Of 19 nodes total:
08/10/20 13:22:30  Done     Pre   Queued    Post   Ready   Un-Ready   Failed
08/10/20 13:22:30   ===     ===      ===     ===     ===        ===      ===
08/10/20 13:22:30     0       0        0       1       0         18        0
08/10/20 13:22:30 0 job proc(s) currently held
08/10/20 13:22:30 DAGMan Runtime Statistics: [ EventCycleTimeStd = 0.0853428840637207; EventCycleTimeMax = 0.0853428840637207; SubmitCycleTimeMin = 0.00114893913269043; SubmitCycleTimeAvg = 0.03955554962158203; SleepCycleTimeCount = 1.0; SubmitCycleTimeCount = 2.0; SubmitCycleTimeMax = 0.07796216011047363; SleepCycleTimeMin = 5.005726099014282; SubmitCycleTimeSum = 0.07911109924316406; LogProcessCycleTimeStd = 0.02717804908752441; SubmitCycleTimeStd = 0.05431514943817127; LogProcessCycleTimeAvg = 0.02717804908752441; EventCycleTimeMin = 0.0853428840637207; LogProcessCycleTimeMax = 0.02717804908752441; LogProcessCycleTimeMin = 0.02717804908752441; LogProcessCycleTimeSum = 0.02717804908752441; LogProcessCycleTimeCount = 1.0; EventCycleTimeSum = 0.0853428840637207; SleepCycleTimeSum = 5.005726099014282; SleepCycleTimeAvg = 5.005726099014282; SleepCycleTimeStd = 5.005726099014282; SleepCycleTimeMax = 5.005726099014282; EventCycleTimeCount = 1.0; EventCycleTimeAvg = 0.0853428840637207; ]
08/10/20 13:22:31 Initializing user log writer for /home/scitech/shared-data/sample-text-analysis-wf/scitech/pegasus/harry-potter-text-analysis/run0006/./harry-potter-text-analysis-0.dag.nodes.log, (70.0.0)
08/10/20 13:22:35 Currently monitoring 1 HTCondor log file(s)
08/10/20 13:22:35 Event: ULOG_POST_SCRIPT_TERMINATED for HTCondor Node create_dir_harry-potter-text-analysis_0_local (70.0.0) {08/10/20 13:22:31}
08/10/20 13:22:35 POST Script of node create_dir_harry-potter-text-analysis_0_local completed successfully.
08/10/20 13:22:35 DAG status: 0 (DAG_STATUS_OK)
08/10/20 13:22:35 Of 19 nodes total:
08/10/20 13:22:35  Done     Pre   Queued    Post   Ready   Un-Ready   Failed
08/10/20 13:22:35   ===     ===      ===     ===     ===        ===      ===
08/10/20 13:22:35     1       0        0       0       4         14        0
08/10/20 13:22:35 0 job proc(s) currently held
08/10/20 13:22:35 DAGMan Runtime Statistics: [ EventCycleTimeStd = 0.03296810784219153; EventCycleTimeMax = 0.0853428840637207; SubmitCycleTimeMin = 0.001054048538208008; SubmitCycleTimeAvg = 0.02672171592712402; SleepCycleTimeCount = 2.0; SubmitCycleTimeCount = 3.0; SubmitCycleTimeMax = 0.07796216011047363; SleepCycleTimeMin = 4.409738063812256; SubmitCycleTimeSum = 0.08016514778137207; LogProcessCycleTimeStd = 0.01174919266568491; SubmitCycleTimeStd = 0.04437555172768509; LogProcessCycleTimeAvg = 0.01887011528015137; EventCycleTimeMin = 0.03871893882751465; LogProcessCycleTimeMax = 0.02717804908752441; LogProcessCycleTimeMin = 0.01056218147277832; LogProcessCycleTimeSum = 0.03774023056030273; LogProcessCycleTimeCount = 2.0; EventCycleTimeSum = 0.1240618228912354; SleepCycleTimeSum = 9.415464162826538; SleepCycleTimeAvg = 4.707732081413269; SleepCycleTimeStd = 0.4214271811973996; SleepCycleTimeMax = 5.005726099014282; EventCycleTimeCount = 2.0; EventCycleTimeAvg = 0.06203091144561768; ]
08/10/20 13:22:40 Submitting HTCondor Node stage_in_remote_local_2_0 job(s)...
08/10/20 13:22:40 Adding a DAGMan workflow log /home/scitech/shared-data/sample-text-analysis-wf/scitech/pegasus/harry-potter-text-analysis/run0006/./harry-potter-text-analysis-0.dag.nodes.log
08/10/20 13:22:40 Masking the events recorded in the DAGMAN workflow log
08/10/20 13:22:40 Mask for workflow log is 0,1,2,4,5,7,9,10,11,12,13,16,17,24,27,35,36
08/10/20 13:22:40 submitting: /usr/bin/condor_submit -a dag_node_name' '=' 'stage_in_remote_local_2_0 -a +DAGManJobId' '=' '69 -a DAGManJobId' '=' '69 -batch-name harry-potter-text-analysis-0.dag+69 -a submit_event_notes' '=' 'DAG' 'Node:' 'stage_in_remote_local_2_0 -a dagman_log' '=' '/home/scitech/shared-data/sample-text-analysis-wf/scitech/pegasus/harry-potter-text-analysis/run0006/./harry-potter-text-analysis-0.dag.nodes.log -a +DAGManNodesMask' '=' '"0,1,2,4,5,7,9,10,11,12,13,16,17,24,27,35,36" -a priority=700 -a +DAGNodeRetry' '=' '0 -a DAG_STATUS' '=' '0 -a FAILED_COUNT' '=' '0 -a +KeepClaimIdle' '=' '20 -a notification' '=' 'never -a +DAGParentNodeNames' '=' '"create_dir_harry-potter-text-analysis_0_local" 00/00/stage_in_remote_local_2_0.sub
08/10/20 13:22:40 From submit: Submitting job(s).
08/10/20 13:22:40 From submit: 1 job(s) submitted to cluster 71.
08/10/20 13:22:40 	assigned HTCondor ID (71.0.0)
08/10/20 13:22:40 Submitting HTCondor Node stage_in_remote_local_1_0 job(s)...
08/10/20 13:22:40 Adding a DAGMan workflow log /home/scitech/shared-data/sample-text-analysis-wf/scitech/pegasus/harry-potter-text-analysis/run0006/./harry-potter-text-analysis-0.dag.nodes.log
08/10/20 13:22:40 Masking the events recorded in the DAGMAN workflow log
08/10/20 13:22:40 Mask for workflow log is 0,1,2,4,5,7,9,10,11,12,13,16,17,24,27,35,36
08/10/20 13:22:40 submitting: /usr/bin/condor_submit -a dag_node_name' '=' 'stage_in_remote_local_1_0 -a +DAGManJobId' '=' '69 -a DAGManJobId' '=' '69 -batch-name harry-potter-text-analysis-0.dag+69 -a submit_event_notes' '=' 'DAG' 'Node:' 'stage_in_remote_local_1_0 -a dagman_log' '=' '/home/scitech/shared-data/sample-text-analysis-wf/scitech/pegasus/harry-potter-text-analysis/run0006/./harry-potter-text-analysis-0.dag.nodes.log -a +DAGManNodesMask' '=' '"0,1,2,4,5,7,9,10,11,12,13,16,17,24,27,35,36" -a priority=700 -a +DAGNodeRetry' '=' '0 -a DAG_STATUS' '=' '0 -a FAILED_COUNT' '=' '0 -a +KeepClaimIdle' '=' '20 -a notification' '=' 'never -a +DAGParentNodeNames' '=' '"create_dir_harry-potter-text-analysis_0_local" 00/00/stage_in_remote_local_1_0.sub
08/10/20 13:22:40 From submit: Submitting job(s).
08/10/20 13:22:40 From submit: 1 job(s) submitted to cluster 72.
08/10/20 13:22:40 	assigned HTCondor ID (72.0.0)
08/10/20 13:22:40 Submitting HTCondor Node stage_in_remote_local_0_0 job(s)...
08/10/20 13:22:40 Adding a DAGMan workflow log /home/scitech/shared-data/sample-text-analysis-wf/scitech/pegasus/harry-potter-text-analysis/run0006/./harry-potter-text-analysis-0.dag.nodes.log
08/10/20 13:22:40 Masking the events recorded in the DAGMAN workflow log
08/10/20 13:22:40 Mask for workflow log is 0,1,2,4,5,7,9,10,11,12,13,16,17,24,27,35,36
08/10/20 13:22:40 submitting: /usr/bin/condor_submit -a dag_node_name' '=' 'stage_in_remote_local_0_0 -a +DAGManJobId' '=' '69 -a DAGManJobId' '=' '69 -batch-name harry-potter-text-analysis-0.dag+69 -a submit_event_notes' '=' 'DAG' 'Node:' 'stage_in_remote_local_0_0 -a dagman_log' '=' '/home/scitech/shared-data/sample-text-analysis-wf/scitech/pegasus/harry-potter-text-analysis/run0006/./harry-potter-text-analysis-0.dag.nodes.log -a +DAGManNodesMask' '=' '"0,1,2,4,5,7,9,10,11,12,13,16,17,24,27,35,36" -a priority=700 -a +DAGNodeRetry' '=' '0 -a DAG_STATUS' '=' '0 -a FAILED_COUNT' '=' '0 -a +KeepClaimIdle' '=' '20 -a notification' '=' 'never -a +DAGParentNodeNames' '=' '"create_dir_harry-potter-text-analysis_0_local" 00/00/stage_in_remote_local_0_0.sub
08/10/20 13:22:40 From submit: Submitting job(s).
08/10/20 13:22:40 From submit: 1 job(s) submitted to cluster 73.
08/10/20 13:22:40 	assigned HTCondor ID (73.0.0)
08/10/20 13:22:40 Submitting HTCondor Node stage_in_local_local_0_0 job(s)...
08/10/20 13:22:40 Adding a DAGMan workflow log /home/scitech/shared-data/sample-text-analysis-wf/scitech/pegasus/harry-potter-text-analysis/run0006/./harry-potter-text-analysis-0.dag.nodes.log
08/10/20 13:22:40 Masking the events recorded in the DAGMAN workflow log
08/10/20 13:22:40 Mask for workflow log is 0,1,2,4,5,7,9,10,11,12,13,16,17,24,27,35,36
08/10/20 13:22:40 submitting: /usr/bin/condor_submit -a dag_node_name' '=' 'stage_in_local_local_0_0 -a +DAGManJobId' '=' '69 -a DAGManJobId' '=' '69 -batch-name harry-potter-text-analysis-0.dag+69 -a submit_event_notes' '=' 'DAG' 'Node:' 'stage_in_local_local_0_0 -a dagman_log' '=' '/home/scitech/shared-data/sample-text-analysis-wf/scitech/pegasus/harry-potter-text-analysis/run0006/./harry-potter-text-analysis-0.dag.nodes.log -a +DAGManNodesMask' '=' '"0,1,2,4,5,7,9,10,11,12,13,16,17,24,27,35,36" -a priority=700 -a +DAGNodeRetry' '=' '0 -a DAG_STATUS' '=' '0 -a FAILED_COUNT' '=' '0 -a +KeepClaimIdle' '=' '20 -a notification' '=' 'never -a +DAGParentNodeNames' '=' '"create_dir_harry-potter-text-analysis_0_local" 00/00/stage_in_local_local_0_0.sub
08/10/20 13:22:40 From submit: Submitting job(s).
08/10/20 13:22:40 From submit: 1 job(s) submitted to cluster 74.
08/10/20 13:22:40 	assigned HTCondor ID (74.0.0)
08/10/20 13:22:40 Just submitted 4 jobs this cycle...
08/10/20 13:22:40 DAG status: 0 (DAG_STATUS_OK)
08/10/20 13:22:40 Of 19 nodes total:
08/10/20 13:22:40  Done     Pre   Queued    Post   Ready   Un-Ready   Failed
08/10/20 13:22:40   ===     ===      ===     ===     ===        ===      ===
08/10/20 13:22:40     1       0        4       0       0         14        0
08/10/20 13:22:40 0 job proc(s) currently held
08/10/20 13:22:40 DAGMan Runtime Statistics: [ EventCycleTimeStd = 0.03210414119943553; EventCycleTimeMax = 0.0853428840637207; SubmitCycleTimeMin = 0.001054048538208008; SubmitCycleTimeAvg = 0.08930104970932007; SleepCycleTimeCount = 3.0; SubmitCycleTimeCount = 4.0; SubmitCycleTimeMax = 0.2770390510559082; SleepCycleTimeMin = 4.409738063812256; SubmitCycleTimeSum = 0.3572041988372803; LogProcessCycleTimeStd = 0.01174919266568491; SubmitCycleTimeStd = 0.1302976789020113; LogProcessCycleTimeAvg = 0.01887011528015137; EventCycleTimeMin = 0.02379894256591797; LogProcessCycleTimeMax = 0.02717804908752441; LogProcessCycleTimeMin = 0.01056218147277832; LogProcessCycleTimeSum = 0.03774023056030273; LogProcessCycleTimeCount = 2.0; EventCycleTimeSum = 0.1478607654571533; SleepCycleTimeSum = 14.38607406616211; SleepCycleTimeAvg = 4.795358022054036; SleepCycleTimeStd = 0.3344179285647425; SleepCycleTimeMax = 5.005726099014282; EventCycleTimeCount = 3.0; EventCycleTimeAvg = 0.04928692181905111; ]
08/10/20 13:22:45 Currently monitoring 1 HTCondor log file(s)
08/10/20 13:22:45 Reassigning the id of job stage_in_remote_local_2_0 from (71.0.0) to (71.0.0)
08/10/20 13:22:45 Event: ULOG_SUBMIT for HTCondor Node stage_in_remote_local_2_0 (71.0.0) {08/10/20 13:22:40}
08/10/20 13:22:45 Number of idle job procs: 1
08/10/20 13:22:45 Reassigning the id of job stage_in_remote_local_1_0 from (72.0.0) to (72.0.0)
08/10/20 13:22:45 Event: ULOG_SUBMIT for HTCondor Node stage_in_remote_local_1_0 (72.0.0) {08/10/20 13:22:40}
08/10/20 13:22:45 Number of idle job procs: 2
08/10/20 13:22:45 Reassigning the id of job stage_in_remote_local_0_0 from (73.0.0) to (73.0.0)
08/10/20 13:22:45 Event: ULOG_SUBMIT for HTCondor Node stage_in_remote_local_0_0 (73.0.0) {08/10/20 13:22:40}
08/10/20 13:22:45 Number of idle job procs: 3
08/10/20 13:22:45 Reassigning the id of job stage_in_local_local_0_0 from (74.0.0) to (74.0.0)
08/10/20 13:22:45 Event: ULOG_SUBMIT for HTCondor Node stage_in_local_local_0_0 (74.0.0) {08/10/20 13:22:40}
08/10/20 13:22:45 Number of idle job procs: 4
08/10/20 13:22:45 Event: ULOG_EXECUTE for HTCondor Node stage_in_remote_local_1_0 (72.0.0) {08/10/20 13:22:41}
08/10/20 13:22:45 Number of idle job procs: 3
08/10/20 13:22:45 Event: ULOG_EXECUTE for HTCondor Node stage_in_local_local_0_0 (74.0.0) {08/10/20 13:22:41}
08/10/20 13:22:45 Number of idle job procs: 2
08/10/20 13:22:45 Event: ULOG_EXECUTE for HTCondor Node stage_in_remote_local_0_0 (73.0.0) {08/10/20 13:22:42}
08/10/20 13:22:45 Number of idle job procs: 1
08/10/20 13:22:45 Event: ULOG_EXECUTE for HTCondor Node stage_in_remote_local_2_0 (71.0.0) {08/10/20 13:22:42}
08/10/20 13:22:45 Number of idle job procs: 0
08/10/20 13:22:45 Event: ULOG_JOB_TERMINATED for HTCondor Node stage_in_local_local_0_0 (74.0.0) {08/10/20 13:22:44}
08/10/20 13:22:45 Number of idle job procs: 0
08/10/20 13:22:45 Node stage_in_local_local_0_0 job proc (74.0.0) completed successfully.
08/10/20 13:22:45 Node stage_in_local_local_0_0 job completed
08/10/20 13:22:45 Running POST script of Node stage_in_local_local_0_0...
08/10/20 13:22:45 Warning: mysin has length 0 (ignore if produced by DAGMan; see gittrac #4987, #5031)
08/10/20 13:22:45 Event: ULOG_JOB_TERMINATED for HTCondor Node stage_in_remote_local_0_0 (73.0.0) {08/10/20 13:22:45}
08/10/20 13:22:45 Number of idle job procs: 0
08/10/20 13:22:45 Node stage_in_remote_local_0_0 job proc (73.0.0) completed successfully.
08/10/20 13:22:45 Node stage_in_remote_local_0_0 job completed
08/10/20 13:22:45 Running POST script of Node stage_in_remote_local_0_0...
08/10/20 13:22:45 Warning: mysin has length 0 (ignore if produced by DAGMan; see gittrac #4987, #5031)
08/10/20 13:22:45 Event: ULOG_JOB_TERMINATED for HTCondor Node stage_in_remote_local_2_0 (71.0.0) {08/10/20 13:22:45}
08/10/20 13:22:45 Number of idle job procs: 0
08/10/20 13:22:45 Node stage_in_remote_local_2_0 job proc (71.0.0) completed successfully.
08/10/20 13:22:45 Node stage_in_remote_local_2_0 job completed
08/10/20 13:22:45 Running POST script of Node stage_in_remote_local_2_0...
08/10/20 13:22:45 Warning: mysin has length 0 (ignore if produced by DAGMan; see gittrac #4987, #5031)
08/10/20 13:22:45 Event: ULOG_JOB_TERMINATED for HTCondor Node stage_in_remote_local_1_0 (72.0.0) {08/10/20 13:22:45}
08/10/20 13:22:45 Number of idle job procs: 0
08/10/20 13:22:45 Node stage_in_remote_local_1_0 job proc (72.0.0) completed successfully.
08/10/20 13:22:45 Node stage_in_remote_local_1_0 job completed
08/10/20 13:22:45 Running POST script of Node stage_in_remote_local_1_0...
08/10/20 13:22:45 Warning: mysin has length 0 (ignore if produced by DAGMan; see gittrac #4987, #5031)
08/10/20 13:22:45 DAG status: 0 (DAG_STATUS_OK)
08/10/20 13:22:45 Of 19 nodes total:
08/10/20 13:22:45  Done     Pre   Queued    Post   Ready   Un-Ready   Failed
08/10/20 13:22:45   ===     ===      ===     ===     ===        ===      ===
08/10/20 13:22:45     1       0        0       4       0         14        0
08/10/20 13:22:45 0 job proc(s) currently held
08/10/20 13:22:45 DAGMan Runtime Statistics: [ EventCycleTimeStd = 0.1223696049422974; EventCycleTimeMax = 0.2883450984954834; SubmitCycleTimeMin = 0.0008649826049804688; SubmitCycleTimeAvg = 0.07161383628845215; SleepCycleTimeCount = 4.0; SubmitCycleTimeCount = 5.0; SubmitCycleTimeMax = 0.2770390510559082; SleepCycleTimeMin = 4.409738063812256; SubmitCycleTimeSum = 0.3580691814422607; LogProcessCycleTimeStd = 0.05445572270740972; SubmitCycleTimeStd = 0.1195713236458282; LogProcessCycleTimeAvg = 0.0499420960744222; EventCycleTimeMin = 0.02379894256591797; LogProcessCycleTimeMax = 0.1120860576629639; LogProcessCycleTimeMin = 0.01056218147277832; LogProcessCycleTimeSum = 0.1498262882232666; LogProcessCycleTimeCount = 3.0; EventCycleTimeSum = 0.4362058639526367; SleepCycleTimeSum = 19.39341807365417; SleepCycleTimeAvg = 4.848354518413544; SleepCycleTimeStd = 0.2929017158295372; SleepCycleTimeMax = 5.007344007492065; EventCycleTimeCount = 4.0; EventCycleTimeAvg = 0.1090514659881592; ]
08/10/20 13:22:46 Initializing user log writer for /home/scitech/shared-data/sample-text-analysis-wf/scitech/pegasus/harry-potter-text-analysis/run0006/./harry-potter-text-analysis-0.dag.nodes.log, (71.0.0)
08/10/20 13:22:46 Initializing user log writer for /home/scitech/shared-data/sample-text-analysis-wf/scitech/pegasus/harry-potter-text-analysis/run0006/./harry-potter-text-analysis-0.dag.nodes.log, (74.0.0)
08/10/20 13:22:46 Initializing user log writer for /home/scitech/shared-data/sample-text-analysis-wf/scitech/pegasus/harry-potter-text-analysis/run0006/./harry-potter-text-analysis-0.dag.nodes.log, (73.0.0)
08/10/20 13:22:46 Initializing user log writer for /home/scitech/shared-data/sample-text-analysis-wf/scitech/pegasus/harry-potter-text-analysis/run0006/./harry-potter-text-analysis-0.dag.nodes.log, (72.0.0)
08/10/20 13:22:50 Currently monitoring 1 HTCondor log file(s)
08/10/20 13:22:50 Event: ULOG_POST_SCRIPT_TERMINATED for HTCondor Node stage_in_remote_local_2_0 (71.0.0) {08/10/20 13:22:46}
08/10/20 13:22:50 POST Script of node stage_in_remote_local_2_0 completed successfully.
08/10/20 13:22:50 Event: ULOG_POST_SCRIPT_TERMINATED for HTCondor Node stage_in_local_local_0_0 (74.0.0) {08/10/20 13:22:46}
08/10/20 13:22:50 POST Script of node stage_in_local_local_0_0 completed successfully.
08/10/20 13:22:50 Event: ULOG_POST_SCRIPT_TERMINATED for HTCondor Node stage_in_remote_local_0_0 (73.0.0) {08/10/20 13:22:46}
08/10/20 13:22:50 POST Script of node stage_in_remote_local_0_0 completed successfully.
08/10/20 13:22:50 Event: ULOG_POST_SCRIPT_TERMINATED for HTCondor Node stage_in_remote_local_1_0 (72.0.0) {08/10/20 13:22:46}
08/10/20 13:22:50 POST Script of node stage_in_remote_local_1_0 completed successfully.
08/10/20 13:22:50 DAG status: 0 (DAG_STATUS_OK)
08/10/20 13:22:50 Of 19 nodes total:
08/10/20 13:22:50  Done     Pre   Queued    Post   Ready   Un-Ready   Failed
08/10/20 13:22:50   ===     ===      ===     ===     ===        ===      ===
08/10/20 13:22:50     5       0        0       0       1         13        0
08/10/20 13:22:50 0 job proc(s) currently held
08/10/20 13:22:50 DAGMan Runtime Statistics: [ EventCycleTimeStd = 0.1061477979389512; EventCycleTimeMax = 0.2883450984954834; SubmitCycleTimeMin = 0.0008649826049804688; SubmitCycleTimeAvg = 0.05994319915771484; SleepCycleTimeCount = 5.0; SubmitCycleTimeCount = 6.0; SubmitCycleTimeMax = 0.2770390510559082; SleepCycleTimeMin = 4.409738063812256; SubmitCycleTimeSum = 0.3596591949462891; LogProcessCycleTimeStd = 0.04599387850346465; SubmitCycleTimeStd = 0.1107025915548339; LogProcessCycleTimeAvg = 0.04405808448791504; EventCycleTimeMin = 0.02379894256591797; LogProcessCycleTimeMax = 0.1120860576629639; LogProcessCycleTimeMin = 0.01056218147277832; LogProcessCycleTimeSum = 0.1762323379516602; LogProcessCycleTimeCount = 4.0; EventCycleTimeSum = 0.5587878227233887; SleepCycleTimeSum = 24.7141170501709; SleepCycleTimeAvg = 4.94282341003418; SleepCycleTimeStd = 0.3300991044702675; SleepCycleTimeMax = 5.320698976516724; EventCycleTimeCount = 5.0; EventCycleTimeAvg = 0.1117575645446777; ]
08/10/20 13:22:55 Submitting HTCondor Node word_count_ID0000001 job(s)...
08/10/20 13:22:55 Adding a DAGMan workflow log /home/scitech/shared-data/sample-text-analysis-wf/scitech/pegasus/harry-potter-text-analysis/run0006/./harry-potter-text-analysis-0.dag.nodes.log
08/10/20 13:22:55 Masking the events recorded in the DAGMAN workflow log
08/10/20 13:22:55 Mask for workflow log is 0,1,2,4,5,7,9,10,11,12,13,16,17,24,27,35,36
08/10/20 13:22:55 submitting: /usr/bin/condor_submit -a dag_node_name' '=' 'word_count_ID0000001 -a +DAGManJobId' '=' '69 -a DAGManJobId' '=' '69 -batch-name harry-potter-text-analysis-0.dag+69 -a submit_event_notes' '=' 'DAG' 'Node:' 'word_count_ID0000001 -a dagman_log' '=' '/home/scitech/shared-data/sample-text-analysis-wf/scitech/pegasus/harry-potter-text-analysis/run0006/./harry-potter-text-analysis-0.dag.nodes.log -a +DAGManNodesMask' '=' '"0,1,2,4,5,7,9,10,11,12,13,16,17,24,27,35,36" -a priority=20 -a +DAGNodeRetry' '=' '0 -a DAG_STATUS' '=' '0 -a FAILED_COUNT' '=' '0 -a +KeepClaimIdle' '=' '20 -a notification' '=' 'never -a +DAGParentNodeNames' '=' '"stage_in_remote_local_0_0,stage_in_local_local_0_0" 00/00/word_count_ID0000001.sub
08/10/20 13:22:55 From submit: Submitting job(s).
08/10/20 13:22:55 From submit: 1 job(s) submitted to cluster 75.
08/10/20 13:22:55 	assigned HTCondor ID (75.0.0)
08/10/20 13:22:55 Just submitted 1 job this cycle...
08/10/20 13:22:55 DAG status: 0 (DAG_STATUS_OK)
08/10/20 13:22:55 Of 19 nodes total:
08/10/20 13:22:55  Done     Pre   Queued    Post   Ready   Un-Ready   Failed
08/10/20 13:22:55   ===     ===      ===     ===     ===        ===      ===
08/10/20 13:22:55     5       0        1       0       0         13        0
08/10/20 13:22:55 0 job proc(s) currently held
08/10/20 13:22:55 DAGMan Runtime Statistics: [ EventCycleTimeStd = 0.09960236203985964; EventCycleTimeMax = 0.2883450984954834; SubmitCycleTimeMin = 0.0008649826049804688; SubmitCycleTimeAvg = 0.06615001814705986; SleepCycleTimeCount = 6.0; SubmitCycleTimeCount = 7.0; SubmitCycleTimeMax = 0.2770390510559082; SleepCycleTimeMin = 4.409738063812256; SubmitCycleTimeSum = 0.4630501270294189; LogProcessCycleTimeStd = 0.04599387850346465; SubmitCycleTimeStd = 0.1023827395669265; LogProcessCycleTimeAvg = 0.04405808448791504; EventCycleTimeMin = 0.02379894256591797; LogProcessCycleTimeMax = 0.1120860576629639; LogProcessCycleTimeMin = 0.01056218147277832; LogProcessCycleTimeSum = 0.1762323379516602; LogProcessCycleTimeCount = 4.0; EventCycleTimeSum = 0.5967857837677002; SleepCycleTimeSum = 29.72220420837402; SleepCycleTimeAvg = 4.953700701395671; SleepCycleTimeStd = 0.2964493680577357; SleepCycleTimeMax = 5.320698976516724; EventCycleTimeCount = 6.0; EventCycleTimeAvg = 0.0994642972946167; ]
08/10/20 13:23:00 Currently monitoring 1 HTCondor log file(s)
08/10/20 13:23:00 Reassigning the id of job word_count_ID0000001 from (75.0.0) to (75.0.0)
08/10/20 13:23:00 Event: ULOG_SUBMIT for HTCondor Node word_count_ID0000001 (75.0.0) {08/10/20 13:22:55}
08/10/20 13:23:00 Number of idle job procs: 1
08/10/20 13:23:00 Event: ULOG_EXECUTE for HTCondor Node word_count_ID0000001 (75.0.0) {08/10/20 13:23:00}
08/10/20 13:23:00 Number of idle job procs: 0
08/10/20 13:23:05 Currently monitoring 1 HTCondor log file(s)
08/10/20 13:23:05 Event: ULOG_JOB_TERMINATED for HTCondor Node word_count_ID0000001 (75.0.0) {08/10/20 13:23:02}
08/10/20 13:23:05 Number of idle job procs: 0
08/10/20 13:23:05 Node word_count_ID0000001 job proc (75.0.0) completed successfully.
08/10/20 13:23:05 Node word_count_ID0000001 job completed
08/10/20 13:23:05 Running POST script of Node word_count_ID0000001...
08/10/20 13:23:06 Warning: mysin has length 0 (ignore if produced by DAGMan; see gittrac #4987, #5031)
08/10/20 13:23:06 DAG status: 0 (DAG_STATUS_OK)
08/10/20 13:23:06 Of 19 nodes total:
08/10/20 13:23:06  Done     Pre   Queued    Post   Ready   Un-Ready   Failed
08/10/20 13:23:06   ===     ===      ===     ===     ===        ===      ===
08/10/20 13:23:06     5       0        0       1       0         13        0
08/10/20 13:23:06 0 job proc(s) currently held
08/10/20 13:23:06 DAGMan Runtime Statistics: [ EventCycleTimeStd = 0.09047359426576768; EventCycleTimeMax = 0.2883450984954834; SubmitCycleTimeMin = 0.0002830028533935547; SubmitCycleTimeAvg = 0.05152800348069933; SleepCycleTimeCount = 8.0; SubmitCycleTimeCount = 9.0; SubmitCycleTimeMax = 0.2770390510559082; SleepCycleTimeMin = 4.409738063812256; SubmitCycleTimeSum = 0.4637520313262939; LogProcessCycleTimeStd = 0.03982429339708176; SubmitCycleTimeStd = 0.09329266166079246; LogProcessCycleTimeAvg = 0.03259722391764323; EventCycleTimeMin = 0.008700847625732422; LogProcessCycleTimeMax = 0.1120860576629639; LogProcessCycleTimeMin = 0.00775909423828125; LogProcessCycleTimeSum = 0.1955833435058594; LogProcessCycleTimeCount = 6.0; EventCycleTimeSum = 0.718902587890625; SleepCycleTimeSum = 39.73191332817078; SleepCycleTimeAvg = 4.966489166021347; SleepCycleTimeStd = 0.2516620386718329; SleepCycleTimeMax = 5.320698976516724; EventCycleTimeCount = 8.0; EventCycleTimeAvg = 0.08986282348632812; ]
08/10/20 13:23:06 Initializing user log writer for /home/scitech/shared-data/sample-text-analysis-wf/scitech/pegasus/harry-potter-text-analysis/run0006/./harry-potter-text-analysis-0.dag.nodes.log, (75.0.0)
08/10/20 13:23:11 Currently monitoring 1 HTCondor log file(s)
08/10/20 13:23:11 Event: ULOG_POST_SCRIPT_TERMINATED for HTCondor Node word_count_ID0000001 (75.0.0) {08/10/20 13:23:06}
08/10/20 13:23:11 POST Script of node word_count_ID0000001 completed successfully.
08/10/20 13:23:11 DAG status: 0 (DAG_STATUS_OK)
08/10/20 13:23:11 Of 19 nodes total:
08/10/20 13:23:11  Done     Pre   Queued    Post   Ready   Un-Ready   Failed
08/10/20 13:23:11   ===     ===      ===     ===     ===        ===      ===
08/10/20 13:23:11     6       0        0       0       3         10        0
08/10/20 13:23:11 0 job proc(s) currently held
08/10/20 13:23:11 DAGMan Runtime Statistics: [ EventCycleTimeStd = 0.08801332686577694; EventCycleTimeMax = 0.2883450984954834; SubmitCycleTimeMin = 0.0002830028533935547; SubmitCycleTimeAvg = 0.04647569656372071; SleepCycleTimeCount = 9.0; SubmitCycleTimeCount = 10.0; SubmitCycleTimeMax = 0.2770390510559082; SleepCycleTimeMin = 4.409738063812256; SubmitCycleTimeSum = 0.464756965637207; LogProcessCycleTimeStd = 0.0370531523611233; SubmitCycleTimeStd = 0.08939642562115127; LogProcessCycleTimeAvg = 0.0298903329031808; EventCycleTimeMin = 0.008700847625732422; LogProcessCycleTimeMax = 0.1120860576629639; LogProcessCycleTimeMin = 0.00775909423828125; LogProcessCycleTimeSum = 0.2092323303222656; LogProcessCycleTimeCount = 7.0; EventCycleTimeSum = 0.7362635135650635; SleepCycleTimeSum = 45.22342133522034; SleepCycleTimeAvg = 5.024824592802259; SleepCycleTimeStd = 0.2933330140886056; SleepCycleTimeMax = 5.491508007049561; EventCycleTimeCount = 9.0; EventCycleTimeAvg = 0.08180705706278484; ]
08/10/20 13:23:16 Submitting HTCondor Node clean_up_local_level_3_0 job(s)...
08/10/20 13:23:16 Adding a DAGMan workflow log /home/scitech/shared-data/sample-text-analysis-wf/scitech/pegasus/harry-potter-text-analysis/run0006/./harry-potter-text-analysis-0.dag.nodes.log
08/10/20 13:23:16 Masking the events recorded in the DAGMAN workflow log
08/10/20 13:23:16 Mask for workflow log is 0,1,2,4,5,7,9,10,11,12,13,16,17,24,27,35,36
08/10/20 13:23:16 submitting: /usr/bin/condor_submit -a dag_node_name' '=' 'clean_up_local_level_3_0 -a +DAGManJobId' '=' '69 -a DAGManJobId' '=' '69 -batch-name harry-potter-text-analysis-0.dag+69 -a submit_event_notes' '=' 'DAG' 'Node:' 'clean_up_local_level_3_0 -a dagman_log' '=' '/home/scitech/shared-data/sample-text-analysis-wf/scitech/pegasus/harry-potter-text-analysis/run0006/./harry-potter-text-analysis-0.dag.nodes.log -a +DAGManNodesMask' '=' '"0,1,2,4,5,7,9,10,11,12,13,16,17,24,27,35,36" -a priority=1000 -a +DAGNodeRetry' '=' '0 -a DAG_STATUS' '=' '0 -a FAILED_COUNT' '=' '0 -a +KeepClaimIdle' '=' '20 -a notification' '=' 'never -a +DAGParentNodeNames' '=' '"word_count_ID0000001" 00/00/clean_up_local_level_3_0.sub
08/10/20 13:23:16 From submit: Submitting job(s).
08/10/20 13:23:16 From submit: 1 job(s) submitted to cluster 76.
08/10/20 13:23:16 	assigned HTCondor ID (76.0.0)
08/10/20 13:23:16 Submitting HTCondor Node stage_out_local_local_0_0 job(s)...
08/10/20 13:23:16 Adding a DAGMan workflow log /home/scitech/shared-data/sample-text-analysis-wf/scitech/pegasus/harry-potter-text-analysis/run0006/./harry-potter-text-analysis-0.dag.nodes.log
08/10/20 13:23:16 Masking the events recorded in the DAGMAN workflow log
08/10/20 13:23:16 Mask for workflow log is 0,1,2,4,5,7,9,10,11,12,13,16,17,24,27,35,36
08/10/20 13:23:16 submitting: /usr/bin/condor_submit -a dag_node_name' '=' 'stage_out_local_local_0_0 -a +DAGManJobId' '=' '69 -a DAGManJobId' '=' '69 -batch-name harry-potter-text-analysis-0.dag+69 -a submit_event_notes' '=' 'DAG' 'Node:' 'stage_out_local_local_0_0 -a dagman_log' '=' '/home/scitech/shared-data/sample-text-analysis-wf/scitech/pegasus/harry-potter-text-analysis/run0006/./harry-potter-text-analysis-0.dag.nodes.log -a +DAGManNodesMask' '=' '"0,1,2,4,5,7,9,10,11,12,13,16,17,24,27,35,36" -a priority=900 -a +DAGNodeRetry' '=' '0 -a DAG_STATUS' '=' '0 -a FAILED_COUNT' '=' '0 -a +KeepClaimIdle' '=' '20 -a notification' '=' 'never -a +DAGParentNodeNames' '=' '"word_count_ID0000001" 00/00/stage_out_local_local_0_0.sub
08/10/20 13:23:16 From submit: Submitting job(s).
08/10/20 13:23:16 From submit: 1 job(s) submitted to cluster 77.
08/10/20 13:23:16 	assigned HTCondor ID (77.0.0)
08/10/20 13:23:16 Submitting HTCondor Node sort_ID0000002 job(s)...
08/10/20 13:23:16 Adding a DAGMan workflow log /home/scitech/shared-data/sample-text-analysis-wf/scitech/pegasus/harry-potter-text-analysis/run0006/./harry-potter-text-analysis-0.dag.nodes.log
08/10/20 13:23:16 Masking the events recorded in the DAGMAN workflow log
08/10/20 13:23:16 Mask for workflow log is 0,1,2,4,5,7,9,10,11,12,13,16,17,24,27,35,36
08/10/20 13:23:16 submitting: /usr/bin/condor_submit -a dag_node_name' '=' 'sort_ID0000002 -a +DAGManJobId' '=' '69 -a DAGManJobId' '=' '69 -batch-name harry-potter-text-analysis-0.dag+69 -a submit_event_notes' '=' 'DAG' 'Node:' 'sort_ID0000002 -a dagman_log' '=' '/home/scitech/shared-data/sample-text-analysis-wf/scitech/pegasus/harry-potter-text-analysis/run0006/./harry-potter-text-analysis-0.dag.nodes.log -a +DAGManNodesMask' '=' '"0,1,2,4,5,7,9,10,11,12,13,16,17,24,27,35,36" -a priority=30 -a +DAGNodeRetry' '=' '0 -a DAG_STATUS' '=' '0 -a FAILED_COUNT' '=' '0 -a +KeepClaimIdle' '=' '20 -a notification' '=' 'never -a +DAGParentNodeNames' '=' '"stage_in_remote_local_1_0,word_count_ID0000001" 00/00/sort_ID0000002.sub
08/10/20 13:23:16 From submit: Submitting job(s).
08/10/20 13:23:16 From submit: 1 job(s) submitted to cluster 78.
08/10/20 13:23:16 	assigned HTCondor ID (78.0.0)
08/10/20 13:23:16 Just submitted 3 jobs this cycle...
08/10/20 13:23:16 DAG status: 0 (DAG_STATUS_OK)
08/10/20 13:23:16 Of 19 nodes total:
08/10/20 13:23:16  Done     Pre   Queued    Post   Ready   Un-Ready   Failed
08/10/20 13:23:16   ===     ===      ===     ===     ===        ===      ===
08/10/20 13:23:16     6       0        3       0       0         10        0
08/10/20 13:23:16 0 job proc(s) currently held
08/10/20 13:23:16 DAGMan Runtime Statistics: [ EventCycleTimeStd = 0.08421284145302239; EventCycleTimeMax = 0.2883450984954834; SubmitCycleTimeMin = 0.0002830028533935547; SubmitCycleTimeAvg = 0.06371090628884056; SleepCycleTimeCount = 10.0; SubmitCycleTimeCount = 11.0; SubmitCycleTimeMax = 0.2770390510559082; SleepCycleTimeMin = 4.409738063812256; SubmitCycleTimeSum = 0.7008199691772461; LogProcessCycleTimeStd = 0.0370531523611233; SubmitCycleTimeStd = 0.102274756511134; LogProcessCycleTimeAvg = 0.0298903329031808; EventCycleTimeMin = 0.008700847625732422; LogProcessCycleTimeMax = 0.1120860576629639; LogProcessCycleTimeMin = 0.00775909423828125; LogProcessCycleTimeSum = 0.2092323303222656; LogProcessCycleTimeCount = 7.0; EventCycleTimeSum = 0.7726655006408691; SleepCycleTimeSum = 50.23529148101807; SleepCycleTimeAvg = 5.023529148101806; SleepCycleTimeStd = 0.2765873567372164; SleepCycleTimeMax = 5.491508007049561; EventCycleTimeCount = 10.0; EventCycleTimeAvg = 0.07726655006408692; ]
08/10/20 13:23:21 Currently monitoring 1 HTCondor log file(s)
08/10/20 13:23:21 Reassigning the id of job clean_up_local_level_3_0 from (76.0.0) to (76.0.0)
08/10/20 13:23:21 Event: ULOG_SUBMIT for HTCondor Node clean_up_local_level_3_0 (76.0.0) {08/10/20 13:23:16}
08/10/20 13:23:21 Number of idle job procs: 1
08/10/20 13:23:21 Reassigning the id of job stage_out_local_local_0_0 from (77.0.0) to (77.0.0)
08/10/20 13:23:21 Event: ULOG_SUBMIT for HTCondor Node stage_out_local_local_0_0 (77.0.0) {08/10/20 13:23:16}
08/10/20 13:23:21 Number of idle job procs: 2
08/10/20 13:23:21 Reassigning the id of job sort_ID0000002 from (78.0.0) to (78.0.0)
08/10/20 13:23:21 Event: ULOG_SUBMIT for HTCondor Node sort_ID0000002 (78.0.0) {08/10/20 13:23:16}
08/10/20 13:23:21 Number of idle job procs: 3
08/10/20 13:23:21 Event: ULOG_EXECUTE for HTCondor Node stage_out_local_local_0_0 (77.0.0) {08/10/20 13:23:18}
08/10/20 13:23:21 Number of idle job procs: 2
08/10/20 13:23:21 Event: ULOG_EXECUTE for HTCondor Node clean_up_local_level_3_0 (76.0.0) {08/10/20 13:23:18}
08/10/20 13:23:21 Number of idle job procs: 1
08/10/20 13:23:21 Event: ULOG_EXECUTE for HTCondor Node sort_ID0000002 (78.0.0) {08/10/20 13:23:19}
08/10/20 13:23:21 Number of idle job procs: 0
08/10/20 13:23:21 Event: ULOG_JOB_TERMINATED for HTCondor Node sort_ID0000002 (78.0.0) {08/10/20 13:23:21}
08/10/20 13:23:21 Number of idle job procs: 0
08/10/20 13:23:21 Node sort_ID0000002 job proc (78.0.0) failed with status 1.
08/10/20 13:23:21 Node sort_ID0000002 job completed
08/10/20 13:23:21 Running POST script of Node sort_ID0000002...
08/10/20 13:23:21 Warning: mysin has length 0 (ignore if produced by DAGMan; see gittrac #4987, #5031)
08/10/20 13:23:21 Event: ULOG_JOB_TERMINATED for HTCondor Node stage_out_local_local_0_0 (77.0.0) {08/10/20 13:23:21}
08/10/20 13:23:21 Number of idle job procs: 0
08/10/20 13:23:21 Node stage_out_local_local_0_0 job proc (77.0.0) completed successfully.
08/10/20 13:23:21 Node stage_out_local_local_0_0 job completed
08/10/20 13:23:21 Running POST script of Node stage_out_local_local_0_0...
08/10/20 13:23:21 Warning: mysin has length 0 (ignore if produced by DAGMan; see gittrac #4987, #5031)
08/10/20 13:23:21 DAG status: 0 (DAG_STATUS_OK)
08/10/20 13:23:21 Of 19 nodes total:
08/10/20 13:23:21  Done     Pre   Queued    Post   Ready   Un-Ready   Failed
08/10/20 13:23:21   ===     ===      ===     ===     ===        ===      ===
08/10/20 13:23:21     6       0        1       2       0         10        0
08/10/20 13:23:21 0 job proc(s) currently held
08/10/20 13:23:21 DAGMan Runtime Statistics: [ EventCycleTimeStd = 0.09446199935225476; EventCycleTimeMax = 0.2883450984954834; SubmitCycleTimeMin = 0.0002830028533935547; SubmitCycleTimeAvg = 0.05852649609247843; SleepCycleTimeCount = 11.0; SubmitCycleTimeCount = 12.0; SubmitCycleTimeMax = 0.2770390510559082; SleepCycleTimeMin = 4.409738063812256; SubmitCycleTimeSum = 0.7023179531097412; LogProcessCycleTimeStd = 0.04515232104784964; SubmitCycleTimeStd = 0.09915514408937159; LogProcessCycleTimeAvg = 0.04027017951011658; EventCycleTimeMin = 0.008700847625732422; LogProcessCycleTimeMax = 0.112929105758667; LogProcessCycleTimeMin = 0.00775909423828125; LogProcessCycleTimeSum = 0.3221614360809326; LogProcessCycleTimeCount = 8.0; EventCycleTimeSum = 1.017099380493164; SleepCycleTimeSum = 55.24155759811401; SleepCycleTimeAvg = 5.021959781646729; SleepCycleTimeStd = 0.2624454254468254; SleepCycleTimeMax = 5.491508007049561; EventCycleTimeCount = 11.0; EventCycleTimeAvg = 0.0924635800448331; ]
08/10/20 13:23:22 Initializing user log writer for /home/scitech/shared-data/sample-text-analysis-wf/scitech/pegasus/harry-potter-text-analysis/run0006/./harry-potter-text-analysis-0.dag.nodes.log, (78.0.0)
08/10/20 13:23:22 Initializing user log writer for /home/scitech/shared-data/sample-text-analysis-wf/scitech/pegasus/harry-potter-text-analysis/run0006/./harry-potter-text-analysis-0.dag.nodes.log, (77.0.0)
08/10/20 13:23:26 Currently monitoring 1 HTCondor log file(s)
08/10/20 13:23:26 Event: ULOG_POST_SCRIPT_TERMINATED for HTCondor Node sort_ID0000002 (78.0.0) {08/10/20 13:23:22}
08/10/20 13:23:26 POST Script of node sort_ID0000002 failed with status 1
08/10/20 13:23:26 POST for Node sort_ID0000002 returned 1
08/10/20 13:23:26 Retrying node sort_ID0000002 (retry #1 of 1)...
08/10/20 13:23:26 Event: ULOG_POST_SCRIPT_TERMINATED for HTCondor Node stage_out_local_local_0_0 (77.0.0) {08/10/20 13:23:22}
08/10/20 13:23:26 POST Script of node stage_out_local_local_0_0 completed successfully.
08/10/20 13:23:26 Event: ULOG_JOB_TERMINATED for HTCondor Node clean_up_local_level_3_0 (76.0.0) {08/10/20 13:23:23}
08/10/20 13:23:26 Number of idle job procs: 0
08/10/20 13:23:26 Node clean_up_local_level_3_0 job proc (76.0.0) completed successfully.
08/10/20 13:23:26 Node clean_up_local_level_3_0 job completed
08/10/20 13:23:26 Running POST script of Node clean_up_local_level_3_0...
08/10/20 13:23:26 Warning: mysin has length 0 (ignore if produced by DAGMan; see gittrac #4987, #5031)
08/10/20 13:23:26 DAG status: 0 (DAG_STATUS_OK)
08/10/20 13:23:26 Of 19 nodes total:
08/10/20 13:23:26  Done     Pre   Queued    Post   Ready   Un-Ready   Failed
08/10/20 13:23:26   ===     ===      ===     ===     ===        ===      ===
08/10/20 13:23:26     7       0        0       1       2          9        0
08/10/20 13:23:26 0 job proc(s) currently held
08/10/20 13:23:26 DAGMan Runtime Statistics: [ EventCycleTimeStd = 0.09053927717238261; EventCycleTimeMax = 0.2883450984954834; SubmitCycleTimeMin = 0.0002830028533935547; SubmitCycleTimeAvg = 0.05406575936537523; SleepCycleTimeCount = 12.0; SubmitCycleTimeCount = 13.0; SubmitCycleTimeMax = 0.2770390510559082; SleepCycleTimeMin = 4.409738063812256; SubmitCycleTimeSum = 0.7028548717498779; LogProcessCycleTimeStd = 0.04232817863327712; SubmitCycleTimeStd = 0.09628658761236113; LogProcessCycleTimeAvg = 0.03934017817179362; EventCycleTimeMin = 0.008700847625732422; LogProcessCycleTimeMax = 0.112929105758667; LogProcessCycleTimeMin = 0.00775909423828125; LogProcessCycleTimeSum = 0.3540616035461426; LogProcessCycleTimeCount = 9.0; EventCycleTimeSum = 1.141590356826782; SleepCycleTimeSum = 59.86933064460754; SleepCycleTimeAvg = 4.989110887050629; SleepCycleTimeStd = 0.2748901593919994; SleepCycleTimeMax = 5.491508007049561; EventCycleTimeCount = 12.0; EventCycleTimeAvg = 0.09513252973556519; ]
08/10/20 13:23:27 Initializing user log writer for /home/scitech/shared-data/sample-text-analysis-wf/scitech/pegasus/harry-potter-text-analysis/run0006/./harry-potter-text-analysis-0.dag.nodes.log, (76.0.0)
08/10/20 13:23:31 Submitting HTCondor Node register_local_0_0 job(s)...
08/10/20 13:23:31 Adding a DAGMan workflow log /home/scitech/shared-data/sample-text-analysis-wf/scitech/pegasus/harry-potter-text-analysis/run0006/./harry-potter-text-analysis-0.dag.nodes.log
08/10/20 13:23:31 Masking the events recorded in the DAGMAN workflow log
08/10/20 13:23:31 Mask for workflow log is 0,1,2,4,5,7,9,10,11,12,13,16,17,24,27,35,36
08/10/20 13:23:31 submitting: /usr/bin/condor_submit -a dag_node_name' '=' 'register_local_0_0 -a +DAGManJobId' '=' '69 -a DAGManJobId' '=' '69 -batch-name harry-potter-text-analysis-0.dag+69 -a submit_event_notes' '=' 'DAG' 'Node:' 'register_local_0_0 -a dagman_log' '=' '/home/scitech/shared-data/sample-text-analysis-wf/scitech/pegasus/harry-potter-text-analysis/run0006/./harry-potter-text-analysis-0.dag.nodes.log -a +DAGManNodesMask' '=' '"0,1,2,4,5,7,9,10,11,12,13,16,17,24,27,35,36" -a priority=40 -a +DAGNodeRetry' '=' '0 -a DAG_STATUS' '=' '0 -a FAILED_COUNT' '=' '0 -a notification' '=' 'never -a +DAGParentNodeNames' '=' '"stage_out_local_local_0_0" 00/00/register_local_0_0.sub
08/10/20 13:23:31 From submit: Submitting job(s).
08/10/20 13:23:31 From submit: 1 job(s) submitted to cluster 79.
08/10/20 13:23:31 	assigned HTCondor ID (79.0.0)
08/10/20 13:23:31 Reassigning the id of job sort_ID0000002 from (78.0.0) to (-1.-1.-1)
08/10/20 13:23:31 Submitting HTCondor Node sort_ID0000002 job(s)...
08/10/20 13:23:31 Adding a DAGMan workflow log /home/scitech/shared-data/sample-text-analysis-wf/scitech/pegasus/harry-potter-text-analysis/run0006/./harry-potter-text-analysis-0.dag.nodes.log
08/10/20 13:23:31 Masking the events recorded in the DAGMAN workflow log
08/10/20 13:23:31 Mask for workflow log is 0,1,2,4,5,7,9,10,11,12,13,16,17,24,27,35,36
08/10/20 13:23:31 submitting: /usr/bin/condor_submit -a dag_node_name' '=' 'sort_ID0000002 -a +DAGManJobId' '=' '69 -a DAGManJobId' '=' '69 -batch-name harry-potter-text-analysis-0.dag+69 -a submit_event_notes' '=' 'DAG' 'Node:' 'sort_ID0000002 -a dagman_log' '=' '/home/scitech/shared-data/sample-text-analysis-wf/scitech/pegasus/harry-potter-text-analysis/run0006/./harry-potter-text-analysis-0.dag.nodes.log -a +DAGManNodesMask' '=' '"0,1,2,4,5,7,9,10,11,12,13,16,17,24,27,35,36" -a priority=30 -a +DAGNodeRetry' '=' '1 -a DAG_STATUS' '=' '0 -a FAILED_COUNT' '=' '0 -a +KeepClaimIdle' '=' '20 -a notification' '=' 'never -a +DAGParentNodeNames' '=' '"stage_in_remote_local_1_0,word_count_ID0000001" 00/00/sort_ID0000002.sub
08/10/20 13:23:31 From submit: Submitting job(s).
08/10/20 13:23:31 From submit: 1 job(s) submitted to cluster 80.
08/10/20 13:23:31 	assigned HTCondor ID (80.0.0)
08/10/20 13:23:31 Just submitted 2 jobs this cycle...
08/10/20 13:23:31 Currently monitoring 1 HTCondor log file(s)
08/10/20 13:23:31 Event: ULOG_POST_SCRIPT_TERMINATED for HTCondor Node clean_up_local_level_3_0 (76.0.0) {08/10/20 13:23:27}
08/10/20 13:23:31 POST Script of node clean_up_local_level_3_0 completed successfully.
08/10/20 13:23:31 Reassigning the id of job register_local_0_0 from (79.0.0) to (79.0.0)
08/10/20 13:23:31 Event: ULOG_SUBMIT for HTCondor Node register_local_0_0 (79.0.0) {08/10/20 13:23:31}
08/10/20 13:23:31 Number of idle job procs: 1
08/10/20 13:23:31 Reassigning the id of job sort_ID0000002 from (80.0.0) to (80.0.0)
08/10/20 13:23:31 Event: ULOG_SUBMIT for HTCondor Node sort_ID0000002 (80.0.0) {08/10/20 13:23:31}
08/10/20 13:23:31 Number of idle job procs: 2
08/10/20 13:23:31 DAG status: 0 (DAG_STATUS_OK)
08/10/20 13:23:31 Of 19 nodes total:
08/10/20 13:23:31  Done     Pre   Queued    Post   Ready   Un-Ready   Failed
08/10/20 13:23:31   ===     ===      ===     ===     ===        ===      ===
08/10/20 13:23:31     8       0        2       0       0          9        0
08/10/20 13:23:31 0 job proc(s) currently held
08/10/20 13:23:31 DAGMan Runtime Statistics: [ EventCycleTimeStd = 0.08777900515297414; EventCycleTimeMax = 0.2883450984954834; SubmitCycleTimeMin = 0.0002830028533935547; SubmitCycleTimeAvg = 0.06828205926077706; SleepCycleTimeCount = 13.0; SubmitCycleTimeCount = 14.0; SubmitCycleTimeMax = 0.2770390510559082; SleepCycleTimeMin = 4.409738063812256; SubmitCycleTimeSum = 0.9559488296508789; LogProcessCycleTimeStd = 0.04078466561875276; SubmitCycleTimeStd = 0.1067117118158536; LogProcessCycleTimeAvg = 0.03667955398559571; EventCycleTimeMin = 0.008700847625732422; LogProcessCycleTimeMax = 0.112929105758667; LogProcessCycleTimeMin = 0.00775909423828125; LogProcessCycleTimeSum = 0.366795539855957; LogProcessCycleTimeCount = 10.0; EventCycleTimeSum = 1.186905384063721; SleepCycleTimeSum = 64.34157061576843; SleepCycleTimeAvg = 4.949351585828341; SleepCycleTimeStd = 0.2996964734375678; SleepCycleTimeMax = 5.491508007049561; EventCycleTimeCount = 13.0; EventCycleTimeAvg = 0.09130041415874775; ]
08/10/20 13:23:36 Currently monitoring 1 HTCondor log file(s)
08/10/20 13:23:36 Event: ULOG_EXECUTE for HTCondor Node register_local_0_0 (79.0.0) {08/10/20 13:23:33}
08/10/20 13:23:36 Number of idle job procs: 1
08/10/20 13:23:36 Event: ULOG_EXECUTE for HTCondor Node sort_ID0000002 (80.0.0) {08/10/20 13:23:33}
08/10/20 13:23:36 Number of idle job procs: 0
08/10/20 13:23:36 Event: ULOG_JOB_TERMINATED for HTCondor Node sort_ID0000002 (80.0.0) {08/10/20 13:23:35}
08/10/20 13:23:36 Number of idle job procs: 0
08/10/20 13:23:36 Node sort_ID0000002 job proc (80.0.0) failed with status 1.
08/10/20 13:23:36 Node sort_ID0000002 job completed
08/10/20 13:23:36 Running POST script of Node sort_ID0000002...
08/10/20 13:23:36 Warning: mysin has length 0 (ignore if produced by DAGMan; see gittrac #4987, #5031)
08/10/20 13:23:36 DAG status: 0 (DAG_STATUS_OK)
08/10/20 13:23:36 Of 19 nodes total:
08/10/20 13:23:36  Done     Pre   Queued    Post   Ready   Un-Ready   Failed
08/10/20 13:23:36   ===     ===      ===     ===     ===        ===      ===
08/10/20 13:23:36     8       0        1       1       0          9        0
08/10/20 13:23:36 0 job proc(s) currently held
08/10/20 13:23:36 DAGMan Runtime Statistics: [ EventCycleTimeStd = 0.09732229671174375; EventCycleTimeMax = 0.2883450984954834; SubmitCycleTimeMin = 0.0002830028533935547; SubmitCycleTimeAvg = 0.06374986966451009; SleepCycleTimeCount = 14.0; SubmitCycleTimeCount = 15.0; SubmitCycleTimeMax = 0.2770390510559082; SleepCycleTimeMin = 4.409738063812256; SubmitCycleTimeSum = 0.9562480449676514; LogProcessCycleTimeStd = 0.03901266382217923; SubmitCycleTimeStd = 0.1043173792654535; LogProcessCycleTimeAvg = 0.03517387130043723; EventCycleTimeMin = 0.008700847625732422; LogProcessCycleTimeMax = 0.112929105758667; LogProcessCycleTimeMin = 0.00775909423828125; LogProcessCycleTimeSum = 0.3869125843048096; LogProcessCycleTimeCount = 11.0; EventCycleTimeSum = 1.459943294525146; SleepCycleTimeSum = 69.34703755378723; SleepCycleTimeAvg = 4.953359825270517; SleepCycleTimeStd = 0.2883293687213744; SleepCycleTimeMax = 5.491508007049561; EventCycleTimeCount = 14.0; EventCycleTimeAvg = 0.1042816638946533; ]
08/10/20 13:23:36 Initializing user log writer for /home/scitech/shared-data/sample-text-analysis-wf/scitech/pegasus/harry-potter-text-analysis/run0006/./harry-potter-text-analysis-0.dag.nodes.log, (80.0.0)
08/10/20 13:23:41 Currently monitoring 1 HTCondor log file(s)
08/10/20 13:23:41 Event: ULOG_POST_SCRIPT_TERMINATED for HTCondor Node sort_ID0000002 (80.0.0) {08/10/20 13:23:36}
08/10/20 13:23:41 POST Script of node sort_ID0000002 failed with status 1
08/10/20 13:23:41 POST for Node sort_ID0000002 returned 1
08/10/20 13:23:41 Event: ULOG_JOB_TERMINATED for HTCondor Node register_local_0_0 (79.0.0) {08/10/20 13:23:38}
08/10/20 13:23:41 Number of idle job procs: 0
08/10/20 13:23:41 Node register_local_0_0 job proc (79.0.0) completed successfully.
08/10/20 13:23:41 Node register_local_0_0 job completed
08/10/20 13:23:41 Running POST script of Node register_local_0_0...
08/10/20 13:23:41 Warning: mysin has length 0 (ignore if produced by DAGMan; see gittrac #4987, #5031)
08/10/20 13:23:41 DAG status: 2 (DAG_STATUS_NODE_FAILED)
08/10/20 13:23:41 Of 19 nodes total:
08/10/20 13:23:41  Done     Pre   Queued    Post   Ready   Un-Ready   Failed
08/10/20 13:23:41   ===     ===      ===     ===     ===        ===      ===
08/10/20 13:23:41     8       0        0       1       0          9        1
08/10/20 13:23:41 0 job proc(s) currently held
08/10/20 13:23:41 DAGMan Runtime Statistics: [ EventCycleTimeStd = 0.09589347680813728; EventCycleTimeMax = 0.2883450984954834; SubmitCycleTimeMin = 0.0002830028533935547; SubmitCycleTimeAvg = 0.05978544056415558; SleepCycleTimeCount = 15.0; SubmitCycleTimeCount = 16.0; SubmitCycleTimeMax = 0.2770390510559082; SleepCycleTimeMin = 4.409738063812256; SubmitCycleTimeSum = 0.9565670490264893; LogProcessCycleTimeStd = 0.03743097677053132; SubmitCycleTimeStd = 0.1020201372858618; LogProcessCycleTimeAvg = 0.03396789232889811; EventCycleTimeMin = 0.008700847625732422; LogProcessCycleTimeMax = 0.112929105758667; LogProcessCycleTimeMin = 0.00775909423828125; LogProcessCycleTimeSum = 0.4076147079467773; LogProcessCycleTimeCount = 12.0; EventCycleTimeSum = 1.486719369888306; SleepCycleTimeSum = 74.75689649581909; SleepCycleTimeAvg = 4.983793099721272; SleepCycleTimeStd = 0.3018086437240203; SleepCycleTimeMax = 5.491508007049561; EventCycleTimeCount = 15.0; EventCycleTimeAvg = 0.09911462465922037; ]
08/10/20 13:23:42 Initializing user log writer for /home/scitech/shared-data/sample-text-analysis-wf/scitech/pegasus/harry-potter-text-analysis/run0006/./harry-potter-text-analysis-0.dag.nodes.log, (79.0.0)
08/10/20 13:23:46 Currently monitoring 1 HTCondor log file(s)
08/10/20 13:23:46 Event: ULOG_POST_SCRIPT_TERMINATED for HTCondor Node register_local_0_0 (79.0.0) {08/10/20 13:23:42}
08/10/20 13:23:46 POST Script of node register_local_0_0 completed successfully.
08/10/20 13:23:46 DAG status: 2 (DAG_STATUS_NODE_FAILED)
08/10/20 13:23:46 Of 19 nodes total:
08/10/20 13:23:46  Done     Pre   Queued    Post   Ready   Un-Ready   Failed
08/10/20 13:23:46   ===     ===      ===     ===     ===        ===      ===
08/10/20 13:23:46     9       0        0       0       0          9        1
08/10/20 13:23:46 0 job proc(s) currently held
08/10/20 13:23:46 DAGMan Runtime Statistics: [ EventCycleTimeStd = 0.09427868496713157; EventCycleTimeMax = 0.2883450984954834; SubmitCycleTimeMin = 0.0002830028533935547; SubmitCycleTimeAvg = 0.0563651814180262; SleepCycleTimeCount = 16.0; SubmitCycleTimeCount = 17.0; SubmitCycleTimeMax = 0.2770390510559082; SleepCycleTimeMin = 4.407958984375; SubmitCycleTimeSum = 0.9582080841064453; LogProcessCycleTimeStd = 0.03626324577664984; SubmitCycleTimeStd = 0.09978211548539424; LogProcessCycleTimeAvg = 0.03243112564086914; EventCycleTimeMin = 0.008700847625732422; LogProcessCycleTimeMax = 0.112929105758667; LogProcessCycleTimeMin = 0.00775909423828125; LogProcessCycleTimeSum = 0.4216046333312988; LogProcessCycleTimeCount = 13.0; EventCycleTimeSum = 1.515868425369263; SleepCycleTimeSum = 79.16485548019409; SleepCycleTimeAvg = 4.947803467512131; SleepCycleTimeStd = 0.3251768005606867; SleepCycleTimeMax = 5.491508007049561; EventCycleTimeCount = 16.0; EventCycleTimeAvg = 0.09474177658557892; ]
08/10/20 13:23:46 ERROR: the following job(s) failed:
08/10/20 13:23:46 ---------------------- Job ----------------------
08/10/20 13:23:46       Node Name: sort_ID0000002
08/10/20 13:23:46            Noop: false
08/10/20 13:23:46          NodeID: 6
08/10/20 13:23:46     Node Status: STATUS_ERROR    
08/10/20 13:23:46 Node return val: 1
08/10/20 13:23:46           Error: Job exited with status 1 and POST Script failed with status 1 (after 1 node retries)
08/10/20 13:23:46 Job Submit File: 00/00/sort_ID0000002.sub
08/10/20 13:23:46     POST Script: /home/scitech/pegasus/dist/pegasus-5.0.0dev/bin/pegasus-exitcode  -s PegasusLite:+exitcode+0 -l harry-potter-text-analysis-0.exitcode.log -M harry-potter-text-analysis-0.cache.meta  .//00/00/sort_ID0000002.out
08/10/20 13:23:46           Retry: 1
08/10/20 13:23:46  HTCondor Job ID: (80.0.0)
08/10/20 13:23:46       Q_PARENTS: stage_in_remote_local_1_0, word_count_ID0000001, <END>
08/10/20 13:23:46       Q_WAITING: <END>
08/10/20 13:23:46      Q_CHILDREN: plot_ID0000003, stage_out_local_local_1_0, clean_up_local_level_4_0, <END>
08/10/20 13:23:46 ---------------------------------------	<END>
08/10/20 13:23:46 Aborting DAG...
08/10/20 13:23:46 Writing Rescue DAG to harry-potter-text-analysis-0.dag.rescue001...
08/10/20 13:23:46 Removing submitted jobs...
08/10/20 13:23:46 Removing any/all submitted HTCondor jobs...
08/10/20 13:23:46 Running: /usr/bin/condor_rm -const DAGManJobId' '=?=' '69
08/10/20 13:23:46 Note: 0 total job deferrals because of -MaxJobs limit (0)
08/10/20 13:23:46 Note: 0 total job deferrals because of -MaxIdle limit (1000)
08/10/20 13:23:46 Note: 0 total job deferrals because of node category throttles
08/10/20 13:23:46 Note: 0 total PRE script deferrals because of -MaxPre limit (20) or DEFER
08/10/20 13:23:46 Note: 0 total POST script deferrals because of -MaxPost limit (20) or DEFER
08/10/20 13:23:46 DAG status: 2 (DAG_STATUS_NODE_FAILED)
08/10/20 13:23:46 Of 19 nodes total:
08/10/20 13:23:46  Done     Pre   Queued    Post   Ready   Un-Ready   Failed
08/10/20 13:23:46   ===     ===      ===     ===     ===        ===      ===
08/10/20 13:23:46     9       0        0       0       0          9        1
08/10/20 13:23:46 0 job proc(s) currently held
08/10/20 13:23:46 DAGMan Runtime Statistics: [ EventCycleTimeStd = 0.09427868496713157; EventCycleTimeMax = 0.2883450984954834; SubmitCycleTimeMin = 0.0002830028533935547; SubmitCycleTimeAvg = 0.0563651814180262; SleepCycleTimeCount = 16.0; SubmitCycleTimeCount = 17.0; SubmitCycleTimeMax = 0.2770390510559082; SleepCycleTimeMin = 4.407958984375; SubmitCycleTimeSum = 0.9582080841064453; LogProcessCycleTimeStd = 0.03626324577664984; SubmitCycleTimeStd = 0.09978211548539424; LogProcessCycleTimeAvg = 0.03243112564086914; EventCycleTimeMin = 0.008700847625732422; LogProcessCycleTimeMax = 0.112929105758667; LogProcessCycleTimeMin = 0.00775909423828125; LogProcessCycleTimeSum = 0.4216046333312988; LogProcessCycleTimeCount = 13.0; EventCycleTimeSum = 1.515868425369263; SleepCycleTimeSum = 79.16485548019409; SleepCycleTimeAvg = 4.947803467512131; SleepCycleTimeStd = 0.3251768005606867; SleepCycleTimeMax = 5.491508007049561; EventCycleTimeCount = 16.0; EventCycleTimeAvg = 0.09474177658557892; ]
08/10/20 13:23:46 Wrote metrics file harry-potter-text-analysis-0.dag.metrics.
08/10/20 13:23:46 Reporting metrics to Pegasus metrics server(s); output is in harry-potter-text-analysis-0.dag.metrics.out.
08/10/20 13:23:46 Running command </usr/libexec/condor/condor_dagman_metrics_reporter -f harry-potter-text-analysis-0.dag.metrics -t 100>
08/10/20 13:23:46 Warning: mysin has length 0 (ignore if produced by DAGMan; see gittrac #4987, #5031)
08/10/20 13:23:46 DAGMan Runtime Statistics: [ EventCycleTimeStd = 0.09427868496713157; EventCycleTimeMax = 0.2883450984954834; SubmitCycleTimeMin = 0.0002830028533935547; SubmitCycleTimeAvg = 0.0563651814180262; SleepCycleTimeCount = 16.0; SubmitCycleTimeCount = 17.0; SubmitCycleTimeMax = 0.2770390510559082; SleepCycleTimeMin = 4.407958984375; SubmitCycleTimeSum = 0.9582080841064453; LogProcessCycleTimeStd = 0.03626324577664984; SubmitCycleTimeStd = 0.09978211548539424; LogProcessCycleTimeAvg = 0.03243112564086914; EventCycleTimeMin = 0.008700847625732422; LogProcessCycleTimeMax = 0.112929105758667; LogProcessCycleTimeMin = 0.00775909423828125; LogProcessCycleTimeSum = 0.4216046333312988; LogProcessCycleTimeCount = 13.0; EventCycleTimeSum = 1.515868425369263; SleepCycleTimeSum = 79.16485548019409; SleepCycleTimeAvg = 4.947803467512131; SleepCycleTimeStd = 0.3251768005606867; SleepCycleTimeMax = 5.491508007049561; EventCycleTimeCount = 16.0; EventCycleTimeAvg = 0.09474177658557892; ]
08/10/20 13:23:46 **** condor_scheduniv_exec.69.0 (condor_DAGMAN) pid 57127 EXITING WITH STATUS 1
