2020-08-10 13:22:22,567:INFO:pegasus-monitord(58): pegasus-monitord starting - pid 57128 
2020-08-10 13:22:22,591:INFO:pegasus-monitord(455): Final Command line options are: ['-N', 'harry-potter-text-analysis-0.dag.dagman.out']
2020-08-10 13:22:22,624:INFO:Pegasus.monitoring.event_output(629): Connecting workflow event sink to sqlite:////home/scitech/shared-data/sample-text-analysis-wf/scitech/pegasus/harry-potter-text-analysis/run0006/harry-potter-text-analysis-0.stampede.db
Created Pegasus database in: sqlite:////home/scitech/shared-data/sample-text-analysis-wf/scitech/pegasus/harry-potter-text-analysis/run0006/harry-potter-text-analysis-0.stampede.db
Your database is compatible with Pegasus version: 5.0.0dev
2020-08-10 13:22:24,114:INFO:Pegasus.monitoring.event_output(703): output type=DB namespace=stampede. name=sqlite:////home/scitech/shared-data/sample-text-analysis-wf/scitech/pegasus/harry-potter-text-analysis/run0006/harry-potter-text-analysis-0.stampede.db
2020-08-10 13:22:24,116:INFO:Pegasus.monitoring.event_output(629): Connecting workflow event sink to sqlite:////home/scitech/.pegasus/workflow.db
Your database is compatible with Pegasus version: 5.0.0dev
2020-08-10 13:22:24,856:INFO:Pegasus.monitoring.event_output(703): output type=DB namespace=dashboard. name=sqlite:////home/scitech/.pegasus/workflow.db
2020-08-10 13:22:24,857:INFO:pegasus-monitord(1247): monitord started in fast start mode
2020-08-10 13:22:24,890:INFO:Pegasus.monitoring.workflow(461): cannot open state file /home/scitech/shared-data/sample-text-analysis-wf/scitech/pegasus/harry-potter-text-analysis/run0006/monitord.info, continuing without state...
2020-08-10 13:22:24,891:INFO:Pegasus.monitoring.workflow(1148): creating new file /home/scitech/shared-data/sample-text-analysis-wf/scitech/pegasus/harry-potter-text-analysis/run0006/jobstate.log
2020-08-10 13:22:24,891:INFO:Pegasus.monitoring.workflow(1158): Appending to existing jobstate.log replay_mode 0 previous_processed_line 0
2020-08-10 13:22:24,893:INFO:Pegasus.monitoring.notifications(474): loading notifications from /home/scitech/shared-data/sample-text-analysis-wf/scitech/pegasus/harry-potter-text-analysis/run0006/harry-potter-text-analysis-0.notify
2020-08-10 13:22:25,269:INFO:Pegasus.monitoring.workflow(205): Parsing DAG file /home/scitech/shared-data/sample-text-analysis-wf/scitech/pegasus/harry-potter-text-analysis/run0006/harry-potter-text-analysis-0.dag
2020-08-10 13:22:25,277:INFO:pegasus-monitord(974): Using DAGMan version 8.8.9 80809
2020-08-10 13:22:25,278:INFO:pegasus-monitord(949): DAGMan runs at pid 57127
2020-08-10 13:22:25,282:INFO:pegasus-monitord(955): using dag harry-potter-text-analysis-0.dag
2020-08-10 13:22:25,283:INFO:Pegasus.monitoring.workflow(811): DAGMan starting with condor id 69.0
2020-08-10 13:23:46,505:INFO:Pegasus.monitoring.workflow(2467): Populating locations corresponding to succeeded registration job  /home/scitech/shared-data/sample-text-analysis-wf/scitech/pegasus/harry-potter-text-analysis/run0006/00/00/register_local_0_0.in 
2020-08-10 13:23:47,546:INFO:pegasus-monitord(927): DAGMan harry-potter-text-analysis-0.dag finished with exit code 1
2020-08-10 13:23:48,604:INFO:pegasus-monitord(1427): workflow /home/scitech/shared-data/sample-text-analysis-wf/scitech/pegasus/harry-potter-text-analysis/run0006/harry-potter-text-analysis-0.dag.dagman.out ended
2020-08-10 13:23:48,625:INFO:Pegasus.monitoring.workflow(1377): recovery file deleted: /home/scitech/shared-data/sample-text-analysis-wf/scitech/pegasus/harry-potter-text-analysis/run0006/monitord.recover
2020-08-10 13:23:48,638:INFO:pegasus-monitord(1665): finishing workflow: /home/scitech/shared-data/sample-text-analysis-wf/scitech/pegasus/harry-potter-text-analysis/run0006/harry-potter-text-analysis-0.dag.dagman.out
2020-08-10 13:23:48,640:INFO:pegasus-monitord(1719): finishing notifications...
2020-08-10 13:23:48,641:INFO:pegasus-monitord(1727): monitord process 57128 exiting with 0
2020-08-10 13:23:48,645:INFO:pegasus-monitord(197): DB flushing beginning
2020-08-10 13:23:48,646:INFO:Pegasus.db.workflow_loader.WorkflowLoader(1244): Executing final flush
2020-08-10 13:23:49,107:INFO:Pegasus.db.dashboard_loader.DashboardLoader(397): Executing final flush
2020-08-10 13:23:49,109:INFO:pegasus-monitord(213): DB flushing ended
