08/10/20 13:05:37 ******************************************************
08/10/20 13:05:37 ** condor_scheduniv_exec.57.0 (CONDOR_DAGMAN) STARTING UP
08/10/20 13:05:37 ** /usr/bin/condor_dagman
08/10/20 13:05:37 ** SubsystemInfo: name=DAGMAN type=DAGMAN(10) class=DAEMON(1)
08/10/20 13:05:37 ** Configuration: subsystem:DAGMAN local:<NONE> class:DAEMON
08/10/20 13:05:37 ** $CondorVersion: 8.8.9 May 06 2020 BuildID: 503068 PackageID: 8.8.9-1 $
08/10/20 13:05:37 ** $CondorPlatform: x86_64_CentOS7 $
08/10/20 13:05:37 ** PID = 54878
08/10/20 13:05:37 ** Log last touched time unavailable (No such file or directory)
08/10/20 13:05:37 ******************************************************
08/10/20 13:05:37 Using config source: /etc/condor/condor_config
08/10/20 13:05:37 Using local config sources: 
08/10/20 13:05:37    /etc/condor/config.d/00-minicondor
08/10/20 13:05:37    /etc/condor/condor_config.local
08/10/20 13:05:37 config Macros = 81, Sorted = 81, StringBytes = 2291, TablesBytes = 2964
08/10/20 13:05:37 CLASSAD_CACHING is ENABLED
08/10/20 13:05:37 Daemon Log is logging: D_ALWAYS D_ERROR
08/10/20 13:05:37 DaemonCore: No command port requested.
08/10/20 13:05:37 DAGMAN_USE_STRICT setting: 1
08/10/20 13:05:37 DAGMAN_VERBOSITY setting: 3
08/10/20 13:05:37 DAGMAN_DEBUG_CACHE_SIZE setting: 5242880
08/10/20 13:05:37 DAGMAN_DEBUG_CACHE_ENABLE setting: False
08/10/20 13:05:37 DAGMAN_SUBMIT_DELAY setting: 0
08/10/20 13:05:37 DAGMAN_MAX_SUBMIT_ATTEMPTS setting: 6
08/10/20 13:05:37 DAGMAN_STARTUP_CYCLE_DETECT setting: False
08/10/20 13:05:37 DAGMAN_MAX_SUBMITS_PER_INTERVAL setting: 100
08/10/20 13:05:37 DAGMAN_AGGRESSIVE_SUBMIT setting: False
08/10/20 13:05:37 DAGMAN_USER_LOG_SCAN_INTERVAL setting: 5
08/10/20 13:05:37 DAGMAN_QUEUE_UPDATE_INTERVAL setting: 300
08/10/20 13:05:37 DAGMAN_DEFAULT_PRIORITY setting: 0
08/10/20 13:05:37 DAGMAN_SUPPRESS_NOTIFICATION setting: True
08/10/20 13:05:37 allow_events (DAGMAN_ALLOW_EVENTS) setting: 114
08/10/20 13:05:37 DAGMAN_RETRY_SUBMIT_FIRST setting: True
08/10/20 13:05:37 DAGMAN_RETRY_NODE_FIRST setting: False
08/10/20 13:05:37 DAGMAN_MAX_JOBS_IDLE setting: 1000
08/10/20 13:05:37 DAGMAN_MAX_JOBS_SUBMITTED setting: 0
08/10/20 13:05:37 DAGMAN_MAX_PRE_SCRIPTS setting: 20
08/10/20 13:05:37 DAGMAN_MAX_POST_SCRIPTS setting: 20
08/10/20 13:05:37 DAGMAN_MUNGE_NODE_NAMES setting: True
08/10/20 13:05:37 DAGMAN_PROHIBIT_MULTI_JOBS setting: False
08/10/20 13:05:37 DAGMAN_SUBMIT_DEPTH_FIRST setting: False
08/10/20 13:05:37 DAGMAN_ALWAYS_RUN_POST setting: False
08/10/20 13:05:37 DAGMAN_CONDOR_SUBMIT_EXE setting: /usr/bin/condor_submit
08/10/20 13:05:37 DAGMAN_USE_CONDOR_SUBMIT setting: True
08/10/20 13:05:37 DAGMAN_ABORT_DUPLICATES setting: True
08/10/20 13:05:37 DAGMAN_ABORT_ON_SCARY_SUBMIT setting: True
08/10/20 13:05:37 DAGMAN_PENDING_REPORT_INTERVAL setting: 600
08/10/20 13:05:37 DAGMAN_AUTO_RESCUE setting: True
08/10/20 13:05:37 DAGMAN_MAX_RESCUE_NUM setting: 100
08/10/20 13:05:37 DAGMAN_WRITE_PARTIAL_RESCUE setting: True
08/10/20 13:05:37 DAGMAN_DEFAULT_NODE_LOG setting: @(DAG_DIR)/@(DAG_FILE).nodes.log
08/10/20 13:05:37 DAGMAN_GENERATE_SUBDAG_SUBMITS setting: True
08/10/20 13:05:37 DAGMAN_MAX_JOB_HOLDS setting: 100
08/10/20 13:05:37 DAGMAN_HOLD_CLAIM_TIME setting: 20
08/10/20 13:05:37 ALL_DEBUG setting: 
08/10/20 13:05:37 DAGMAN_DEBUG setting: 
08/10/20 13:05:37 DAGMAN_SUPPRESS_JOB_LOGS setting: False
08/10/20 13:05:37 DAGMAN_REMOVE_NODE_JOBS setting: True
08/10/20 13:05:37 argv[0] == "condor_scheduniv_exec.57.0"
08/10/20 13:05:37 argv[1] == "-Lockfile"
08/10/20 13:05:37 argv[2] == "harry-potter-text-analysis-0.dag.lock"
08/10/20 13:05:37 argv[3] == "-AutoRescue"
08/10/20 13:05:37 argv[4] == "1"
08/10/20 13:05:37 argv[5] == "-DoRescueFrom"
08/10/20 13:05:37 argv[6] == "0"
08/10/20 13:05:37 argv[7] == "-Dag"
08/10/20 13:05:37 argv[8] == "harry-potter-text-analysis-0.dag"
08/10/20 13:05:37 argv[9] == "-MaxPost"
08/10/20 13:05:37 argv[10] == "20"
08/10/20 13:05:37 argv[11] == "-Suppress_notification"
08/10/20 13:05:37 argv[12] == "-CsdVersion"
08/10/20 13:05:37 argv[13] == "$CondorVersion: 8.8.9 May 06 2020 BuildID: 503068 PackageID: 8.8.9-1 $"
08/10/20 13:05:37 argv[14] == "-Dagman"
08/10/20 13:05:37 argv[15] == "/bin/condor_dagman"
08/10/20 13:05:37 Workflow batch-name: <harry-potter-text-analysis-0.dag+57>
08/10/20 13:05:37 Workflow accounting_group: <>
08/10/20 13:05:37 Workflow accounting_group_user: <>
08/10/20 13:05:37 Warning: failed to get attribute DAGNodeName
08/10/20 13:05:37 DAGMAN_LOG_ON_NFS_IS_ERROR setting: False
08/10/20 13:05:37 Default node log file is: </home/scitech/shared-data/sample-text-analysis-wf/scitech/pegasus/harry-potter-text-analysis/run0005/./harry-potter-text-analysis-0.dag.nodes.log>
08/10/20 13:05:37 DAG Lockfile will be written to harry-potter-text-analysis-0.dag.lock
08/10/20 13:05:37 DAG Input file is harry-potter-text-analysis-0.dag
08/10/20 13:05:37 Parsing 1 dagfiles
08/10/20 13:05:37 Parsing harry-potter-text-analysis-0.dag ...
08/10/20 13:05:37 Warning:  could not open Pegasus braindump file braindump.txt
08/10/20 13:05:37 Dag contains 19 total jobs
08/10/20 13:05:37 Sleeping for 3 seconds to ensure ProcessId uniqueness
08/10/20 13:05:40 Bootstrapping...
08/10/20 13:05:40 Number of pre-completed nodes: 0
08/10/20 13:05:40 MultiLogFiles: truncating log file /home/scitech/shared-data/sample-text-analysis-wf/scitech/pegasus/harry-potter-text-analysis/run0005/./harry-potter-text-analysis-0.dag.nodes.log
08/10/20 13:05:40 DAG status: 0 (DAG_STATUS_OK)
08/10/20 13:05:40 Of 19 nodes total:
08/10/20 13:05:40  Done     Pre   Queued    Post   Ready   Un-Ready   Failed
08/10/20 13:05:40   ===     ===      ===     ===     ===        ===      ===
08/10/20 13:05:40     0       0        0       0       1         18        0
08/10/20 13:05:40 0 job proc(s) currently held
08/10/20 13:05:40 DAGMan Runtime Statistics: [ EventCycleTimeSum = 0.0; EventCycleTimeCount = 0.0; SleepCycleTimeCount = 0.0; SubmitCycleTimeSum = 0.0; SubmitCycleTimeCount = 0.0; LogProcessCycleTimeSum = 0.0; SleepCycleTimeSum = 0.0; LogProcessCycleTimeCount = 0.0; ]
08/10/20 13:05:40 Registering condor_event_timer...
08/10/20 13:05:41 Submitting HTCondor Node create_dir_harry-potter-text-analysis_0_local job(s)...
08/10/20 13:05:41 Adding a DAGMan workflow log /home/scitech/shared-data/sample-text-analysis-wf/scitech/pegasus/harry-potter-text-analysis/run0005/./harry-potter-text-analysis-0.dag.nodes.log
08/10/20 13:05:41 Masking the events recorded in the DAGMAN workflow log
08/10/20 13:05:41 Mask for workflow log is 0,1,2,4,5,7,9,10,11,12,13,16,17,24,27,35,36
08/10/20 13:05:41 submitting: /usr/bin/condor_submit -a dag_node_name' '=' 'create_dir_harry-potter-text-analysis_0_local -a +DAGManJobId' '=' '57 -a DAGManJobId' '=' '57 -batch-name harry-potter-text-analysis-0.dag+57 -a submit_event_notes' '=' 'DAG' 'Node:' 'create_dir_harry-potter-text-analysis_0_local -a dagman_log' '=' '/home/scitech/shared-data/sample-text-analysis-wf/scitech/pegasus/harry-potter-text-analysis/run0005/./harry-potter-text-analysis-0.dag.nodes.log -a +DAGManNodesMask' '=' '"0,1,2,4,5,7,9,10,11,12,13,16,17,24,27,35,36" -a priority=800 -a +DAGNodeRetry' '=' '0 -a DAG_STATUS' '=' '0 -a FAILED_COUNT' '=' '0 -a +KeepClaimIdle' '=' '20 -a notification' '=' 'never -a +DAGParentNodeNames' '=' '"" 00/00/create_dir_harry-potter-text-analysis_0_local.sub
08/10/20 13:05:42 From submit: Submitting job(s).
08/10/20 13:05:42 From submit: 1 job(s) submitted to cluster 58.
08/10/20 13:05:42 	assigned HTCondor ID (58.0.0)
08/10/20 13:05:42 Just submitted 1 job this cycle...
08/10/20 13:05:42 DAG status: 0 (DAG_STATUS_OK)
08/10/20 13:05:42 Of 19 nodes total:
08/10/20 13:05:42  Done     Pre   Queued    Post   Ready   Un-Ready   Failed
08/10/20 13:05:42   ===     ===      ===     ===     ===        ===      ===
08/10/20 13:05:42     0       0        1       0       0         18        0
08/10/20 13:05:42 0 job proc(s) currently held
08/10/20 13:05:42 DAGMan Runtime Statistics: [ EventCycleTimeCount = 0.0; EventCycleTimeSum = 0.0; LogProcessCycleTimeCount = 0.0; SleepCycleTimeSum = 0.0; LogProcessCycleTimeSum = 0.0; SubmitCycleTimeCount = 1.0; SubmitCycleTimeMax = 0.09016203880310059; SubmitCycleTimeMin = 0.09016203880310059; SubmitCycleTimeAvg = 0.09016203880310059; SubmitCycleTimeStd = 0.09016203880310059; SubmitCycleTimeSum = 0.09016203880310059; SleepCycleTimeCount = 0.0; ]
08/10/20 13:05:47 Currently monitoring 1 HTCondor log file(s)
08/10/20 13:05:47 Reassigning the id of job create_dir_harry-potter-text-analysis_0_local from (58.0.0) to (58.0.0)
08/10/20 13:05:47 Event: ULOG_SUBMIT for HTCondor Node create_dir_harry-potter-text-analysis_0_local (58.0.0) {08/10/20 13:05:42}
08/10/20 13:05:47 Number of idle job procs: 1
08/10/20 13:05:52 Currently monitoring 1 HTCondor log file(s)
08/10/20 13:05:52 Event: ULOG_EXECUTE for HTCondor Node create_dir_harry-potter-text-analysis_0_local (58.0.0) {08/10/20 13:05:47}
08/10/20 13:05:52 Number of idle job procs: 0
08/10/20 13:05:52 Event: ULOG_JOB_TERMINATED for HTCondor Node create_dir_harry-potter-text-analysis_0_local (58.0.0) {08/10/20 13:05:49}
08/10/20 13:05:52 Number of idle job procs: 0
08/10/20 13:05:52 Node create_dir_harry-potter-text-analysis_0_local job proc (58.0.0) completed successfully.
08/10/20 13:05:52 Node create_dir_harry-potter-text-analysis_0_local job completed
08/10/20 13:05:52 Running POST script of Node create_dir_harry-potter-text-analysis_0_local...
08/10/20 13:05:52 Warning: mysin has length 0 (ignore if produced by DAGMan; see gittrac #4987, #5031)
08/10/20 13:05:52 DAG status: 0 (DAG_STATUS_OK)
08/10/20 13:05:52 Of 19 nodes total:
08/10/20 13:05:52  Done     Pre   Queued    Post   Ready   Un-Ready   Failed
08/10/20 13:05:52   ===     ===      ===     ===     ===        ===      ===
08/10/20 13:05:52     0       0        0       1       0         18        0
08/10/20 13:05:52 0 job proc(s) currently held
08/10/20 13:05:52 DAGMan Runtime Statistics: [ EventCycleTimeStd = 0.06757876266454962; EventCycleTimeMax = 0.1013479232788086; SubmitCycleTimeMin = 0.0004730224609375; SubmitCycleTimeAvg = 0.03063766161600749; SleepCycleTimeCount = 2.0; SubmitCycleTimeCount = 3.0; SubmitCycleTimeMax = 0.09016203880310059; SleepCycleTimeMin = 5.001587867736816; SubmitCycleTimeSum = 0.09191298484802246; LogProcessCycleTimeStd = 0.01350132145197979; SubmitCycleTimeStd = 0.05155119374066877; LogProcessCycleTimeAvg = 0.01439106464385986; EventCycleTimeMin = 0.005777120590209961; LogProcessCycleTimeMax = 0.02393794059753418; LogProcessCycleTimeMin = 0.004844188690185547; LogProcessCycleTimeSum = 0.02878212928771973; LogProcessCycleTimeCount = 2.0; EventCycleTimeSum = 0.1071250438690186; SleepCycleTimeSum = 10.00720286369324; SleepCycleTimeAvg = 5.003601431846619; SleepCycleTimeStd = 0.002847609672790044; SleepCycleTimeMax = 5.005614995956421; EventCycleTimeCount = 2.0; EventCycleTimeAvg = 0.05356252193450928; ]
08/10/20 13:05:52 Initializing user log writer for /home/scitech/shared-data/sample-text-analysis-wf/scitech/pegasus/harry-potter-text-analysis/run0005/./harry-potter-text-analysis-0.dag.nodes.log, (58.0.0)
08/10/20 13:05:57 Currently monitoring 1 HTCondor log file(s)
08/10/20 13:05:57 Event: ULOG_POST_SCRIPT_TERMINATED for HTCondor Node create_dir_harry-potter-text-analysis_0_local (58.0.0) {08/10/20 13:05:52}
08/10/20 13:05:57 POST Script of node create_dir_harry-potter-text-analysis_0_local completed successfully.
08/10/20 13:05:57 DAG status: 0 (DAG_STATUS_OK)
08/10/20 13:05:57 Of 19 nodes total:
08/10/20 13:05:57  Done     Pre   Queued    Post   Ready   Un-Ready   Failed
08/10/20 13:05:57   ===     ===      ===     ===     ===        ===      ===
08/10/20 13:05:57     1       0        0       0       4         14        0
08/10/20 13:05:57 0 job proc(s) currently held
08/10/20 13:05:57 DAGMan Runtime Statistics: [ EventCycleTimeStd = 0.04923942619598084; EventCycleTimeMax = 0.1013479232788086; SubmitCycleTimeMin = 0.0004730224609375; SubmitCycleTimeAvg = 0.02324450016021729; SleepCycleTimeCount = 3.0; SubmitCycleTimeCount = 4.0; SubmitCycleTimeMax = 0.09016203880310059; SleepCycleTimeMin = 5.001587867736816; SubmitCycleTimeSum = 0.09297800064086914; LogProcessCycleTimeStd = 0.0107478393008634; SubmitCycleTimeStd = 0.04461299208344477; LogProcessCycleTimeAvg = 0.01154073079427083; EventCycleTimeMin = 0.005777120590209961; LogProcessCycleTimeMax = 0.02393794059753418; LogProcessCycleTimeMin = 0.004844188690185547; LogProcessCycleTimeSum = 0.0346221923828125; LogProcessCycleTimeCount = 3.0; EventCycleTimeSum = 0.1401150226593018; SleepCycleTimeSum = 15.33607387542725; SleepCycleTimeAvg = 5.112024625142415; SleepCycleTimeStd = 0.1878052740840889; SleepCycleTimeMax = 5.328871011734009; EventCycleTimeCount = 3.0; EventCycleTimeAvg = 0.04670500755310059; ]
08/10/20 13:06:02 Submitting HTCondor Node stage_in_remote_local_2_0 job(s)...
08/10/20 13:06:02 Adding a DAGMan workflow log /home/scitech/shared-data/sample-text-analysis-wf/scitech/pegasus/harry-potter-text-analysis/run0005/./harry-potter-text-analysis-0.dag.nodes.log
08/10/20 13:06:02 Masking the events recorded in the DAGMAN workflow log
08/10/20 13:06:02 Mask for workflow log is 0,1,2,4,5,7,9,10,11,12,13,16,17,24,27,35,36
08/10/20 13:06:02 submitting: /usr/bin/condor_submit -a dag_node_name' '=' 'stage_in_remote_local_2_0 -a +DAGManJobId' '=' '57 -a DAGManJobId' '=' '57 -batch-name harry-potter-text-analysis-0.dag+57 -a submit_event_notes' '=' 'DAG' 'Node:' 'stage_in_remote_local_2_0 -a dagman_log' '=' '/home/scitech/shared-data/sample-text-analysis-wf/scitech/pegasus/harry-potter-text-analysis/run0005/./harry-potter-text-analysis-0.dag.nodes.log -a +DAGManNodesMask' '=' '"0,1,2,4,5,7,9,10,11,12,13,16,17,24,27,35,36" -a priority=700 -a +DAGNodeRetry' '=' '0 -a DAG_STATUS' '=' '0 -a FAILED_COUNT' '=' '0 -a +KeepClaimIdle' '=' '20 -a notification' '=' 'never -a +DAGParentNodeNames' '=' '"create_dir_harry-potter-text-analysis_0_local" 00/00/stage_in_remote_local_2_0.sub
08/10/20 13:06:02 From submit: Submitting job(s).
08/10/20 13:06:02 From submit: 1 job(s) submitted to cluster 59.
08/10/20 13:06:02 	assigned HTCondor ID (59.0.0)
08/10/20 13:06:02 Submitting HTCondor Node stage_in_remote_local_1_0 job(s)...
08/10/20 13:06:02 Adding a DAGMan workflow log /home/scitech/shared-data/sample-text-analysis-wf/scitech/pegasus/harry-potter-text-analysis/run0005/./harry-potter-text-analysis-0.dag.nodes.log
08/10/20 13:06:02 Masking the events recorded in the DAGMAN workflow log
08/10/20 13:06:02 Mask for workflow log is 0,1,2,4,5,7,9,10,11,12,13,16,17,24,27,35,36
08/10/20 13:06:02 submitting: /usr/bin/condor_submit -a dag_node_name' '=' 'stage_in_remote_local_1_0 -a +DAGManJobId' '=' '57 -a DAGManJobId' '=' '57 -batch-name harry-potter-text-analysis-0.dag+57 -a submit_event_notes' '=' 'DAG' 'Node:' 'stage_in_remote_local_1_0 -a dagman_log' '=' '/home/scitech/shared-data/sample-text-analysis-wf/scitech/pegasus/harry-potter-text-analysis/run0005/./harry-potter-text-analysis-0.dag.nodes.log -a +DAGManNodesMask' '=' '"0,1,2,4,5,7,9,10,11,12,13,16,17,24,27,35,36" -a priority=700 -a +DAGNodeRetry' '=' '0 -a DAG_STATUS' '=' '0 -a FAILED_COUNT' '=' '0 -a +KeepClaimIdle' '=' '20 -a notification' '=' 'never -a +DAGParentNodeNames' '=' '"create_dir_harry-potter-text-analysis_0_local" 00/00/stage_in_remote_local_1_0.sub
08/10/20 13:06:02 From submit: Submitting job(s).
08/10/20 13:06:02 From submit: 1 job(s) submitted to cluster 60.
08/10/20 13:06:02 	assigned HTCondor ID (60.0.0)
08/10/20 13:06:02 Submitting HTCondor Node stage_in_remote_local_0_0 job(s)...
08/10/20 13:06:02 Adding a DAGMan workflow log /home/scitech/shared-data/sample-text-analysis-wf/scitech/pegasus/harry-potter-text-analysis/run0005/./harry-potter-text-analysis-0.dag.nodes.log
08/10/20 13:06:02 Masking the events recorded in the DAGMAN workflow log
08/10/20 13:06:02 Mask for workflow log is 0,1,2,4,5,7,9,10,11,12,13,16,17,24,27,35,36
08/10/20 13:06:02 submitting: /usr/bin/condor_submit -a dag_node_name' '=' 'stage_in_remote_local_0_0 -a +DAGManJobId' '=' '57 -a DAGManJobId' '=' '57 -batch-name harry-potter-text-analysis-0.dag+57 -a submit_event_notes' '=' 'DAG' 'Node:' 'stage_in_remote_local_0_0 -a dagman_log' '=' '/home/scitech/shared-data/sample-text-analysis-wf/scitech/pegasus/harry-potter-text-analysis/run0005/./harry-potter-text-analysis-0.dag.nodes.log -a +DAGManNodesMask' '=' '"0,1,2,4,5,7,9,10,11,12,13,16,17,24,27,35,36" -a priority=700 -a +DAGNodeRetry' '=' '0 -a DAG_STATUS' '=' '0 -a FAILED_COUNT' '=' '0 -a +KeepClaimIdle' '=' '20 -a notification' '=' 'never -a +DAGParentNodeNames' '=' '"create_dir_harry-potter-text-analysis_0_local" 00/00/stage_in_remote_local_0_0.sub
08/10/20 13:06:02 From submit: Submitting job(s).
08/10/20 13:06:02 From submit: 1 job(s) submitted to cluster 61.
08/10/20 13:06:02 	assigned HTCondor ID (61.0.0)
08/10/20 13:06:02 Submitting HTCondor Node stage_in_local_local_0_0 job(s)...
08/10/20 13:06:02 Adding a DAGMan workflow log /home/scitech/shared-data/sample-text-analysis-wf/scitech/pegasus/harry-potter-text-analysis/run0005/./harry-potter-text-analysis-0.dag.nodes.log
08/10/20 13:06:02 Masking the events recorded in the DAGMAN workflow log
08/10/20 13:06:02 Mask for workflow log is 0,1,2,4,5,7,9,10,11,12,13,16,17,24,27,35,36
08/10/20 13:06:02 submitting: /usr/bin/condor_submit -a dag_node_name' '=' 'stage_in_local_local_0_0 -a +DAGManJobId' '=' '57 -a DAGManJobId' '=' '57 -batch-name harry-potter-text-analysis-0.dag+57 -a submit_event_notes' '=' 'DAG' 'Node:' 'stage_in_local_local_0_0 -a dagman_log' '=' '/home/scitech/shared-data/sample-text-analysis-wf/scitech/pegasus/harry-potter-text-analysis/run0005/./harry-potter-text-analysis-0.dag.nodes.log -a +DAGManNodesMask' '=' '"0,1,2,4,5,7,9,10,11,12,13,16,17,24,27,35,36" -a priority=700 -a +DAGNodeRetry' '=' '0 -a DAG_STATUS' '=' '0 -a FAILED_COUNT' '=' '0 -a +KeepClaimIdle' '=' '20 -a notification' '=' 'never -a +DAGParentNodeNames' '=' '"create_dir_harry-potter-text-analysis_0_local" 00/00/stage_in_local_local_0_0.sub
08/10/20 13:06:02 From submit: Submitting job(s).
08/10/20 13:06:02 From submit: 1 job(s) submitted to cluster 62.
08/10/20 13:06:02 	assigned HTCondor ID (62.0.0)
08/10/20 13:06:02 Just submitted 4 jobs this cycle...
08/10/20 13:06:02 DAG status: 0 (DAG_STATUS_OK)
08/10/20 13:06:02 Of 19 nodes total:
08/10/20 13:06:02  Done     Pre   Queued    Post   Ready   Un-Ready   Failed
08/10/20 13:06:02   ===     ===      ===     ===     ===        ===      ===
08/10/20 13:06:02     1       0        4       0       0         14        0
08/10/20 13:06:02 0 job proc(s) currently held
08/10/20 13:06:02 DAGMan Runtime Statistics: [ EventCycleTimeStd = 0.04288476548652924; EventCycleTimeMax = 0.1013479232788086; SubmitCycleTimeMin = 0.0004730224609375; SubmitCycleTimeAvg = 0.07423200607299804; SleepCycleTimeCount = 4.0; SubmitCycleTimeCount = 5.0; SubmitCycleTimeMax = 0.2781820297241211; SleepCycleTimeMin = 5.001587867736816; SubmitCycleTimeSum = 0.3711600303649902; LogProcessCycleTimeStd = 0.0107478393008634; SubmitCycleTimeStd = 0.1203800984091947; LogProcessCycleTimeAvg = 0.01154073079427083; EventCycleTimeMin = 0.005777120590209961; LogProcessCycleTimeMax = 0.02393794059753418; LogProcessCycleTimeMin = 0.004844188690185547; LogProcessCycleTimeSum = 0.0346221923828125; LogProcessCycleTimeCount = 3.0; EventCycleTimeSum = 0.1569700241088867; SleepCycleTimeSum = 20.34189891815186; SleepCycleTimeAvg = 5.085474729537964; SleepCycleTimeStd = 0.1622759023257222; SleepCycleTimeMax = 5.328871011734009; EventCycleTimeCount = 4.0; EventCycleTimeAvg = 0.03924250602722168; ]
08/10/20 13:06:07 Currently monitoring 1 HTCondor log file(s)
08/10/20 13:06:07 Reassigning the id of job stage_in_remote_local_2_0 from (59.0.0) to (59.0.0)
08/10/20 13:06:07 Event: ULOG_SUBMIT for HTCondor Node stage_in_remote_local_2_0 (59.0.0) {08/10/20 13:06:02}
08/10/20 13:06:07 Number of idle job procs: 1
08/10/20 13:06:07 Reassigning the id of job stage_in_remote_local_1_0 from (60.0.0) to (60.0.0)
08/10/20 13:06:07 Event: ULOG_SUBMIT for HTCondor Node stage_in_remote_local_1_0 (60.0.0) {08/10/20 13:06:02}
08/10/20 13:06:07 Number of idle job procs: 2
08/10/20 13:06:07 Reassigning the id of job stage_in_remote_local_0_0 from (61.0.0) to (61.0.0)
08/10/20 13:06:07 Event: ULOG_SUBMIT for HTCondor Node stage_in_remote_local_0_0 (61.0.0) {08/10/20 13:06:02}
08/10/20 13:06:07 Number of idle job procs: 3
08/10/20 13:06:07 Reassigning the id of job stage_in_local_local_0_0 from (62.0.0) to (62.0.0)
08/10/20 13:06:07 Event: ULOG_SUBMIT for HTCondor Node stage_in_local_local_0_0 (62.0.0) {08/10/20 13:06:02}
08/10/20 13:06:07 Number of idle job procs: 4
08/10/20 13:06:07 Event: ULOG_EXECUTE for HTCondor Node stage_in_remote_local_1_0 (60.0.0) {08/10/20 13:06:04}
08/10/20 13:06:07 Number of idle job procs: 3
08/10/20 13:06:07 Event: ULOG_EXECUTE for HTCondor Node stage_in_local_local_0_0 (62.0.0) {08/10/20 13:06:04}
08/10/20 13:06:07 Number of idle job procs: 2
08/10/20 13:06:07 Event: ULOG_EXECUTE for HTCondor Node stage_in_remote_local_2_0 (59.0.0) {08/10/20 13:06:04}
08/10/20 13:06:07 Number of idle job procs: 1
08/10/20 13:06:07 Event: ULOG_EXECUTE for HTCondor Node stage_in_remote_local_0_0 (61.0.0) {08/10/20 13:06:04}
08/10/20 13:06:07 Number of idle job procs: 0
08/10/20 13:06:12 Currently monitoring 1 HTCondor log file(s)
08/10/20 13:06:12 Event: ULOG_JOB_TERMINATED for HTCondor Node stage_in_remote_local_2_0 (59.0.0) {08/10/20 13:06:09}
08/10/20 13:06:12 Number of idle job procs: 0
08/10/20 13:06:12 Node stage_in_remote_local_2_0 job proc (59.0.0) completed successfully.
08/10/20 13:06:12 Node stage_in_remote_local_2_0 job completed
08/10/20 13:06:12 Running POST script of Node stage_in_remote_local_2_0...
08/10/20 13:06:12 Warning: mysin has length 0 (ignore if produced by DAGMan; see gittrac #4987, #5031)
08/10/20 13:06:12 Event: ULOG_JOB_TERMINATED for HTCondor Node stage_in_remote_local_1_0 (60.0.0) {08/10/20 13:06:09}
08/10/20 13:06:12 Number of idle job procs: 0
08/10/20 13:06:12 Node stage_in_remote_local_1_0 job proc (60.0.0) completed successfully.
08/10/20 13:06:12 Node stage_in_remote_local_1_0 job completed
08/10/20 13:06:12 Running POST script of Node stage_in_remote_local_1_0...
08/10/20 13:06:12 Warning: mysin has length 0 (ignore if produced by DAGMan; see gittrac #4987, #5031)
08/10/20 13:06:12 Event: ULOG_JOB_TERMINATED for HTCondor Node stage_in_local_local_0_0 (62.0.0) {08/10/20 13:06:09}
08/10/20 13:06:12 Number of idle job procs: 0
08/10/20 13:06:12 Node stage_in_local_local_0_0 job proc (62.0.0) completed successfully.
08/10/20 13:06:12 Node stage_in_local_local_0_0 job completed
08/10/20 13:06:12 Running POST script of Node stage_in_local_local_0_0...
08/10/20 13:06:12 Warning: mysin has length 0 (ignore if produced by DAGMan; see gittrac #4987, #5031)
08/10/20 13:06:12 Event: ULOG_JOB_TERMINATED for HTCondor Node stage_in_remote_local_0_0 (61.0.0) {08/10/20 13:06:09}
08/10/20 13:06:12 Number of idle job procs: 0
08/10/20 13:06:12 Node stage_in_remote_local_0_0 job proc (61.0.0) completed successfully.
08/10/20 13:06:12 Node stage_in_remote_local_0_0 job completed
08/10/20 13:06:12 Running POST script of Node stage_in_remote_local_0_0...
08/10/20 13:06:12 Warning: mysin has length 0 (ignore if produced by DAGMan; see gittrac #4987, #5031)
08/10/20 13:06:12 DAG status: 0 (DAG_STATUS_OK)
08/10/20 13:06:12 Of 19 nodes total:
08/10/20 13:06:12  Done     Pre   Queued    Post   Ready   Un-Ready   Failed
08/10/20 13:06:12   ===     ===      ===     ===     ===        ===      ===
08/10/20 13:06:12     1       0        0       4       0         14        0
08/10/20 13:06:12 0 job proc(s) currently held
08/10/20 13:06:12 DAGMan Runtime Statistics: [ EventCycleTimeStd = 0.1049777036852399; EventCycleTimeMax = 0.2881810665130615; SubmitCycleTimeMin = 0.0004730224609375; SubmitCycleTimeAvg = 0.0542949948992048; SleepCycleTimeCount = 6.0; SubmitCycleTimeCount = 7.0; SubmitCycleTimeMax = 0.2781820297241211; SleepCycleTimeMin = 4.975647926330566; SubmitCycleTimeSum = 0.3800649642944336; LogProcessCycleTimeStd = 0.03550230327603492; SubmitCycleTimeStd = 0.1040442044483164; LogProcessCycleTimeAvg = 0.03685288429260254; EventCycleTimeMin = 0.005777120590209961; LogProcessCycleTimeMax = 0.07645416259765625; LogProcessCycleTimeMin = 0.004844188690185547; LogProcessCycleTimeSum = 0.1842644214630127; LogProcessCycleTimeCount = 5.0; EventCycleTimeSum = 0.53727126121521; SleepCycleTimeSum = 30.32734966278076; SleepCycleTimeAvg = 5.054558277130127; SleepCycleTimeStd = 0.1349471067517787; SleepCycleTimeMax = 5.328871011734009; EventCycleTimeCount = 6.0; EventCycleTimeAvg = 0.08954521020253499; ]
08/10/20 13:06:13 Initializing user log writer for /home/scitech/shared-data/sample-text-analysis-wf/scitech/pegasus/harry-potter-text-analysis/run0005/./harry-potter-text-analysis-0.dag.nodes.log, (60.0.0)
08/10/20 13:06:13 Initializing user log writer for /home/scitech/shared-data/sample-text-analysis-wf/scitech/pegasus/harry-potter-text-analysis/run0005/./harry-potter-text-analysis-0.dag.nodes.log, (59.0.0)
08/10/20 13:06:13 Initializing user log writer for /home/scitech/shared-data/sample-text-analysis-wf/scitech/pegasus/harry-potter-text-analysis/run0005/./harry-potter-text-analysis-0.dag.nodes.log, (62.0.0)
08/10/20 13:06:13 Initializing user log writer for /home/scitech/shared-data/sample-text-analysis-wf/scitech/pegasus/harry-potter-text-analysis/run0005/./harry-potter-text-analysis-0.dag.nodes.log, (61.0.0)
08/10/20 13:06:17 Currently monitoring 1 HTCondor log file(s)
08/10/20 13:06:17 Event: ULOG_POST_SCRIPT_TERMINATED for HTCondor Node stage_in_remote_local_1_0 (60.0.0) {08/10/20 13:06:13}
08/10/20 13:06:17 POST Script of node stage_in_remote_local_1_0 completed successfully.
08/10/20 13:06:17 Event: ULOG_POST_SCRIPT_TERMINATED for HTCondor Node stage_in_remote_local_2_0 (59.0.0) {08/10/20 13:06:13}
08/10/20 13:06:17 POST Script of node stage_in_remote_local_2_0 completed successfully.
08/10/20 13:06:17 Event: ULOG_POST_SCRIPT_TERMINATED for HTCondor Node stage_in_local_local_0_0 (62.0.0) {08/10/20 13:06:13}
08/10/20 13:06:17 POST Script of node stage_in_local_local_0_0 completed successfully.
08/10/20 13:06:17 Event: ULOG_POST_SCRIPT_TERMINATED for HTCondor Node stage_in_remote_local_0_0 (61.0.0) {08/10/20 13:06:13}
08/10/20 13:06:17 POST Script of node stage_in_remote_local_0_0 completed successfully.
08/10/20 13:06:17 DAG status: 0 (DAG_STATUS_OK)
08/10/20 13:06:17 Of 19 nodes total:
08/10/20 13:06:17  Done     Pre   Queued    Post   Ready   Un-Ready   Failed
08/10/20 13:06:17   ===     ===      ===     ===     ===        ===      ===
08/10/20 13:06:17     5       0        0       0       1         13        0
08/10/20 13:06:17 0 job proc(s) currently held
08/10/20 13:06:17 DAGMan Runtime Statistics: [ EventCycleTimeStd = 0.09585992910697033; EventCycleTimeMax = 0.2881810665130615; SubmitCycleTimeMin = 0.0004730224609375; SubmitCycleTimeAvg = 0.04764237999916077; SleepCycleTimeCount = 7.0; SubmitCycleTimeCount = 8.0; SubmitCycleTimeMax = 0.2781820297241211; SleepCycleTimeMin = 4.910480976104736; SubmitCycleTimeSum = 0.3811390399932861; LogProcessCycleTimeStd = 0.03175648404396506; SubmitCycleTimeStd = 0.09814681920190683; LogProcessCycleTimeAvg = 0.0366982618967692; EventCycleTimeMin = 0.005777120590209961; LogProcessCycleTimeMax = 0.07645416259765625; LogProcessCycleTimeMin = 0.004844188690185547; LogProcessCycleTimeSum = 0.2201895713806152; LogProcessCycleTimeCount = 6.0; EventCycleTimeSum = 0.620596170425415; SleepCycleTimeSum = 35.2378306388855; SleepCycleTimeAvg = 5.033975805555071; SleepCycleTimeStd = 0.1346887831392272; SleepCycleTimeMax = 5.328871011734009; EventCycleTimeCount = 7.0; EventCycleTimeAvg = 0.08865659577505929; ]
08/10/20 13:06:22 Submitting HTCondor Node word_count_ID0000001 job(s)...
08/10/20 13:06:22 Adding a DAGMan workflow log /home/scitech/shared-data/sample-text-analysis-wf/scitech/pegasus/harry-potter-text-analysis/run0005/./harry-potter-text-analysis-0.dag.nodes.log
08/10/20 13:06:22 Masking the events recorded in the DAGMAN workflow log
08/10/20 13:06:22 Mask for workflow log is 0,1,2,4,5,7,9,10,11,12,13,16,17,24,27,35,36
08/10/20 13:06:22 submitting: /usr/bin/condor_submit -a dag_node_name' '=' 'word_count_ID0000001 -a +DAGManJobId' '=' '57 -a DAGManJobId' '=' '57 -batch-name harry-potter-text-analysis-0.dag+57 -a submit_event_notes' '=' 'DAG' 'Node:' 'word_count_ID0000001 -a dagman_log' '=' '/home/scitech/shared-data/sample-text-analysis-wf/scitech/pegasus/harry-potter-text-analysis/run0005/./harry-potter-text-analysis-0.dag.nodes.log -a +DAGManNodesMask' '=' '"0,1,2,4,5,7,9,10,11,12,13,16,17,24,27,35,36" -a priority=20 -a +DAGNodeRetry' '=' '0 -a DAG_STATUS' '=' '0 -a FAILED_COUNT' '=' '0 -a +KeepClaimIdle' '=' '20 -a notification' '=' 'never -a +DAGParentNodeNames' '=' '"stage_in_remote_local_0_0,stage_in_local_local_0_0" 00/00/word_count_ID0000001.sub
08/10/20 13:06:22 From submit: Submitting job(s).
08/10/20 13:06:22 From submit: 1 job(s) submitted to cluster 63.
08/10/20 13:06:22 	assigned HTCondor ID (63.0.0)
08/10/20 13:06:22 Just submitted 1 job this cycle...
08/10/20 13:06:22 DAG status: 0 (DAG_STATUS_OK)
08/10/20 13:06:22 Of 19 nodes total:
08/10/20 13:06:23  Done     Pre   Queued    Post   Ready   Un-Ready   Failed
08/10/20 13:06:23   ===     ===      ===     ===     ===        ===      ===
08/10/20 13:06:23     5       0        1       0       0         13        0
08/10/20 13:06:23 0 job proc(s) currently held
08/10/20 13:06:23 DAGMan Runtime Statistics: [ EventCycleTimeStd = 0.08960555841634885; EventCycleTimeMax = 0.2881810665130615; SubmitCycleTimeMin = 0.0004730224609375; SubmitCycleTimeAvg = 0.05276534292432997; SleepCycleTimeCount = 8.0; SubmitCycleTimeCount = 9.0; SubmitCycleTimeMax = 0.2781820297241211; SleepCycleTimeMin = 4.910480976104736; SubmitCycleTimeSum = 0.4748880863189697; LogProcessCycleTimeStd = 0.03175648404396506; SubmitCycleTimeStd = 0.09308545051034688; LogProcessCycleTimeAvg = 0.0366982618967692; EventCycleTimeMin = 0.005777120590209961; LogProcessCycleTimeMax = 0.07645416259765625; LogProcessCycleTimeMin = 0.004844188690185547; LogProcessCycleTimeSum = 0.2201895713806152; LogProcessCycleTimeCount = 6.0; EventCycleTimeSum = 0.6742942333221436; SleepCycleTimeSum = 40.24324464797974; SleepCycleTimeAvg = 5.030405580997467; SleepCycleTimeStd = 0.1251057918101494; SleepCycleTimeMax = 5.328871011734009; EventCycleTimeCount = 8.0; EventCycleTimeAvg = 0.08428677916526794; ]
08/10/20 13:06:28 Currently monitoring 1 HTCondor log file(s)
08/10/20 13:06:28 Reassigning the id of job word_count_ID0000001 from (63.0.0) to (63.0.0)
08/10/20 13:06:28 Event: ULOG_SUBMIT for HTCondor Node word_count_ID0000001 (63.0.0) {08/10/20 13:06:22}
08/10/20 13:06:28 Number of idle job procs: 1
08/10/20 13:06:33 Currently monitoring 1 HTCondor log file(s)
08/10/20 13:06:33 Event: ULOG_EXECUTE for HTCondor Node word_count_ID0000001 (63.0.0) {08/10/20 13:06:32}
08/10/20 13:06:33 Number of idle job procs: 0
08/10/20 13:06:38 Currently monitoring 1 HTCondor log file(s)
08/10/20 13:06:38 Event: ULOG_JOB_TERMINATED for HTCondor Node word_count_ID0000001 (63.0.0) {08/10/20 13:06:34}
08/10/20 13:06:38 Number of idle job procs: 0
08/10/20 13:06:38 Node word_count_ID0000001 job proc (63.0.0) completed successfully.
08/10/20 13:06:38 Node word_count_ID0000001 job completed
08/10/20 13:06:38 Running POST script of Node word_count_ID0000001...
08/10/20 13:06:38 Warning: mysin has length 0 (ignore if produced by DAGMan; see gittrac #4987, #5031)
08/10/20 13:06:38 DAG status: 0 (DAG_STATUS_OK)
08/10/20 13:06:38 Of 19 nodes total:
08/10/20 13:06:38  Done     Pre   Queued    Post   Ready   Un-Ready   Failed
08/10/20 13:06:38   ===     ===      ===     ===     ===        ===      ===
08/10/20 13:06:38     5       0        0       1       0         13        0
08/10/20 13:06:38 0 job proc(s) currently held
08/10/20 13:06:38 DAGMan Runtime Statistics: [ EventCycleTimeStd = 0.08171309464405591; EventCycleTimeMax = 0.2881810665130615; SubmitCycleTimeMin = 0.0003919601440429688; SubmitCycleTimeAvg = 0.03977584838867188; SleepCycleTimeCount = 11.0; SubmitCycleTimeCount = 12.0; SubmitCycleTimeMax = 0.2781820297241211; SleepCycleTimeMin = 4.910480976104736; SubmitCycleTimeSum = 0.4773101806640625; LogProcessCycleTimeStd = 0.02843146742060268; SubmitCycleTimeStd = 0.08278887420276254; LogProcessCycleTimeAvg = 0.02845358848571777; EventCycleTimeMin = 0.005777120590209961; LogProcessCycleTimeMax = 0.07645416259765625; LogProcessCycleTimeMin = 0.004844188690185547; LogProcessCycleTimeSum = 0.25608229637146; LogProcessCycleTimeCount = 9.0; EventCycleTimeSum = 0.7938265800476074; SleepCycleTimeSum = 55.26076626777649; SleepCycleTimeAvg = 5.023706024343317; SleepCycleTimeStd = 0.1052990685578298; SleepCycleTimeMax = 5.328871011734009; EventCycleTimeCount = 11.0; EventCycleTimeAvg = 0.07216605273160068; ]
08/10/20 13:06:38 Initializing user log writer for /home/scitech/shared-data/sample-text-analysis-wf/scitech/pegasus/harry-potter-text-analysis/run0005/./harry-potter-text-analysis-0.dag.nodes.log, (63.0.0)
08/10/20 13:06:43 Currently monitoring 1 HTCondor log file(s)
08/10/20 13:06:43 Event: ULOG_POST_SCRIPT_TERMINATED for HTCondor Node word_count_ID0000001 (63.0.0) {08/10/20 13:06:38}
08/10/20 13:06:43 POST Script of node word_count_ID0000001 completed successfully.
08/10/20 13:06:43 DAG status: 0 (DAG_STATUS_OK)
08/10/20 13:06:43 Of 19 nodes total:
08/10/20 13:06:43  Done     Pre   Queued    Post   Ready   Un-Ready   Failed
08/10/20 13:06:43   ===     ===      ===     ===     ===        ===      ===
08/10/20 13:06:43     6       0        0       0       3         10        0
08/10/20 13:06:43 0 job proc(s) currently held
08/10/20 13:06:43 DAGMan Runtime Statistics: [ EventCycleTimeStd = 0.07857441511505914; EventCycleTimeMax = 0.2881810665130615; SubmitCycleTimeMin = 0.0003919601440429688; SubmitCycleTimeAvg = 0.03684025544386644; SleepCycleTimeCount = 12.0; SubmitCycleTimeCount = 13.0; SubmitCycleTimeMax = 0.2781820297241211; SleepCycleTimeMin = 4.910480976104736; SubmitCycleTimeSum = 0.4789233207702637; LogProcessCycleTimeStd = 0.02742403704977237; SubmitCycleTimeStd = 0.07996787726728856; LogProcessCycleTimeAvg = 0.02662203311920166; EventCycleTimeMin = 0.005777120590209961; LogProcessCycleTimeMax = 0.07645416259765625; LogProcessCycleTimeMin = 0.004844188690185547; LogProcessCycleTimeSum = 0.2662203311920166; LogProcessCycleTimeCount = 10.0; EventCycleTimeSum = 0.8306806087493896; SleepCycleTimeSum = 60.61972427368164; SleepCycleTimeAvg = 5.05164368947347; SleepCycleTimeStd = 0.1394491344011521; SleepCycleTimeMax = 5.358958005905151; EventCycleTimeCount = 12.0; EventCycleTimeAvg = 0.06922338406244914; ]
08/10/20 13:06:48 Submitting HTCondor Node clean_up_local_level_3_0 job(s)...
08/10/20 13:06:48 Adding a DAGMan workflow log /home/scitech/shared-data/sample-text-analysis-wf/scitech/pegasus/harry-potter-text-analysis/run0005/./harry-potter-text-analysis-0.dag.nodes.log
08/10/20 13:06:48 Masking the events recorded in the DAGMAN workflow log
08/10/20 13:06:48 Mask for workflow log is 0,1,2,4,5,7,9,10,11,12,13,16,17,24,27,35,36
08/10/20 13:06:48 submitting: /usr/bin/condor_submit -a dag_node_name' '=' 'clean_up_local_level_3_0 -a +DAGManJobId' '=' '57 -a DAGManJobId' '=' '57 -batch-name harry-potter-text-analysis-0.dag+57 -a submit_event_notes' '=' 'DAG' 'Node:' 'clean_up_local_level_3_0 -a dagman_log' '=' '/home/scitech/shared-data/sample-text-analysis-wf/scitech/pegasus/harry-potter-text-analysis/run0005/./harry-potter-text-analysis-0.dag.nodes.log -a +DAGManNodesMask' '=' '"0,1,2,4,5,7,9,10,11,12,13,16,17,24,27,35,36" -a priority=1000 -a +DAGNodeRetry' '=' '0 -a DAG_STATUS' '=' '0 -a FAILED_COUNT' '=' '0 -a +KeepClaimIdle' '=' '20 -a notification' '=' 'never -a +DAGParentNodeNames' '=' '"word_count_ID0000001" 00/00/clean_up_local_level_3_0.sub
08/10/20 13:06:48 From submit: Submitting job(s).
08/10/20 13:06:48 From submit: 1 job(s) submitted to cluster 64.
08/10/20 13:06:48 	assigned HTCondor ID (64.0.0)
08/10/20 13:06:48 Submitting HTCondor Node stage_out_local_local_0_0 job(s)...
08/10/20 13:06:48 Adding a DAGMan workflow log /home/scitech/shared-data/sample-text-analysis-wf/scitech/pegasus/harry-potter-text-analysis/run0005/./harry-potter-text-analysis-0.dag.nodes.log
08/10/20 13:06:48 Masking the events recorded in the DAGMAN workflow log
08/10/20 13:06:48 Mask for workflow log is 0,1,2,4,5,7,9,10,11,12,13,16,17,24,27,35,36
08/10/20 13:06:48 submitting: /usr/bin/condor_submit -a dag_node_name' '=' 'stage_out_local_local_0_0 -a +DAGManJobId' '=' '57 -a DAGManJobId' '=' '57 -batch-name harry-potter-text-analysis-0.dag+57 -a submit_event_notes' '=' 'DAG' 'Node:' 'stage_out_local_local_0_0 -a dagman_log' '=' '/home/scitech/shared-data/sample-text-analysis-wf/scitech/pegasus/harry-potter-text-analysis/run0005/./harry-potter-text-analysis-0.dag.nodes.log -a +DAGManNodesMask' '=' '"0,1,2,4,5,7,9,10,11,12,13,16,17,24,27,35,36" -a priority=900 -a +DAGNodeRetry' '=' '0 -a DAG_STATUS' '=' '0 -a FAILED_COUNT' '=' '0 -a +KeepClaimIdle' '=' '20 -a notification' '=' 'never -a +DAGParentNodeNames' '=' '"word_count_ID0000001" 00/00/stage_out_local_local_0_0.sub
08/10/20 13:06:48 From submit: Submitting job(s).
08/10/20 13:06:48 From submit: 1 job(s) submitted to cluster 65.
08/10/20 13:06:48 	assigned HTCondor ID (65.0.0)
08/10/20 13:06:48 Submitting HTCondor Node sort_ID0000002 job(s)...
08/10/20 13:06:48 Adding a DAGMan workflow log /home/scitech/shared-data/sample-text-analysis-wf/scitech/pegasus/harry-potter-text-analysis/run0005/./harry-potter-text-analysis-0.dag.nodes.log
08/10/20 13:06:48 Masking the events recorded in the DAGMAN workflow log
08/10/20 13:06:48 Mask for workflow log is 0,1,2,4,5,7,9,10,11,12,13,16,17,24,27,35,36
08/10/20 13:06:48 submitting: /usr/bin/condor_submit -a dag_node_name' '=' 'sort_ID0000002 -a +DAGManJobId' '=' '57 -a DAGManJobId' '=' '57 -batch-name harry-potter-text-analysis-0.dag+57 -a submit_event_notes' '=' 'DAG' 'Node:' 'sort_ID0000002 -a dagman_log' '=' '/home/scitech/shared-data/sample-text-analysis-wf/scitech/pegasus/harry-potter-text-analysis/run0005/./harry-potter-text-analysis-0.dag.nodes.log -a +DAGManNodesMask' '=' '"0,1,2,4,5,7,9,10,11,12,13,16,17,24,27,35,36" -a priority=30 -a +DAGNodeRetry' '=' '0 -a DAG_STATUS' '=' '0 -a FAILED_COUNT' '=' '0 -a +KeepClaimIdle' '=' '20 -a notification' '=' 'never -a +DAGParentNodeNames' '=' '"stage_in_remote_local_1_0,word_count_ID0000001" 00/00/sort_ID0000002.sub
08/10/20 13:06:48 From submit: Submitting job(s).
08/10/20 13:06:48 From submit: 1 job(s) submitted to cluster 66.
08/10/20 13:06:48 	assigned HTCondor ID (66.0.0)
08/10/20 13:06:48 Just submitted 3 jobs this cycle...
08/10/20 13:06:48 DAG status: 0 (DAG_STATUS_OK)
08/10/20 13:06:48 Of 19 nodes total:
08/10/20 13:06:48  Done     Pre   Queued    Post   Ready   Un-Ready   Failed
08/10/20 13:06:48   ===     ===      ===     ===     ===        ===      ===
08/10/20 13:06:48     6       0        3       0       0         10        0
08/10/20 13:06:48 0 job proc(s) currently held
08/10/20 13:06:48 DAGMan Runtime Statistics: [ EventCycleTimeStd = 0.07622822008800803; EventCycleTimeMax = 0.2881810665130615; SubmitCycleTimeMin = 0.0003919601440429688; SubmitCycleTimeAvg = 0.05077224118368966; SleepCycleTimeCount = 13.0; SubmitCycleTimeCount = 14.0; SubmitCycleTimeMax = 0.2781820297241211; SleepCycleTimeMin = 4.910480976104736; SubmitCycleTimeSum = 0.7108113765716553; LogProcessCycleTimeStd = 0.02742403704977237; SubmitCycleTimeStd = 0.09284585156499479; LogProcessCycleTimeAvg = 0.02662203311920166; EventCycleTimeMin = 0.005777120590209961; LogProcessCycleTimeMax = 0.07645416259765625; LogProcessCycleTimeMin = 0.004844188690185547; LogProcessCycleTimeSum = 0.2662203311920166; LogProcessCycleTimeCount = 10.0; EventCycleTimeSum = 0.8555545806884766; SleepCycleTimeSum = 65.63029742240906; SleepCycleTimeAvg = 5.048484417108389; SleepCycleTimeStd = 0.1339974216885933; SleepCycleTimeMax = 5.358958005905151; EventCycleTimeCount = 13.0; EventCycleTimeAvg = 0.06581189082219051; ]
08/10/20 13:06:53 Currently monitoring 1 HTCondor log file(s)
08/10/20 13:06:53 Reassigning the id of job clean_up_local_level_3_0 from (64.0.0) to (64.0.0)
08/10/20 13:06:53 Event: ULOG_SUBMIT for HTCondor Node clean_up_local_level_3_0 (64.0.0) {08/10/20 13:06:48}
08/10/20 13:06:53 Number of idle job procs: 1
08/10/20 13:06:53 Reassigning the id of job stage_out_local_local_0_0 from (65.0.0) to (65.0.0)
08/10/20 13:06:53 Event: ULOG_SUBMIT for HTCondor Node stage_out_local_local_0_0 (65.0.0) {08/10/20 13:06:48}
08/10/20 13:06:53 Number of idle job procs: 2
08/10/20 13:06:53 Reassigning the id of job sort_ID0000002 from (66.0.0) to (66.0.0)
08/10/20 13:06:53 Event: ULOG_SUBMIT for HTCondor Node sort_ID0000002 (66.0.0) {08/10/20 13:06:48}
08/10/20 13:06:53 Number of idle job procs: 3
08/10/20 13:06:53 Event: ULOG_EXECUTE for HTCondor Node sort_ID0000002 (66.0.0) {08/10/20 13:06:51}
08/10/20 13:06:53 Number of idle job procs: 2
08/10/20 13:06:53 Event: ULOG_JOB_TERMINATED for HTCondor Node sort_ID0000002 (66.0.0) {08/10/20 13:06:52}
08/10/20 13:06:53 Number of idle job procs: 2
08/10/20 13:06:53 Node sort_ID0000002 job proc (66.0.0) failed with status 1.
08/10/20 13:06:53 Node sort_ID0000002 job completed
08/10/20 13:06:53 Running POST script of Node sort_ID0000002...
08/10/20 13:06:53 Warning: mysin has length 0 (ignore if produced by DAGMan; see gittrac #4987, #5031)
08/10/20 13:06:53 DAG status: 0 (DAG_STATUS_OK)
08/10/20 13:06:53 Of 19 nodes total:
08/10/20 13:06:53  Done     Pre   Queued    Post   Ready   Un-Ready   Failed
08/10/20 13:06:53   ===     ===      ===     ===     ===        ===      ===
08/10/20 13:06:53     6       0        2       1       0         10        0
08/10/20 13:06:53 0 job proc(s) currently held
08/10/20 13:06:53 DAGMan Runtime Statistics: [ EventCycleTimeStd = 0.0868527091321457; EventCycleTimeMax = 0.2881810665130615; SubmitCycleTimeMin = 0.0003919601440429688; SubmitCycleTimeAvg = 0.04745896657307943; SleepCycleTimeCount = 14.0; SubmitCycleTimeCount = 15.0; SubmitCycleTimeMax = 0.2781820297241211; SleepCycleTimeMin = 4.910480976104736; SubmitCycleTimeSum = 0.7118844985961914; LogProcessCycleTimeStd = 0.0261585500857664; SubmitCycleTimeStd = 0.09038406686480185; LogProcessCycleTimeAvg = 0.02744221687316895; EventCycleTimeMin = 0.005777120590209961; LogProcessCycleTimeMax = 0.07645416259765625; LogProcessCycleTimeMin = 0.004844188690185547; LogProcessCycleTimeSum = 0.3018643856048584; LogProcessCycleTimeCount = 11.0; EventCycleTimeSum = 1.096051454544067; SleepCycleTimeSum = 70.63935041427612; SleepCycleTimeAvg = 5.045667886734009; SleepCycleTimeStd = 0.1291711701937685; SleepCycleTimeMax = 5.358958005905151; EventCycleTimeCount = 14.0; EventCycleTimeAvg = 0.07828938961029053; ]
08/10/20 13:06:54 Initializing user log writer for /home/scitech/shared-data/sample-text-analysis-wf/scitech/pegasus/harry-potter-text-analysis/run0005/./harry-potter-text-analysis-0.dag.nodes.log, (66.0.0)
08/10/20 13:06:58 Currently monitoring 1 HTCondor log file(s)
08/10/20 13:06:58 Event: ULOG_POST_SCRIPT_TERMINATED for HTCondor Node sort_ID0000002 (66.0.0) {08/10/20 13:06:54}
08/10/20 13:06:58 POST Script of node sort_ID0000002 failed with status 1
08/10/20 13:06:58 POST for Node sort_ID0000002 returned 1
08/10/20 13:06:58 Retrying node sort_ID0000002 (retry #1 of 1)...
08/10/20 13:06:58 Event: ULOG_EXECUTE for HTCondor Node clean_up_local_level_3_0 (64.0.0) {08/10/20 13:06:54}
08/10/20 13:06:58 Number of idle job procs: 1
08/10/20 13:06:58 Event: ULOG_EXECUTE for HTCondor Node stage_out_local_local_0_0 (65.0.0) {08/10/20 13:06:54}
08/10/20 13:06:58 Number of idle job procs: 0
08/10/20 13:06:58 Event: ULOG_JOB_TERMINATED for HTCondor Node stage_out_local_local_0_0 (65.0.0) {08/10/20 13:06:56}
08/10/20 13:06:58 Number of idle job procs: 0
08/10/20 13:06:58 Node stage_out_local_local_0_0 job proc (65.0.0) completed successfully.
08/10/20 13:06:58 Node stage_out_local_local_0_0 job completed
08/10/20 13:06:58 Running POST script of Node stage_out_local_local_0_0...
08/10/20 13:06:58 Warning: mysin has length 0 (ignore if produced by DAGMan; see gittrac #4987, #5031)
08/10/20 13:06:58 DAG status: 0 (DAG_STATUS_OK)
08/10/20 13:06:58 Of 19 nodes total:
08/10/20 13:06:58  Done     Pre   Queued    Post   Ready   Un-Ready   Failed
08/10/20 13:06:58   ===     ===      ===     ===     ===        ===      ===
08/10/20 13:06:58     6       0        1       1       1         10        0
08/10/20 13:06:58 0 job proc(s) currently held
08/10/20 13:06:58 DAGMan Runtime Statistics: [ EventCycleTimeStd = 0.08412240414675724; EventCycleTimeMax = 0.2881810665130615; SubmitCycleTimeMin = 0.0003919601440429688; SubmitCycleTimeAvg = 0.04455433785915375; SleepCycleTimeCount = 15.0; SubmitCycleTimeCount = 16.0; SubmitCycleTimeMax = 0.2781820297241211; SleepCycleTimeMin = 4.296772956848145; SubmitCycleTimeSum = 0.71286940574646; LogProcessCycleTimeStd = 0.02496977163963649; SubmitCycleTimeStd = 0.08808888008296938; LogProcessCycleTimeAvg = 0.02778695027033488; EventCycleTimeMin = 0.005777120590209961; LogProcessCycleTimeMax = 0.07645416259765625; LogProcessCycleTimeMin = 0.004844188690185547; LogProcessCycleTimeSum = 0.3334434032440186; LogProcessCycleTimeCount = 12.0; EventCycleTimeSum = 1.141477584838867; SleepCycleTimeSum = 74.93612337112427; SleepCycleTimeAvg = 4.995741558074951; SleepCycleTimeStd = 0.229962967100622; SleepCycleTimeMax = 5.358958005905151; EventCycleTimeCount = 15.0; EventCycleTimeAvg = 0.07609850565592448; ]
08/10/20 13:06:58 Initializing user log writer for /home/scitech/shared-data/sample-text-analysis-wf/scitech/pegasus/harry-potter-text-analysis/run0005/./harry-potter-text-analysis-0.dag.nodes.log, (65.0.0)
08/10/20 13:07:03 Reassigning the id of job sort_ID0000002 from (66.0.0) to (-1.-1.-1)
08/10/20 13:07:03 Submitting HTCondor Node sort_ID0000002 job(s)...
08/10/20 13:07:03 Adding a DAGMan workflow log /home/scitech/shared-data/sample-text-analysis-wf/scitech/pegasus/harry-potter-text-analysis/run0005/./harry-potter-text-analysis-0.dag.nodes.log
08/10/20 13:07:03 Masking the events recorded in the DAGMAN workflow log
08/10/20 13:07:03 Mask for workflow log is 0,1,2,4,5,7,9,10,11,12,13,16,17,24,27,35,36
08/10/20 13:07:03 submitting: /usr/bin/condor_submit -a dag_node_name' '=' 'sort_ID0000002 -a +DAGManJobId' '=' '57 -a DAGManJobId' '=' '57 -batch-name harry-potter-text-analysis-0.dag+57 -a submit_event_notes' '=' 'DAG' 'Node:' 'sort_ID0000002 -a dagman_log' '=' '/home/scitech/shared-data/sample-text-analysis-wf/scitech/pegasus/harry-potter-text-analysis/run0005/./harry-potter-text-analysis-0.dag.nodes.log -a +DAGManNodesMask' '=' '"0,1,2,4,5,7,9,10,11,12,13,16,17,24,27,35,36" -a priority=30 -a +DAGNodeRetry' '=' '1 -a DAG_STATUS' '=' '0 -a FAILED_COUNT' '=' '0 -a +KeepClaimIdle' '=' '20 -a notification' '=' 'never -a +DAGParentNodeNames' '=' '"stage_in_remote_local_1_0,word_count_ID0000001" 00/00/sort_ID0000002.sub
08/10/20 13:07:03 From submit: Submitting job(s).
08/10/20 13:07:03 From submit: 1 job(s) submitted to cluster 67.
08/10/20 13:07:03 	assigned HTCondor ID (67.0.0)
08/10/20 13:07:03 Just submitted 1 job this cycle...
08/10/20 13:07:03 Currently monitoring 1 HTCondor log file(s)
08/10/20 13:07:03 Event: ULOG_POST_SCRIPT_TERMINATED for HTCondor Node stage_out_local_local_0_0 (65.0.0) {08/10/20 13:06:58}
08/10/20 13:07:03 POST Script of node stage_out_local_local_0_0 completed successfully.
08/10/20 13:07:03 Event: ULOG_JOB_TERMINATED for HTCondor Node clean_up_local_level_3_0 (64.0.0) {08/10/20 13:06:58}
08/10/20 13:07:03 Number of idle job procs: 0
08/10/20 13:07:03 Node clean_up_local_level_3_0 job proc (64.0.0) completed successfully.
08/10/20 13:07:03 Node clean_up_local_level_3_0 job completed
08/10/20 13:07:03 Running POST script of Node clean_up_local_level_3_0...
08/10/20 13:07:03 Warning: mysin has length 0 (ignore if produced by DAGMan; see gittrac #4987, #5031)
08/10/20 13:07:03 Reassigning the id of job sort_ID0000002 from (67.0.0) to (67.0.0)
08/10/20 13:07:03 Event: ULOG_SUBMIT for HTCondor Node sort_ID0000002 (67.0.0) {08/10/20 13:07:03}
08/10/20 13:07:03 Number of idle job procs: 1
08/10/20 13:07:03 DAG status: 0 (DAG_STATUS_OK)
08/10/20 13:07:03 Of 19 nodes total:
08/10/20 13:07:03  Done     Pre   Queued    Post   Ready   Un-Ready   Failed
08/10/20 13:07:03   ===     ===      ===     ===     ===        ===      ===
08/10/20 13:07:03     7       0        1       1       1          9        0
08/10/20 13:07:03 0 job proc(s) currently held
08/10/20 13:07:03 DAGMan Runtime Statistics: [ EventCycleTimeStd = 0.08173047330749217; EventCycleTimeMax = 0.2881810665130615; SubmitCycleTimeMin = 0.0003919601440429688; SubmitCycleTimeAvg = 0.04905101832221536; SleepCycleTimeCount = 16.0; SubmitCycleTimeCount = 17.0; SubmitCycleTimeMax = 0.2781820297241211; SleepCycleTimeMin = 4.296772956848145; SubmitCycleTimeSum = 0.8338673114776611; LogProcessCycleTimeStd = 0.02400332069067555; SubmitCycleTimeStd = 0.08728353176749171; LogProcessCycleTimeAvg = 0.02838356678302471; EventCycleTimeMin = 0.005777120590209961; LogProcessCycleTimeMax = 0.07645416259765625; LogProcessCycleTimeMin = 0.004844188690185547; LogProcessCycleTimeSum = 0.3689863681793213; LogProcessCycleTimeCount = 13.0; EventCycleTimeSum = 1.182920455932617; SleepCycleTimeSum = 80.25361251831055; SleepCycleTimeAvg = 5.015850782394409; SleepCycleTimeStd = 0.236278500077542; SleepCycleTimeMax = 5.358958005905151; EventCycleTimeCount = 16.0; EventCycleTimeAvg = 0.07393252849578857; ]
08/10/20 13:07:05 Initializing user log writer for /home/scitech/shared-data/sample-text-analysis-wf/scitech/pegasus/harry-potter-text-analysis/run0005/./harry-potter-text-analysis-0.dag.nodes.log, (64.0.0)
08/10/20 13:07:08 Submitting HTCondor Node register_local_0_0 job(s)...
08/10/20 13:07:08 Adding a DAGMan workflow log /home/scitech/shared-data/sample-text-analysis-wf/scitech/pegasus/harry-potter-text-analysis/run0005/./harry-potter-text-analysis-0.dag.nodes.log
08/10/20 13:07:08 Masking the events recorded in the DAGMAN workflow log
08/10/20 13:07:08 Mask for workflow log is 0,1,2,4,5,7,9,10,11,12,13,16,17,24,27,35,36
08/10/20 13:07:08 submitting: /usr/bin/condor_submit -a dag_node_name' '=' 'register_local_0_0 -a +DAGManJobId' '=' '57 -a DAGManJobId' '=' '57 -batch-name harry-potter-text-analysis-0.dag+57 -a submit_event_notes' '=' 'DAG' 'Node:' 'register_local_0_0 -a dagman_log' '=' '/home/scitech/shared-data/sample-text-analysis-wf/scitech/pegasus/harry-potter-text-analysis/run0005/./harry-potter-text-analysis-0.dag.nodes.log -a +DAGManNodesMask' '=' '"0,1,2,4,5,7,9,10,11,12,13,16,17,24,27,35,36" -a priority=40 -a +DAGNodeRetry' '=' '0 -a DAG_STATUS' '=' '0 -a FAILED_COUNT' '=' '0 -a notification' '=' 'never -a +DAGParentNodeNames' '=' '"stage_out_local_local_0_0" 00/00/register_local_0_0.sub
08/10/20 13:07:08 From submit: Submitting job(s).
08/10/20 13:07:08 From submit: 1 job(s) submitted to cluster 68.
08/10/20 13:07:08 	assigned HTCondor ID (68.0.0)
08/10/20 13:07:08 Just submitted 1 job this cycle...
08/10/20 13:07:08 Currently monitoring 1 HTCondor log file(s)
08/10/20 13:07:08 Event: ULOG_POST_SCRIPT_TERMINATED for HTCondor Node clean_up_local_level_3_0 (64.0.0) {08/10/20 13:07:05}
08/10/20 13:07:08 POST Script of node clean_up_local_level_3_0 completed successfully.
08/10/20 13:07:08 Event: ULOG_EXECUTE for HTCondor Node sort_ID0000002 (67.0.0) {08/10/20 13:07:06}
08/10/20 13:07:08 Number of idle job procs: 0
08/10/20 13:07:08 Reassigning the id of job register_local_0_0 from (68.0.0) to (68.0.0)
08/10/20 13:07:08 Event: ULOG_SUBMIT for HTCondor Node register_local_0_0 (68.0.0) {08/10/20 13:07:08}
08/10/20 13:07:08 Number of idle job procs: 1
08/10/20 13:07:08 DAG status: 0 (DAG_STATUS_OK)
08/10/20 13:07:08 Of 19 nodes total:
08/10/20 13:07:08  Done     Pre   Queued    Post   Ready   Un-Ready   Failed
08/10/20 13:07:08   ===     ===      ===     ===     ===        ===      ===
08/10/20 13:07:08     8       0        2       0       0          9        0
08/10/20 13:07:08 0 job proc(s) currently held
08/10/20 13:07:08 DAGMan Runtime Statistics: [ EventCycleTimeStd = 0.08257389212405852; EventCycleTimeMax = 0.2881810665130615; SubmitCycleTimeMin = 0.0003919601440429688; SubmitCycleTimeAvg = 0.05049167739020453; SleepCycleTimeCount = 17.0; SubmitCycleTimeCount = 18.0; SubmitCycleTimeMax = 0.2781820297241211; SleepCycleTimeMin = 4.296772956848145; SubmitCycleTimeSum = 0.9088501930236816; LogProcessCycleTimeStd = 0.02341058858977317; SubmitCycleTimeStd = 0.08489777286667378; LogProcessCycleTimeAvg = 0.02730732304709298; EventCycleTimeMin = 0.005777120590209961; LogProcessCycleTimeMax = 0.07645416259765625; LogProcessCycleTimeMin = 0.004844188690185547; LogProcessCycleTimeSum = 0.3823025226593018; LogProcessCycleTimeCount = 14.0; EventCycleTimeSum = 1.354080438613892; SleepCycleTimeSum = 84.9703893661499; SleepCycleTimeAvg = 4.998258198008818; SleepCycleTimeStd = 0.2399995675624222; SleepCycleTimeMax = 5.358958005905151; EventCycleTimeCount = 17.0; EventCycleTimeAvg = 0.0796517905066995; ]
08/10/20 13:07:13 Currently monitoring 1 HTCondor log file(s)
08/10/20 13:07:13 Event: ULOG_JOB_TERMINATED for HTCondor Node sort_ID0000002 (67.0.0) {08/10/20 13:07:08}
08/10/20 13:07:13 Number of idle job procs: 1
08/10/20 13:07:13 Node sort_ID0000002 job proc (67.0.0) failed with status 1.
08/10/20 13:07:13 Node sort_ID0000002 job completed
08/10/20 13:07:13 Running POST script of Node sort_ID0000002...
08/10/20 13:07:13 Warning: mysin has length 0 (ignore if produced by DAGMan; see gittrac #4987, #5031)
08/10/20 13:07:13 Event: ULOG_EXECUTE for HTCondor Node register_local_0_0 (68.0.0) {08/10/20 13:07:10}
08/10/20 13:07:13 Number of idle job procs: 0
08/10/20 13:07:13 DAG status: 0 (DAG_STATUS_OK)
08/10/20 13:07:13 Of 19 nodes total:
08/10/20 13:07:13  Done     Pre   Queued    Post   Ready   Un-Ready   Failed
08/10/20 13:07:13   ===     ===      ===     ===     ===        ===      ===
08/10/20 13:07:13     8       0        1       1       0          9        0
08/10/20 13:07:13 0 job proc(s) currently held
08/10/20 13:07:13 DAGMan Runtime Statistics: [ EventCycleTimeStd = 0.08022893633213503; EventCycleTimeMax = 0.2881810665130615; SubmitCycleTimeMin = 0.0003361701965332031; SubmitCycleTimeAvg = 0.04785191385369552; SleepCycleTimeCount = 18.0; SubmitCycleTimeCount = 19.0; SubmitCycleTimeMax = 0.2781820297241211; SleepCycleTimeMin = 4.296772956848145; SubmitCycleTimeSum = 0.9091863632202148; LogProcessCycleTimeStd = 0.02265725972466806; SubmitCycleTimeStd = 0.08330430076401688; LogProcessCycleTimeAvg = 0.02676310539245606; EventCycleTimeMin = 0.005777120590209961; LogProcessCycleTimeMax = 0.07645416259765625; LogProcessCycleTimeMin = 0.004844188690185547; LogProcessCycleTimeSum = 0.4014465808868408; LogProcessCycleTimeCount = 15.0; EventCycleTimeSum = 1.452380418777466; SleepCycleTimeSum = 89.94138550758362; SleepCycleTimeAvg = 4.996743639310201; SleepCycleTimeStd = 0.2329224320046394; SleepCycleTimeMax = 5.358958005905151; EventCycleTimeCount = 18.0; EventCycleTimeAvg = 0.08068780104319255; ]
08/10/20 13:07:13 Initializing user log writer for /home/scitech/shared-data/sample-text-analysis-wf/scitech/pegasus/harry-potter-text-analysis/run0005/./harry-potter-text-analysis-0.dag.nodes.log, (67.0.0)
08/10/20 13:07:18 Currently monitoring 1 HTCondor log file(s)
08/10/20 13:07:18 Event: ULOG_POST_SCRIPT_TERMINATED for HTCondor Node sort_ID0000002 (67.0.0) {08/10/20 13:07:13}
08/10/20 13:07:18 POST Script of node sort_ID0000002 failed with status 1
08/10/20 13:07:18 POST for Node sort_ID0000002 returned 1
08/10/20 13:07:18 Event: ULOG_JOB_TERMINATED for HTCondor Node register_local_0_0 (68.0.0) {08/10/20 13:07:14}
08/10/20 13:07:18 Number of idle job procs: 0
08/10/20 13:07:18 Node register_local_0_0 job proc (68.0.0) completed successfully.
08/10/20 13:07:18 Node register_local_0_0 job completed
08/10/20 13:07:18 Running POST script of Node register_local_0_0...
08/10/20 13:07:18 Warning: mysin has length 0 (ignore if produced by DAGMan; see gittrac #4987, #5031)
08/10/20 13:07:18 DAG status: 2 (DAG_STATUS_NODE_FAILED)
08/10/20 13:07:18 Of 19 nodes total:
08/10/20 13:07:18  Done     Pre   Queued    Post   Ready   Un-Ready   Failed
08/10/20 13:07:18   ===     ===      ===     ===     ===        ===      ===
08/10/20 13:07:18     8       0        0       1       0          9        1
08/10/20 13:07:18 0 job proc(s) currently held
08/10/20 13:07:18 DAGMan Runtime Statistics: [ EventCycleTimeStd = 0.0790099707862655; EventCycleTimeMax = 0.2881810665130615; SubmitCycleTimeMin = 0.0003361701965332031; SubmitCycleTimeAvg = 0.0455804705619812; SleepCycleTimeCount = 19.0; SubmitCycleTimeCount = 20.0; SubmitCycleTimeMax = 0.2781820297241211; SleepCycleTimeMin = 4.296772956848145; SubmitCycleTimeSum = 0.911609411239624; LogProcessCycleTimeStd = 0.02189001434709719; SubmitCycleTimeStd = 0.08171629684222055; LogProcessCycleTimeAvg = 0.02671022713184357; EventCycleTimeMin = 0.005777120590209961; LogProcessCycleTimeMax = 0.07645416259765625; LogProcessCycleTimeMin = 0.004844188690185547; LogProcessCycleTimeSum = 0.4273636341094971; LogProcessCycleTimeCount = 16.0; EventCycleTimeSum = 1.477334499359131; SleepCycleTimeSum = 95.28703141212463; SleepCycleTimeAvg = 5.015106916427612; SleepCycleTimeStd = 0.2400953989015025; SleepCycleTimeMax = 5.358958005905151; EventCycleTimeCount = 19.0; EventCycleTimeAvg = 0.0777544473346911; ]
08/10/20 13:07:19 Initializing user log writer for /home/scitech/shared-data/sample-text-analysis-wf/scitech/pegasus/harry-potter-text-analysis/run0005/./harry-potter-text-analysis-0.dag.nodes.log, (68.0.0)
08/10/20 13:07:23 Currently monitoring 1 HTCondor log file(s)
08/10/20 13:07:23 Event: ULOG_POST_SCRIPT_TERMINATED for HTCondor Node register_local_0_0 (68.0.0) {08/10/20 13:07:19}
08/10/20 13:07:23 POST Script of node register_local_0_0 completed successfully.
08/10/20 13:07:23 DAG status: 2 (DAG_STATUS_NODE_FAILED)
08/10/20 13:07:23 Of 19 nodes total:
08/10/20 13:07:23  Done     Pre   Queued    Post   Ready   Un-Ready   Failed
08/10/20 13:07:23   ===     ===      ===     ===     ===        ===      ===
08/10/20 13:07:23     9       0        0       0       0          9        1
08/10/20 13:07:23 0 job proc(s) currently held
08/10/20 13:07:23 DAGMan Runtime Statistics: [ EventCycleTimeStd = 0.07743048163241271; EventCycleTimeMax = 0.2881810665130615; SubmitCycleTimeMin = 0.0003361701965332031; SubmitCycleTimeAvg = 0.04343977428617932; SleepCycleTimeCount = 20.0; SubmitCycleTimeCount = 21.0; SubmitCycleTimeMax = 0.2781820297241211; SleepCycleTimeMin = 4.296772956848145; SubmitCycleTimeSum = 0.9122352600097656; LogProcessCycleTimeStd = 0.02181765875162323; SubmitCycleTimeStd = 0.08024904798547758; LogProcessCycleTimeAvg = 0.02545498399173512; EventCycleTimeMin = 0.005777120590209961; LogProcessCycleTimeMax = 0.07645416259765625; LogProcessCycleTimeMin = 0.004844188690185547; LogProcessCycleTimeSum = 0.4327347278594971; LogProcessCycleTimeCount = 17.0; EventCycleTimeSum = 1.51472544670105; SleepCycleTimeSum = 99.6375675201416; SleepCycleTimeAvg = 4.98187837600708; SleepCycleTimeStd = 0.2769377710594451; SleepCycleTimeMax = 5.358958005905151; EventCycleTimeCount = 20.0; EventCycleTimeAvg = 0.07573627233505249; ]
08/10/20 13:07:23 ERROR: the following job(s) failed:
08/10/20 13:07:23 ---------------------- Job ----------------------
08/10/20 13:07:23       Node Name: sort_ID0000002
08/10/20 13:07:23            Noop: false
08/10/20 13:07:23          NodeID: 6
08/10/20 13:07:23     Node Status: STATUS_ERROR    
08/10/20 13:07:23 Node return val: 1
08/10/20 13:07:23           Error: Job exited with status 1 and POST Script failed with status 1 (after 1 node retries)
08/10/20 13:07:23 Job Submit File: 00/00/sort_ID0000002.sub
08/10/20 13:07:23     POST Script: /home/scitech/pegasus/dist/pegasus-5.0.0dev/bin/pegasus-exitcode  -s PegasusLite:+exitcode+0 -l harry-potter-text-analysis-0.exitcode.log -M harry-potter-text-analysis-0.cache.meta  .//00/00/sort_ID0000002.out
08/10/20 13:07:23           Retry: 1
08/10/20 13:07:23  HTCondor Job ID: (67.0.0)
08/10/20 13:07:23       Q_PARENTS: stage_in_remote_local_1_0, word_count_ID0000001, <END>
08/10/20 13:07:23       Q_WAITING: <END>
08/10/20 13:07:23      Q_CHILDREN: plot_ID0000003, stage_out_local_local_1_0, clean_up_local_level_4_0, <END>
08/10/20 13:07:23 ---------------------------------------	<END>
08/10/20 13:07:23 Aborting DAG...
08/10/20 13:07:23 Writing Rescue DAG to harry-potter-text-analysis-0.dag.rescue001...
08/10/20 13:07:23 Removing submitted jobs...
08/10/20 13:07:23 Removing any/all submitted HTCondor jobs...
08/10/20 13:07:23 Running: /usr/bin/condor_rm -const DAGManJobId' '=?=' '57
08/10/20 13:07:23 Note: 0 total job deferrals because of -MaxJobs limit (0)
08/10/20 13:07:23 Note: 0 total job deferrals because of -MaxIdle limit (1000)
08/10/20 13:07:23 Note: 0 total job deferrals because of node category throttles
08/10/20 13:07:23 Note: 0 total PRE script deferrals because of -MaxPre limit (20) or DEFER
08/10/20 13:07:23 Note: 0 total POST script deferrals because of -MaxPost limit (20) or DEFER
08/10/20 13:07:23 DAG status: 2 (DAG_STATUS_NODE_FAILED)
08/10/20 13:07:23 Of 19 nodes total:
08/10/20 13:07:23  Done     Pre   Queued    Post   Ready   Un-Ready   Failed
08/10/20 13:07:23   ===     ===      ===     ===     ===        ===      ===
08/10/20 13:07:23     9       0        0       0       0          9        1
08/10/20 13:07:23 0 job proc(s) currently held
08/10/20 13:07:23 DAGMan Runtime Statistics: [ EventCycleTimeStd = 0.07743048163241271; EventCycleTimeMax = 0.2881810665130615; SubmitCycleTimeMin = 0.0003361701965332031; SubmitCycleTimeAvg = 0.04343977428617932; SleepCycleTimeCount = 20.0; SubmitCycleTimeCount = 21.0; SubmitCycleTimeMax = 0.2781820297241211; SleepCycleTimeMin = 4.296772956848145; SubmitCycleTimeSum = 0.9122352600097656; LogProcessCycleTimeStd = 0.02181765875162323; SubmitCycleTimeStd = 0.08024904798547758; LogProcessCycleTimeAvg = 0.02545498399173512; EventCycleTimeMin = 0.005777120590209961; LogProcessCycleTimeMax = 0.07645416259765625; LogProcessCycleTimeMin = 0.004844188690185547; LogProcessCycleTimeSum = 0.4327347278594971; LogProcessCycleTimeCount = 17.0; EventCycleTimeSum = 1.51472544670105; SleepCycleTimeSum = 99.6375675201416; SleepCycleTimeAvg = 4.98187837600708; SleepCycleTimeStd = 0.2769377710594451; SleepCycleTimeMax = 5.358958005905151; EventCycleTimeCount = 20.0; EventCycleTimeAvg = 0.07573627233505249; ]
08/10/20 13:07:23 Wrote metrics file harry-potter-text-analysis-0.dag.metrics.
08/10/20 13:07:23 Reporting metrics to Pegasus metrics server(s); output is in harry-potter-text-analysis-0.dag.metrics.out.
08/10/20 13:07:23 Running command </usr/libexec/condor/condor_dagman_metrics_reporter -f harry-potter-text-analysis-0.dag.metrics -t 100>
08/10/20 13:07:23 Warning: mysin has length 0 (ignore if produced by DAGMan; see gittrac #4987, #5031)
08/10/20 13:07:23 DAGMan Runtime Statistics: [ EventCycleTimeStd = 0.07743048163241271; EventCycleTimeMax = 0.2881810665130615; SubmitCycleTimeMin = 0.0003361701965332031; SubmitCycleTimeAvg = 0.04343977428617932; SleepCycleTimeCount = 20.0; SubmitCycleTimeCount = 21.0; SubmitCycleTimeMax = 0.2781820297241211; SleepCycleTimeMin = 4.296772956848145; SubmitCycleTimeSum = 0.9122352600097656; LogProcessCycleTimeStd = 0.02181765875162323; SubmitCycleTimeStd = 0.08024904798547758; LogProcessCycleTimeAvg = 0.02545498399173512; EventCycleTimeMin = 0.005777120590209961; LogProcessCycleTimeMax = 0.07645416259765625; LogProcessCycleTimeMin = 0.004844188690185547; LogProcessCycleTimeSum = 0.4327347278594971; LogProcessCycleTimeCount = 17.0; EventCycleTimeSum = 1.51472544670105; SleepCycleTimeSum = 99.6375675201416; SleepCycleTimeAvg = 4.98187837600708; SleepCycleTimeStd = 0.2769377710594451; SleepCycleTimeMax = 5.358958005905151; EventCycleTimeCount = 20.0; EventCycleTimeAvg = 0.07573627233505249; ]
08/10/20 13:07:23 **** condor_scheduniv_exec.57.0 (condor_DAGMAN) pid 54878 EXITING WITH STATUS 1
