000 (022.000.000) 08/09 23:36:54 Job submitted from host: <127.0.0.1:9618?addrs=127.0.0.1-9618&noUDP&sock=246_5063_4>
    DAG Node: create_dir_harry-potter-text-analysis_0_local
    pool:local
...
001 (022.000.000) 08/09 23:36:55 Job executing on host: <127.0.0.1:9618?addrs=127.0.0.1-9618&noUDP&sock=40374_e2a3_2>
...
005 (022.000.000) 08/09 23:36:57 Job terminated.
	(1) Normal termination (return value 0)
		Usr 0 00:00:00, Sys 0 00:00:00  -  Run Remote Usage
		Usr 0 00:00:00, Sys 0 00:00:00  -  Run Local Usage
		Usr 0 00:00:00, Sys 0 00:00:00  -  Total Remote Usage
		Usr 0 00:00:00, Sys 0 00:00:00  -  Total Local Usage
	0  -  Run Bytes Sent By Job
	0  -  Run Bytes Received By Job
	0  -  Total Bytes Sent By Job
	0  -  Total Bytes Received By Job
...
016 (022.000.000) 08/09 23:36:59 POST Script terminated.
	(1) Normal termination (return value 0)
    DAG Node: create_dir_harry-potter-text-analysis_0_local
...
000 (023.000.000) 08/09 23:37:09 Job submitted from host: <127.0.0.1:9618?addrs=127.0.0.1-9618&noUDP&sock=246_5063_4>
    DAG Node: stage_in_remote_local_2_0
    pool:local
...
000 (024.000.000) 08/09 23:37:09 Job submitted from host: <127.0.0.1:9618?addrs=127.0.0.1-9618&noUDP&sock=246_5063_4>
    DAG Node: stage_in_remote_local_1_0
    pool:local
...
000 (025.000.000) 08/09 23:37:10 Job submitted from host: <127.0.0.1:9618?addrs=127.0.0.1-9618&noUDP&sock=246_5063_4>
    DAG Node: stage_in_remote_local_0_0
    pool:local
...
001 (023.000.000) 08/09 23:37:10 Job executing on host: <127.0.0.1:9618?addrs=127.0.0.1-9618&noUDP&sock=40374_e2a3_3>
...
001 (025.000.000) 08/09 23:37:10 Job executing on host: <127.0.0.1:9618?addrs=127.0.0.1-9618&noUDP&sock=40374_e2a3_4>
...
000 (026.000.000) 08/09 23:37:10 Job submitted from host: <127.0.0.1:9618?addrs=127.0.0.1-9618&noUDP&sock=246_5063_4>
    DAG Node: stage_in_local_local_0_0
    pool:local
...
001 (024.000.000) 08/09 23:37:10 Job executing on host: <127.0.0.1:9618?addrs=127.0.0.1-9618&noUDP&sock=40374_e2a3_5>
...
005 (025.000.000) 08/09 23:37:13 Job terminated.
	(1) Normal termination (return value 0)
		Usr 0 00:00:00, Sys 0 00:00:00  -  Run Remote Usage
		Usr 0 00:00:00, Sys 0 00:00:00  -  Run Local Usage
		Usr 0 00:00:00, Sys 0 00:00:00  -  Total Remote Usage
		Usr 0 00:00:00, Sys 0 00:00:00  -  Total Local Usage
	0  -  Run Bytes Sent By Job
	0  -  Run Bytes Received By Job
	0  -  Total Bytes Sent By Job
	0  -  Total Bytes Received By Job
...
005 (023.000.000) 08/09 23:37:13 Job terminated.
	(1) Normal termination (return value 0)
		Usr 0 00:00:00, Sys 0 00:00:00  -  Run Remote Usage
		Usr 0 00:00:00, Sys 0 00:00:00  -  Run Local Usage
		Usr 0 00:00:00, Sys 0 00:00:00  -  Total Remote Usage
		Usr 0 00:00:00, Sys 0 00:00:00  -  Total Local Usage
	0  -  Run Bytes Sent By Job
	0  -  Run Bytes Received By Job
	0  -  Total Bytes Sent By Job
	0  -  Total Bytes Received By Job
...
005 (024.000.000) 08/09 23:37:13 Job terminated.
	(1) Normal termination (return value 0)
		Usr 0 00:00:00, Sys 0 00:00:00  -  Run Remote Usage
		Usr 0 00:00:00, Sys 0 00:00:00  -  Run Local Usage
		Usr 0 00:00:00, Sys 0 00:00:00  -  Total Remote Usage
		Usr 0 00:00:00, Sys 0 00:00:00  -  Total Local Usage
	0  -  Run Bytes Sent By Job
	0  -  Run Bytes Received By Job
	0  -  Total Bytes Sent By Job
	0  -  Total Bytes Received By Job
...
001 (026.000.000) 08/09 23:37:13 Job executing on host: <127.0.0.1:9618?addrs=127.0.0.1-9618&noUDP&sock=40374_e2a3_6>
...
005 (026.000.000) 08/09 23:37:16 Job terminated.
	(1) Normal termination (return value 0)
		Usr 0 00:00:00, Sys 0 00:00:00  -  Run Remote Usage
		Usr 0 00:00:00, Sys 0 00:00:00  -  Run Local Usage
		Usr 0 00:00:00, Sys 0 00:00:00  -  Total Remote Usage
		Usr 0 00:00:00, Sys 0 00:00:00  -  Total Local Usage
	0  -  Run Bytes Sent By Job
	0  -  Run Bytes Received By Job
	0  -  Total Bytes Sent By Job
	0  -  Total Bytes Received By Job
...
016 (025.000.000) 08/09 23:37:16 POST Script terminated.
	(1) Normal termination (return value 0)
    DAG Node: stage_in_remote_local_0_0
...
016 (023.000.000) 08/09 23:37:16 POST Script terminated.
	(1) Normal termination (return value 0)
    DAG Node: stage_in_remote_local_2_0
...
016 (024.000.000) 08/09 23:37:16 POST Script terminated.
	(1) Normal termination (return value 0)
    DAG Node: stage_in_remote_local_1_0
...
016 (026.000.000) 08/09 23:37:21 POST Script terminated.
	(1) Normal termination (return value 0)
    DAG Node: stage_in_local_local_0_0
...
000 (027.000.000) 08/09 23:37:30 Job submitted from host: <127.0.0.1:9618?addrs=127.0.0.1-9618&noUDP&sock=246_5063_4>
    DAG Node: word_count_ID0000001
    pool:condorpool
...
001 (027.000.000) 08/09 23:37:35 Job executing on host: <127.0.0.1:9618?addrs=127.0.0.1-9618&noUDP&sock=246_5063_5>
...
005 (027.000.000) 08/09 23:37:37 Job terminated.
	(1) Normal termination (return value 0)
		Usr 0 00:00:00, Sys 0 00:00:00  -  Run Remote Usage
		Usr 0 00:00:00, Sys 0 00:00:00  -  Run Local Usage
		Usr 0 00:00:00, Sys 0 00:00:00  -  Total Remote Usage
		Usr 0 00:00:00, Sys 0 00:00:00  -  Total Local Usage
	73694  -  Run Bytes Sent By Job
	10894677  -  Run Bytes Received By Job
	73694  -  Total Bytes Sent By Job
	10894677  -  Total Bytes Received By Job
	Partitionable Resources :    Usage  Request Allocated 
	   Cpus                 :        0        1         1 
	   Disk (KB)            :    64707    12500  25402878 
	   Memory (MB)          :        0        1       996 
...
016 (027.000.000) 08/09 23:37:41 POST Script terminated.
	(1) Normal termination (return value 0)
    DAG Node: word_count_ID0000001
...
000 (028.000.000) 08/09 23:37:50 Job submitted from host: <127.0.0.1:9618?addrs=127.0.0.1-9618&noUDP&sock=246_5063_4>
    DAG Node: clean_up_local_level_3_0
    pool:local
...
000 (029.000.000) 08/09 23:37:50 Job submitted from host: <127.0.0.1:9618?addrs=127.0.0.1-9618&noUDP&sock=246_5063_4>
    DAG Node: stage_out_local_local_0_0
    pool:local
...
000 (030.000.000) 08/09 23:37:50 Job submitted from host: <127.0.0.1:9618?addrs=127.0.0.1-9618&noUDP&sock=246_5063_4>
    DAG Node: sort_ID0000002
    pool:condorpool
...
001 (030.000.000) 08/09 23:37:52 Job executing on host: <127.0.0.1:9618?addrs=127.0.0.1-9618&noUDP&sock=246_5063_5>
...
001 (029.000.000) 08/09 23:37:53 Job executing on host: <127.0.0.1:9618?addrs=127.0.0.1-9618&noUDP&sock=40374_e2a3_9>
...
001 (028.000.000) 08/09 23:37:53 Job executing on host: <127.0.0.1:9618?addrs=127.0.0.1-9618&noUDP&sock=40374_e2a3_10>
...
005 (030.000.000) 08/09 23:37:54 Job terminated.
	(1) Normal termination (return value 1)
		Usr 0 00:00:00, Sys 0 00:00:00  -  Run Remote Usage
		Usr 0 00:00:00, Sys 0 00:00:00  -  Run Local Usage
		Usr 0 00:00:00, Sys 0 00:00:00  -  Total Remote Usage
		Usr 0 00:00:00, Sys 0 00:00:00  -  Total Local Usage
	8798  -  Run Bytes Sent By Job
	10819707  -  Run Bytes Received By Job
	8798  -  Total Bytes Sent By Job
	10819707  -  Total Bytes Received By Job
	Partitionable Resources :    Usage  Request Allocated 
	   Cpus                 :        0        1         1 
	   Disk (KB)            :    64570    12500  25402878 
	   Memory (MB)          :        0        1       996 
...
016 (030.000.000) 08/09 23:37:56 POST Script terminated.
	(1) Normal termination (return value 1)
    DAG Node: sort_ID0000002
...
005 (029.000.000) 08/09 23:37:57 Job terminated.
	(1) Normal termination (return value 0)
		Usr 0 00:00:00, Sys 0 00:00:00  -  Run Remote Usage
		Usr 0 00:00:00, Sys 0 00:00:00  -  Run Local Usage
		Usr 0 00:00:00, Sys 0 00:00:00  -  Total Remote Usage
		Usr 0 00:00:00, Sys 0 00:00:00  -  Total Local Usage
	0  -  Run Bytes Sent By Job
	0  -  Run Bytes Received By Job
	0  -  Total Bytes Sent By Job
	0  -  Total Bytes Received By Job
...
005 (028.000.000) 08/09 23:37:58 Job terminated.
	(1) Normal termination (return value 0)
		Usr 0 00:00:00, Sys 0 00:00:00  -  Run Remote Usage
		Usr 0 00:00:00, Sys 0 00:00:00  -  Run Local Usage
		Usr 0 00:00:00, Sys 0 00:00:00  -  Total Remote Usage
		Usr 0 00:00:00, Sys 0 00:00:00  -  Total Local Usage
	0  -  Run Bytes Sent By Job
	0  -  Run Bytes Received By Job
	0  -  Total Bytes Sent By Job
	0  -  Total Bytes Received By Job
...
016 (028.000.000) 08/09 23:38:01 POST Script terminated.
	(1) Normal termination (return value 0)
    DAG Node: clean_up_local_level_3_0
...
016 (029.000.000) 08/09 23:38:01 POST Script terminated.
	(1) Normal termination (return value 0)
    DAG Node: stage_out_local_local_0_0
...
000 (031.000.000) 08/09 23:38:05 Job submitted from host: <127.0.0.1:9618?addrs=127.0.0.1-9618&noUDP&sock=246_5063_4>
    DAG Node: sort_ID0000002
    pool:condorpool
...
001 (031.000.000) 08/09 23:38:07 Job executing on host: <127.0.0.1:9618?addrs=127.0.0.1-9618&noUDP&sock=246_5063_5>
...
005 (031.000.000) 08/09 23:38:08 Job terminated.
	(1) Normal termination (return value 1)
		Usr 0 00:00:00, Sys 0 00:00:00  -  Run Remote Usage
		Usr 0 00:00:00, Sys 0 00:00:00  -  Run Local Usage
		Usr 0 00:00:00, Sys 0 00:00:00  -  Total Remote Usage
		Usr 0 00:00:00, Sys 0 00:00:00  -  Total Local Usage
	8798  -  Run Bytes Sent By Job
	10819707  -  Run Bytes Received By Job
	8798  -  Total Bytes Sent By Job
	10819707  -  Total Bytes Received By Job
	Partitionable Resources :    Usage  Request Allocated 
	   Cpus                 :        0        1         1 
	   Disk (KB)            :    64570    12500  25402878 
	   Memory (MB)          :        0        1       996 
...
000 (032.000.000) 08/09 23:38:10 Job submitted from host: <127.0.0.1:9618?addrs=127.0.0.1-9618&noUDP&sock=246_5063_4>
    DAG Node: register_local_0_0
    pool:local
...
016 (031.000.000) 08/09 23:38:10 POST Script terminated.
	(1) Normal termination (return value 1)
    DAG Node: sort_ID0000002
...
001 (032.000.000) 08/09 23:38:15 Job executing on host: <127.0.0.1:9618?addrs=127.0.0.1-9618&noUDP&sock=40374_e2a3_12>
...
005 (032.000.000) 08/09 23:38:19 Job terminated.
	(1) Normal termination (return value 0)
		Usr 0 00:00:00, Sys 0 00:00:00  -  Run Remote Usage
		Usr 0 00:00:00, Sys 0 00:00:00  -  Run Local Usage
		Usr 0 00:00:00, Sys 0 00:00:00  -  Total Remote Usage
		Usr 0 00:00:00, Sys 0 00:00:00  -  Total Local Usage
	0  -  Run Bytes Sent By Job
	0  -  Run Bytes Received By Job
	0  -  Total Bytes Sent By Job
	0  -  Total Bytes Received By Job
...
016 (032.000.000) 08/09 23:38:20 POST Script terminated.
	(1) Normal termination (return value 0)
    DAG Node: register_local_0_0
...
