1597094331 INTERNAL *** MONITORD_STARTED ***
1597094328 INTERNAL *** DAGMAN_STARTED 93.0 ***
1597094332 create_dir_harry-potter-text-analysis_0_local SUBMIT 94.0 local - 1
1597094333 create_dir_harry-potter-text-analysis_0_local EXECUTE 94.0 local - 1
1597094335 create_dir_harry-potter-text-analysis_0_local JOB_TERMINATED 94.0 local - 1
1597094337 create_dir_harry-potter-text-analysis_0_local JOB_SUCCESS 0 local - 1
1597094337 create_dir_harry-potter-text-analysis_0_local POST_SCRIPT_STARTED 94.0 local - 1
1597094338 create_dir_harry-potter-text-analysis_0_local POST_SCRIPT_TERMINATED 94.0 local - 1
1597094342 create_dir_harry-potter-text-analysis_0_local POST_SCRIPT_SUCCESS 0 local - 1
1597094347 stage_in_remote_local_2_0 SUBMIT 95.0 local - 2
1597094347 stage_in_remote_local_1_0 SUBMIT 96.0 local - 3
1597094347 stage_in_remote_local_0_0 SUBMIT 97.0 local - 4
1597094347 stage_in_local_local_0_0 SUBMIT 98.0 local - 5
1597094349 stage_in_remote_local_1_0 EXECUTE 96.0 local - 3
1597094349 stage_in_local_local_0_0 EXECUTE 98.0 local - 5
1597094349 stage_in_remote_local_2_0 EXECUTE 95.0 local - 2
1597094349 stage_in_remote_local_0_0 EXECUTE 97.0 local - 4
1597094352 stage_in_remote_local_2_0 JOB_TERMINATED 95.0 local - 2
1597094352 stage_in_remote_local_2_0 JOB_SUCCESS 0 local - 2
1597094352 stage_in_remote_local_2_0 POST_SCRIPT_STARTED 95.0 local - 2
1597094352 stage_in_local_local_0_0 JOB_TERMINATED 98.0 local - 5
1597094352 stage_in_local_local_0_0 JOB_SUCCESS 0 local - 5
1597094352 stage_in_local_local_0_0 POST_SCRIPT_STARTED 98.0 local - 5
1597094352 stage_in_remote_local_0_0 JOB_TERMINATED 97.0 local - 4
1597094352 stage_in_remote_local_0_0 JOB_SUCCESS 0 local - 4
1597094352 stage_in_remote_local_0_0 POST_SCRIPT_STARTED 97.0 local - 4
1597094352 stage_in_remote_local_1_0 JOB_TERMINATED 96.0 local - 3
1597094352 stage_in_remote_local_1_0 JOB_SUCCESS 0 local - 3
1597094352 stage_in_remote_local_1_0 POST_SCRIPT_STARTED 96.0 local - 3
1597094353 stage_in_local_local_0_0 POST_SCRIPT_TERMINATED 98.0 local - 5
1597094357 stage_in_local_local_0_0 POST_SCRIPT_SUCCESS 0 local - 5
1597094353 stage_in_remote_local_2_0 POST_SCRIPT_TERMINATED 95.0 local - 2
1597094357 stage_in_remote_local_2_0 POST_SCRIPT_SUCCESS 0 local - 2
1597094353 stage_in_remote_local_0_0 POST_SCRIPT_TERMINATED 97.0 local - 4
1597094357 stage_in_remote_local_0_0 POST_SCRIPT_SUCCESS 0 local - 4
1597094353 stage_in_remote_local_1_0 POST_SCRIPT_TERMINATED 96.0 local - 3
1597094357 stage_in_remote_local_1_0 POST_SCRIPT_SUCCESS 0 local - 3
1597094363 word_count_ID0000001 SUBMIT 99.0 condorpool - 6
1597094368 word_count_ID0000001 EXECUTE 99.0 condorpool - 6
1597094370 word_count_ID0000001 JOB_TERMINATED 99.0 condorpool - 6
1597094373 word_count_ID0000001 JOB_SUCCESS 0 condorpool - 6
1597094373 word_count_ID0000001 POST_SCRIPT_STARTED 99.0 condorpool - 6
1597094373 word_count_ID0000001 POST_SCRIPT_TERMINATED 99.0 condorpool - 6
1597094378 word_count_ID0000001 POST_SCRIPT_SUCCESS 0 condorpool - 6
1597094383 clean_up_local_level_3_0 SUBMIT 100.0 local - 7
1597094383 stage_out_local_local_0_0 SUBMIT 101.0 local - 8
1597094383 sort_ID0000002 SUBMIT 102.0 condorpool - 9
1597094385 clean_up_local_level_3_0 EXECUTE 100.0 local - 7
1597094385 stage_out_local_local_0_0 EXECUTE 101.0 local - 8
1597094386 sort_ID0000002 EXECUTE 102.0 condorpool - 9
1597094387 sort_ID0000002 JOB_TERMINATED 102.0 condorpool - 9
1597094388 sort_ID0000002 JOB_SUCCESS 0 condorpool - 9
1597094388 sort_ID0000002 POST_SCRIPT_STARTED 102.0 condorpool - 9
1597094388 stage_out_local_local_0_0 JOB_TERMINATED 101.0 local - 8
1597094388 stage_out_local_local_0_0 JOB_SUCCESS 0 local - 8
1597094388 stage_out_local_local_0_0 POST_SCRIPT_STARTED 101.0 local - 8
1597094389 stage_out_local_local_0_0 POST_SCRIPT_TERMINATED 101.0 local - 8
1597094393 stage_out_local_local_0_0 POST_SCRIPT_SUCCESS 0 local - 8
1597094389 sort_ID0000002 POST_SCRIPT_TERMINATED 102.0 condorpool - 9
1597094393 sort_ID0000002 POST_SCRIPT_SUCCESS 0 condorpool - 9
1597094390 clean_up_local_level_3_0 JOB_TERMINATED 100.0 local - 7
1597094393 clean_up_local_level_3_0 JOB_SUCCESS 0 local - 7
1597094393 clean_up_local_level_3_0 POST_SCRIPT_STARTED 100.0 local - 7
1597094393 clean_up_local_level_3_0 POST_SCRIPT_TERMINATED 100.0 local - 7
1597094399 clean_up_local_level_3_0 POST_SCRIPT_SUCCESS 0 local - 7
1597094398 clean_up_local_level_4_0 SUBMIT 103.0 local - 10
1597094398 stage_out_local_local_1_0 SUBMIT 104.0 local - 11
1597094398 register_local_0_0 SUBMIT 105.0 local - 12
1597094399 plot_ID0000003 SUBMIT 106.0 condorpool - 13
1597094401 plot_ID0000003 EXECUTE 106.0 condorpool - 13
1597094402 register_local_0_0 EXECUTE 105.0 local - 12
1597094402 stage_out_local_local_1_0 EXECUTE 104.0 local - 11
1597094402 clean_up_local_level_4_0 EXECUTE 103.0 local - 10
1597094405 stage_out_local_local_1_0 JOB_TERMINATED 104.0 local - 11
1597094409 stage_out_local_local_1_0 JOB_SUCCESS 0 local - 11
1597094409 stage_out_local_local_1_0 POST_SCRIPT_STARTED 104.0 local - 11
1597094405 plot_ID0000003 JOB_TERMINATED 106.0 condorpool - 13
1597094409 plot_ID0000003 JOB_SUCCESS 0 condorpool - 13
1597094409 plot_ID0000003 POST_SCRIPT_STARTED 106.0 condorpool - 13
1597094406 clean_up_local_level_4_0 JOB_TERMINATED 103.0 local - 10
1597094409 clean_up_local_level_4_0 JOB_SUCCESS 0 local - 10
1597094409 clean_up_local_level_4_0 POST_SCRIPT_STARTED 103.0 local - 10
1597094407 register_local_0_0 JOB_TERMINATED 105.0 local - 12
1597094409 register_local_0_0 JOB_SUCCESS 0 local - 12
1597094409 register_local_0_0 POST_SCRIPT_STARTED 105.0 local - 12
1597094409 plot_ID0000003 POST_SCRIPT_TERMINATED 106.0 condorpool - 13
1597094414 plot_ID0000003 POST_SCRIPT_SUCCESS 0 condorpool - 13
1597094409 register_local_0_0 POST_SCRIPT_TERMINATED 105.0 local - 12
1597094414 register_local_0_0 POST_SCRIPT_SUCCESS 0 local - 12
1597094409 stage_out_local_local_1_0 POST_SCRIPT_TERMINATED 104.0 local - 11
1597094414 stage_out_local_local_1_0 POST_SCRIPT_SUCCESS 0 local - 11
1597094409 clean_up_local_level_4_0 POST_SCRIPT_TERMINATED 103.0 local - 10
1597094414 clean_up_local_level_4_0 POST_SCRIPT_SUCCESS 0 local - 10
1597094420 clean_up_local_level_5_0 SUBMIT 107.0 local - 14
1597094420 stage_out_local_local_2_0 SUBMIT 108.0 local - 15
1597094420 register_local_1_0 SUBMIT 109.0 local - 16
1597094422 clean_up_local_level_5_0 EXECUTE 107.0 local - 14
1597094422 register_local_1_0 EXECUTE 109.0 local - 16
1597094422 stage_out_local_local_2_0 EXECUTE 108.0 local - 15
1597094425 stage_out_local_local_2_0 JOB_TERMINATED 108.0 local - 15
1597094430 stage_out_local_local_2_0 JOB_SUCCESS 0 local - 15
1597094430 stage_out_local_local_2_0 POST_SCRIPT_STARTED 108.0 local - 15
1597094426 register_local_1_0 JOB_TERMINATED 109.0 local - 16
1597094430 register_local_1_0 JOB_SUCCESS 0 local - 16
1597094430 register_local_1_0 POST_SCRIPT_STARTED 109.0 local - 16
1597094426 clean_up_local_level_5_0 JOB_TERMINATED 107.0 local - 14
1597094430 clean_up_local_level_5_0 JOB_SUCCESS 0 local - 14
1597094430 clean_up_local_level_5_0 POST_SCRIPT_STARTED 107.0 local - 14
1597094430 register_local_1_0 POST_SCRIPT_TERMINATED 109.0 local - 16
1597094435 register_local_1_0 POST_SCRIPT_SUCCESS 0 local - 16
1597094430 stage_out_local_local_2_0 POST_SCRIPT_TERMINATED 108.0 local - 15
1597094435 stage_out_local_local_2_0 POST_SCRIPT_SUCCESS 0 local - 15
1597094430 clean_up_local_level_5_0 POST_SCRIPT_TERMINATED 107.0 local - 14
1597094435 clean_up_local_level_5_0 POST_SCRIPT_SUCCESS 0 local - 14
1597094440 clean_up_local_level_6_0 SUBMIT 110.0 local - 17
1597094441 register_local_2_0 SUBMIT 111.0 local - 18
1597094442 register_local_2_0 EXECUTE 111.0 local - 18
1597094442 clean_up_local_level_6_0 EXECUTE 110.0 local - 17
1597094445 clean_up_local_level_6_0 JOB_TERMINATED 110.0 local - 17
1597094446 clean_up_local_level_6_0 JOB_SUCCESS 0 local - 17
1597094446 clean_up_local_level_6_0 POST_SCRIPT_STARTED 110.0 local - 17
1597094446 register_local_2_0 JOB_TERMINATED 111.0 local - 18
1597094451 register_local_2_0 JOB_SUCCESS 0 local - 18
1597094451 register_local_2_0 POST_SCRIPT_STARTED 111.0 local - 18
1597094446 clean_up_local_level_6_0 POST_SCRIPT_TERMINATED 110.0 local - 17
1597094451 clean_up_local_level_6_0 POST_SCRIPT_SUCCESS 0 local - 17
1597094451 register_local_2_0 POST_SCRIPT_TERMINATED 111.0 local - 18
1597094457 register_local_2_0 POST_SCRIPT_SUCCESS 0 local - 18
1597094457 cleanup_harry-potter-text-analysis_0_local SUBMIT 112.0 local - 19
1597094459 cleanup_harry-potter-text-analysis_0_local EXECUTE 112.0 local - 19
1597094462 cleanup_harry-potter-text-analysis_0_local JOB_TERMINATED 112.0 local - 19
1597094467 cleanup_harry-potter-text-analysis_0_local JOB_SUCCESS 0 local - 19
1597094467 cleanup_harry-potter-text-analysis_0_local POST_SCRIPT_STARTED 112.0 local - 19
1597094467 cleanup_harry-potter-text-analysis_0_local POST_SCRIPT_TERMINATED 112.0 local - 19
1597094472 cleanup_harry-potter-text-analysis_0_local POST_SCRIPT_SUCCESS 0 local - 19
1597094472 INTERNAL *** DAGMAN_FINISHED 0 ***
1597094474 INTERNAL *** MONITORD_FINISHED 0 ***
