2020-08-10 14:18:49,555:INFO:pegasus-monitord(58): pegasus-monitord starting - pid 61507 
2020-08-10 14:18:49,606:INFO:pegasus-monitord(455): Final Command line options are: ['-N', 'harry-potter-text-analysis-0.dag.dagman.out']
2020-08-10 14:18:49,701:INFO:Pegasus.monitoring.event_output(629): Connecting workflow event sink to sqlite:////home/scitech/shared-data/sample-text-analysis-wf/scitech/pegasus/harry-potter-text-analysis/run0008/harry-potter-text-analysis-0.stampede.db
Created Pegasus database in: sqlite:////home/scitech/shared-data/sample-text-analysis-wf/scitech/pegasus/harry-potter-text-analysis/run0008/harry-potter-text-analysis-0.stampede.db
Your database is compatible with Pegasus version: 5.0.0dev
2020-08-10 14:18:51,014:INFO:Pegasus.monitoring.event_output(703): output type=DB namespace=stampede. name=sqlite:////home/scitech/shared-data/sample-text-analysis-wf/scitech/pegasus/harry-potter-text-analysis/run0008/harry-potter-text-analysis-0.stampede.db
2020-08-10 14:18:51,015:INFO:Pegasus.monitoring.event_output(629): Connecting workflow event sink to sqlite:////home/scitech/.pegasus/workflow.db
Your database is compatible with Pegasus version: 5.0.0dev
2020-08-10 14:18:51,584:INFO:Pegasus.monitoring.event_output(703): output type=DB namespace=dashboard. name=sqlite:////home/scitech/.pegasus/workflow.db
2020-08-10 14:18:51,585:INFO:pegasus-monitord(1247): monitord started in fast start mode
2020-08-10 14:18:51,615:INFO:Pegasus.monitoring.workflow(461): cannot open state file /home/scitech/shared-data/sample-text-analysis-wf/scitech/pegasus/harry-potter-text-analysis/run0008/monitord.info, continuing without state...
2020-08-10 14:18:51,616:INFO:Pegasus.monitoring.workflow(1148): creating new file /home/scitech/shared-data/sample-text-analysis-wf/scitech/pegasus/harry-potter-text-analysis/run0008/jobstate.log
2020-08-10 14:18:51,616:INFO:Pegasus.monitoring.workflow(1158): Appending to existing jobstate.log replay_mode 0 previous_processed_line 0
2020-08-10 14:18:51,621:INFO:Pegasus.monitoring.notifications(474): loading notifications from /home/scitech/shared-data/sample-text-analysis-wf/scitech/pegasus/harry-potter-text-analysis/run0008/harry-potter-text-analysis-0.notify
2020-08-10 14:18:52,026:INFO:Pegasus.monitoring.workflow(205): Parsing DAG file /home/scitech/shared-data/sample-text-analysis-wf/scitech/pegasus/harry-potter-text-analysis/run0008/harry-potter-text-analysis-0.dag
2020-08-10 14:18:52,037:INFO:pegasus-monitord(974): Using DAGMan version 8.8.9 80809
2020-08-10 14:18:52,038:INFO:pegasus-monitord(949): DAGMan runs at pid 61506
2020-08-10 14:18:52,041:INFO:pegasus-monitord(955): using dag harry-potter-text-analysis-0.dag
2020-08-10 14:18:52,042:INFO:Pegasus.monitoring.workflow(811): DAGMan starting with condor id 93.0
2020-08-10 14:20:15,630:INFO:Pegasus.monitoring.workflow(2467): Populating locations corresponding to succeeded registration job  /home/scitech/shared-data/sample-text-analysis-wf/scitech/pegasus/harry-potter-text-analysis/run0008/00/00/register_local_0_0.in 
2020-08-10 14:20:36,331:INFO:Pegasus.monitoring.workflow(2467): Populating locations corresponding to succeeded registration job  /home/scitech/shared-data/sample-text-analysis-wf/scitech/pegasus/harry-potter-text-analysis/run0008/00/00/register_local_1_0.in 
2020-08-10 14:20:57,979:INFO:Pegasus.monitoring.workflow(2467): Populating locations corresponding to succeeded registration job  /home/scitech/shared-data/sample-text-analysis-wf/scitech/pegasus/harry-potter-text-analysis/run0008/00/00/register_local_2_0.in 
2020-08-10 14:21:13,339:INFO:pegasus-monitord(927): DAGMan harry-potter-text-analysis-0.dag finished with exit code 0
2020-08-10 14:21:14,378:INFO:pegasus-monitord(1427): workflow /home/scitech/shared-data/sample-text-analysis-wf/scitech/pegasus/harry-potter-text-analysis/run0008/harry-potter-text-analysis-0.dag.dagman.out ended
2020-08-10 14:21:14,392:INFO:Pegasus.monitoring.workflow(1377): recovery file deleted: /home/scitech/shared-data/sample-text-analysis-wf/scitech/pegasus/harry-potter-text-analysis/run0008/monitord.recover
2020-08-10 14:21:14,398:INFO:pegasus-monitord(1665): finishing workflow: /home/scitech/shared-data/sample-text-analysis-wf/scitech/pegasus/harry-potter-text-analysis/run0008/harry-potter-text-analysis-0.dag.dagman.out
2020-08-10 14:21:14,399:INFO:pegasus-monitord(1719): finishing notifications...
2020-08-10 14:21:14,400:INFO:pegasus-monitord(1727): monitord process 61507 exiting with 0
2020-08-10 14:21:14,402:INFO:pegasus-monitord(197): DB flushing beginning
2020-08-10 14:21:14,403:INFO:Pegasus.db.workflow_loader.WorkflowLoader(1244): Executing final flush
2020-08-10 14:21:14,567:INFO:Pegasus.db.dashboard_loader.DashboardLoader(397): Executing final flush
2020-08-10 14:21:14,569:INFO:pegasus-monitord(213): DB flushing ended
