08/06/20 16:37:21 ******************************************************
08/06/20 16:37:21 ** condor_scheduniv_exec.1.0 (CONDOR_DAGMAN) STARTING UP
08/06/20 16:37:21 ** /usr/bin/condor_dagman
08/06/20 16:37:21 ** SubsystemInfo: name=DAGMAN type=DAGMAN(10) class=DAEMON(1)
08/06/20 16:37:21 ** Configuration: subsystem:DAGMAN local:<NONE> class:DAEMON
08/06/20 16:37:21 ** $CondorVersion: 8.8.9 May 06 2020 BuildID: 503068 PackageID: 8.8.9-1 $
08/06/20 16:37:21 ** $CondorPlatform: x86_64_CentOS7 $
08/06/20 16:37:21 ** PID = 917
08/06/20 16:37:21 ** Log last touched time unavailable (No such file or directory)
08/06/20 16:37:21 ******************************************************
08/06/20 16:37:21 Using config source: /etc/condor/condor_config
08/06/20 16:37:21 Using local config sources: 
08/06/20 16:37:21    /etc/condor/config.d/00-minicondor
08/06/20 16:37:21    /etc/condor/condor_config.local
08/06/20 16:37:21 config Macros = 81, Sorted = 81, StringBytes = 2281, TablesBytes = 2964
08/06/20 16:37:21 CLASSAD_CACHING is ENABLED
08/06/20 16:37:21 Daemon Log is logging: D_ALWAYS D_ERROR
08/06/20 16:37:21 DaemonCore: No command port requested.
08/06/20 16:37:21 DAGMAN_USE_STRICT setting: 1
08/06/20 16:37:21 DAGMAN_VERBOSITY setting: 3
08/06/20 16:37:21 DAGMAN_DEBUG_CACHE_SIZE setting: 5242880
08/06/20 16:37:21 DAGMAN_DEBUG_CACHE_ENABLE setting: False
08/06/20 16:37:21 DAGMAN_SUBMIT_DELAY setting: 0
08/06/20 16:37:21 DAGMAN_MAX_SUBMIT_ATTEMPTS setting: 6
08/06/20 16:37:21 DAGMAN_STARTUP_CYCLE_DETECT setting: False
08/06/20 16:37:21 DAGMAN_MAX_SUBMITS_PER_INTERVAL setting: 100
08/06/20 16:37:21 DAGMAN_AGGRESSIVE_SUBMIT setting: False
08/06/20 16:37:21 DAGMAN_USER_LOG_SCAN_INTERVAL setting: 5
08/06/20 16:37:21 DAGMAN_QUEUE_UPDATE_INTERVAL setting: 300
08/06/20 16:37:21 DAGMAN_DEFAULT_PRIORITY setting: 0
08/06/20 16:37:21 DAGMAN_SUPPRESS_NOTIFICATION setting: True
08/06/20 16:37:21 allow_events (DAGMAN_ALLOW_EVENTS) setting: 114
08/06/20 16:37:21 DAGMAN_RETRY_SUBMIT_FIRST setting: True
08/06/20 16:37:21 DAGMAN_RETRY_NODE_FIRST setting: False
08/06/20 16:37:21 DAGMAN_MAX_JOBS_IDLE setting: 1000
08/06/20 16:37:21 DAGMAN_MAX_JOBS_SUBMITTED setting: 0
08/06/20 16:37:21 DAGMAN_MAX_PRE_SCRIPTS setting: 20
08/06/20 16:37:21 DAGMAN_MAX_POST_SCRIPTS setting: 20
08/06/20 16:37:21 DAGMAN_MUNGE_NODE_NAMES setting: True
08/06/20 16:37:21 DAGMAN_PROHIBIT_MULTI_JOBS setting: False
08/06/20 16:37:21 DAGMAN_SUBMIT_DEPTH_FIRST setting: False
08/06/20 16:37:21 DAGMAN_ALWAYS_RUN_POST setting: False
08/06/20 16:37:21 DAGMAN_CONDOR_SUBMIT_EXE setting: /usr/bin/condor_submit
08/06/20 16:37:21 DAGMAN_USE_CONDOR_SUBMIT setting: True
08/06/20 16:37:21 DAGMAN_ABORT_DUPLICATES setting: True
08/06/20 16:37:21 DAGMAN_ABORT_ON_SCARY_SUBMIT setting: True
08/06/20 16:37:21 DAGMAN_PENDING_REPORT_INTERVAL setting: 600
08/06/20 16:37:21 DAGMAN_AUTO_RESCUE setting: True
08/06/20 16:37:21 DAGMAN_MAX_RESCUE_NUM setting: 100
08/06/20 16:37:21 DAGMAN_WRITE_PARTIAL_RESCUE setting: True
08/06/20 16:37:21 DAGMAN_DEFAULT_NODE_LOG setting: @(DAG_DIR)/@(DAG_FILE).nodes.log
08/06/20 16:37:21 DAGMAN_GENERATE_SUBDAG_SUBMITS setting: True
08/06/20 16:37:21 DAGMAN_MAX_JOB_HOLDS setting: 100
08/06/20 16:37:21 DAGMAN_HOLD_CLAIM_TIME setting: 20
08/06/20 16:37:21 ALL_DEBUG setting: 
08/06/20 16:37:21 DAGMAN_DEBUG setting: 
08/06/20 16:37:21 DAGMAN_SUPPRESS_JOB_LOGS setting: False
08/06/20 16:37:21 DAGMAN_REMOVE_NODE_JOBS setting: True
08/06/20 16:37:21 argv[0] == "condor_scheduniv_exec.1.0"
08/06/20 16:37:21 argv[1] == "-Lockfile"
08/06/20 16:37:21 argv[2] == "harry-potter-text-analysis-0.dag.lock"
08/06/20 16:37:21 argv[3] == "-AutoRescue"
08/06/20 16:37:21 argv[4] == "1"
08/06/20 16:37:21 argv[5] == "-DoRescueFrom"
08/06/20 16:37:21 argv[6] == "0"
08/06/20 16:37:21 argv[7] == "-Dag"
08/06/20 16:37:21 argv[8] == "harry-potter-text-analysis-0.dag"
08/06/20 16:37:21 argv[9] == "-MaxPost"
08/06/20 16:37:21 argv[10] == "20"
08/06/20 16:37:21 argv[11] == "-Suppress_notification"
08/06/20 16:37:21 argv[12] == "-CsdVersion"
08/06/20 16:37:21 argv[13] == "$CondorVersion: 8.8.9 May 06 2020 BuildID: 503068 PackageID: 8.8.9-1 $"
08/06/20 16:37:21 argv[14] == "-Dagman"
08/06/20 16:37:21 argv[15] == "/bin/condor_dagman"
08/06/20 16:37:21 Workflow batch-name: <harry-potter-text-analysis-0.dag+1>
08/06/20 16:37:21 Workflow accounting_group: <>
08/06/20 16:37:21 Workflow accounting_group_user: <>
08/06/20 16:37:21 Warning: failed to get attribute DAGNodeName
08/06/20 16:37:21 DAGMAN_LOG_ON_NFS_IS_ERROR setting: False
08/06/20 16:37:21 Default node log file is: </home/scitech/shared-data/sample-text-analysis-wf/scitech/pegasus/harry-potter-text-analysis/run0001/./harry-potter-text-analysis-0.dag.nodes.log>
08/06/20 16:37:21 DAG Lockfile will be written to harry-potter-text-analysis-0.dag.lock
08/06/20 16:37:21 DAG Input file is harry-potter-text-analysis-0.dag
08/06/20 16:37:21 Parsing 1 dagfiles
08/06/20 16:37:21 Parsing harry-potter-text-analysis-0.dag ...
08/06/20 16:37:21 Warning:  could not open Pegasus braindump file braindump.txt
08/06/20 16:37:21 Dag contains 19 total jobs
08/06/20 16:37:21 Sleeping for 3 seconds to ensure ProcessId uniqueness
08/06/20 16:37:24 Bootstrapping...
08/06/20 16:37:24 Number of pre-completed nodes: 0
08/06/20 16:37:24 MultiLogFiles: truncating log file /home/scitech/shared-data/sample-text-analysis-wf/scitech/pegasus/harry-potter-text-analysis/run0001/./harry-potter-text-analysis-0.dag.nodes.log
08/06/20 16:37:25 DAG status: 0 (DAG_STATUS_OK)
08/06/20 16:37:25 Of 19 nodes total:
08/06/20 16:37:25  Done     Pre   Queued    Post   Ready   Un-Ready   Failed
08/06/20 16:37:25   ===     ===      ===     ===     ===        ===      ===
08/06/20 16:37:25     0       0        0       0       1         18        0
08/06/20 16:37:25 0 job proc(s) currently held
08/06/20 16:37:25 DAGMan Runtime Statistics: [ EventCycleTimeSum = 0.0; EventCycleTimeCount = 0.0; SleepCycleTimeCount = 0.0; SubmitCycleTimeSum = 0.0; SubmitCycleTimeCount = 0.0; LogProcessCycleTimeSum = 0.0; SleepCycleTimeSum = 0.0; LogProcessCycleTimeCount = 0.0; ]
08/06/20 16:37:25 Registering condor_event_timer...
08/06/20 16:37:26 Submitting HTCondor Node create_dir_harry-potter-text-analysis_0_local job(s)...
08/06/20 16:37:26 Adding a DAGMan workflow log /home/scitech/shared-data/sample-text-analysis-wf/scitech/pegasus/harry-potter-text-analysis/run0001/./harry-potter-text-analysis-0.dag.nodes.log
08/06/20 16:37:26 Masking the events recorded in the DAGMAN workflow log
08/06/20 16:37:26 Mask for workflow log is 0,1,2,4,5,7,9,10,11,12,13,16,17,24,27,35,36
08/06/20 16:37:26 submitting: /usr/bin/condor_submit -a dag_node_name' '=' 'create_dir_harry-potter-text-analysis_0_local -a +DAGManJobId' '=' '1 -a DAGManJobId' '=' '1 -batch-name harry-potter-text-analysis-0.dag+1 -a submit_event_notes' '=' 'DAG' 'Node:' 'create_dir_harry-potter-text-analysis_0_local -a dagman_log' '=' '/home/scitech/shared-data/sample-text-analysis-wf/scitech/pegasus/harry-potter-text-analysis/run0001/./harry-potter-text-analysis-0.dag.nodes.log -a +DAGManNodesMask' '=' '"0,1,2,4,5,7,9,10,11,12,13,16,17,24,27,35,36" -a priority=800 -a +DAGNodeRetry' '=' '0 -a DAG_STATUS' '=' '0 -a FAILED_COUNT' '=' '0 -a +KeepClaimIdle' '=' '20 -a notification' '=' 'never -a +DAGParentNodeNames' '=' '"" 00/00/create_dir_harry-potter-text-analysis_0_local.sub
08/06/20 16:37:26 From submit: Submitting job(s).
08/06/20 16:37:26 From submit: 1 job(s) submitted to cluster 2.
08/06/20 16:37:26 	assigned HTCondor ID (2.0.0)
08/06/20 16:37:26 Just submitted 1 job this cycle...
08/06/20 16:37:26 DAG status: 0 (DAG_STATUS_OK)
08/06/20 16:37:26 Of 19 nodes total:
08/06/20 16:37:26  Done     Pre   Queued    Post   Ready   Un-Ready   Failed
08/06/20 16:37:26   ===     ===      ===     ===     ===        ===      ===
08/06/20 16:37:26     0       0        1       0       0         18        0
08/06/20 16:37:26 0 job proc(s) currently held
08/06/20 16:37:26 DAGMan Runtime Statistics: [ EventCycleTimeCount = 0.0; EventCycleTimeSum = 0.0; LogProcessCycleTimeCount = 0.0; SleepCycleTimeSum = 0.0; LogProcessCycleTimeSum = 0.0; SubmitCycleTimeCount = 1.0; SubmitCycleTimeMax = 0.1734411716461182; SubmitCycleTimeMin = 0.1734411716461182; SubmitCycleTimeAvg = 0.1734411716461182; SubmitCycleTimeStd = 0.1734411716461182; SubmitCycleTimeSum = 0.1734411716461182; SleepCycleTimeCount = 0.0; ]
08/06/20 16:37:31 Currently monitoring 1 HTCondor log file(s)
08/06/20 16:37:31 Reassigning the id of job create_dir_harry-potter-text-analysis_0_local from (2.0.0) to (2.0.0)
08/06/20 16:37:31 Event: ULOG_SUBMIT for HTCondor Node create_dir_harry-potter-text-analysis_0_local (2.0.0) {08/06/20 16:37:26}
08/06/20 16:37:31 Number of idle job procs: 1
08/06/20 16:37:36 Currently monitoring 1 HTCondor log file(s)
08/06/20 16:37:36 Event: ULOG_EXECUTE for HTCondor Node create_dir_harry-potter-text-analysis_0_local (2.0.0) {08/06/20 16:37:31}
08/06/20 16:37:36 Number of idle job procs: 0
08/06/20 16:37:36 Event: ULOG_JOB_TERMINATED for HTCondor Node create_dir_harry-potter-text-analysis_0_local (2.0.0) {08/06/20 16:37:34}
08/06/20 16:37:36 Number of idle job procs: 0
08/06/20 16:37:36 Node create_dir_harry-potter-text-analysis_0_local job proc (2.0.0) completed successfully.
08/06/20 16:37:36 Node create_dir_harry-potter-text-analysis_0_local job completed
08/06/20 16:37:36 Running POST script of Node create_dir_harry-potter-text-analysis_0_local...
08/06/20 16:37:36 Warning: mysin has length 0 (ignore if produced by DAGMan; see gittrac #4987, #5031)
08/06/20 16:37:36 DAG status: 0 (DAG_STATUS_OK)
08/06/20 16:37:36 Of 19 nodes total:
08/06/20 16:37:36  Done     Pre   Queued    Post   Ready   Un-Ready   Failed
08/06/20 16:37:36   ===     ===      ===     ===     ===        ===      ===
08/06/20 16:37:36     0       0        0       1       0         18        0
08/06/20 16:37:36 0 job proc(s) currently held
08/06/20 16:37:36 DAGMan Runtime Statistics: [ EventCycleTimeStd = 0.1287442922722876; EventCycleTimeMax = 0.1939749717712402; SubmitCycleTimeMin = 0.0005249977111816406; SubmitCycleTimeAvg = 0.0581823984781901; SleepCycleTimeCount = 2.0; SubmitCycleTimeCount = 3.0; SubmitCycleTimeMax = 0.1734411716461182; SleepCycleTimeMin = 5.005016088485718; SubmitCycleTimeSum = 0.1745471954345703; LogProcessCycleTimeStd = 0.007324279334223165; SubmitCycleTimeStd = 0.09981702950361913; LogProcessCycleTimeAvg = 0.01559484004974365; EventCycleTimeMin = 0.01190304756164551; LogProcessCycleTimeMax = 0.02077388763427734; LogProcessCycleTimeMin = 0.01041579246520996; LogProcessCycleTimeSum = 0.0311896800994873; LogProcessCycleTimeCount = 2.0; EventCycleTimeSum = 0.2058780193328857; SleepCycleTimeSum = 10.01051211357117; SleepCycleTimeAvg = 5.005256056785583; SleepCycleTimeStd = 0.0003393664242097187; SleepCycleTimeMax = 5.005496025085449; EventCycleTimeCount = 2.0; EventCycleTimeAvg = 0.1029390096664429; ]
08/06/20 16:37:36 Initializing user log writer for /home/scitech/shared-data/sample-text-analysis-wf/scitech/pegasus/harry-potter-text-analysis/run0001/./harry-potter-text-analysis-0.dag.nodes.log, (2.0.0)
08/06/20 16:37:41 Currently monitoring 1 HTCondor log file(s)
08/06/20 16:37:41 Event: ULOG_POST_SCRIPT_TERMINATED for HTCondor Node create_dir_harry-potter-text-analysis_0_local (2.0.0) {08/06/20 16:37:36}
08/06/20 16:37:41 POST Script of node create_dir_harry-potter-text-analysis_0_local completed successfully.
08/06/20 16:37:41 DAG status: 0 (DAG_STATUS_OK)
08/06/20 16:37:41 Of 19 nodes total:
08/06/20 16:37:41  Done     Pre   Queued    Post   Ready   Un-Ready   Failed
08/06/20 16:37:41   ===     ===      ===     ===     ===        ===      ===
08/06/20 16:37:41     1       0        0       0       4         14        0
08/06/20 16:37:41 0 job proc(s) currently held
08/06/20 16:37:41 DAGMan Runtime Statistics: [ EventCycleTimeStd = 0.09999704648493897; EventCycleTimeMax = 0.1939749717712402; SubmitCycleTimeMin = 0.0005249977111816406; SubmitCycleTimeAvg = 0.04500401020050049; SleepCycleTimeCount = 3.0; SubmitCycleTimeCount = 4.0; SubmitCycleTimeMax = 0.1734411716461182; SleepCycleTimeMin = 5.005016088485718; SubmitCycleTimeSum = 0.180016040802002; LogProcessCycleTimeStd = 0.006309179357549832; SubmitCycleTimeStd = 0.08565612990133535; LogProcessCycleTimeAvg = 0.01767516136169434; EventCycleTimeMin = 0.01190304756164551; LogProcessCycleTimeMax = 0.0218358039855957; LogProcessCycleTimeMin = 0.01041579246520996; LogProcessCycleTimeSum = 0.05302548408508301; LogProcessCycleTimeCount = 3.0; EventCycleTimeSum = 0.2371540069580078; SleepCycleTimeSum = 15.38126301765442; SleepCycleTimeAvg = 5.127087672551473; SleepCycleTimeStd = 0.2110186849195334; SleepCycleTimeMax = 5.370750904083252; EventCycleTimeCount = 3.0; EventCycleTimeAvg = 0.07905133565266927; ]
08/06/20 16:37:46 Submitting HTCondor Node stage_in_remote_local_2_0 job(s)...
08/06/20 16:37:46 Adding a DAGMan workflow log /home/scitech/shared-data/sample-text-analysis-wf/scitech/pegasus/harry-potter-text-analysis/run0001/./harry-potter-text-analysis-0.dag.nodes.log
08/06/20 16:37:46 Masking the events recorded in the DAGMAN workflow log
08/06/20 16:37:46 Mask for workflow log is 0,1,2,4,5,7,9,10,11,12,13,16,17,24,27,35,36
08/06/20 16:37:46 submitting: /usr/bin/condor_submit -a dag_node_name' '=' 'stage_in_remote_local_2_0 -a +DAGManJobId' '=' '1 -a DAGManJobId' '=' '1 -batch-name harry-potter-text-analysis-0.dag+1 -a submit_event_notes' '=' 'DAG' 'Node:' 'stage_in_remote_local_2_0 -a dagman_log' '=' '/home/scitech/shared-data/sample-text-analysis-wf/scitech/pegasus/harry-potter-text-analysis/run0001/./harry-potter-text-analysis-0.dag.nodes.log -a +DAGManNodesMask' '=' '"0,1,2,4,5,7,9,10,11,12,13,16,17,24,27,35,36" -a priority=700 -a +DAGNodeRetry' '=' '0 -a DAG_STATUS' '=' '0 -a FAILED_COUNT' '=' '0 -a +KeepClaimIdle' '=' '20 -a notification' '=' 'never -a +DAGParentNodeNames' '=' '"create_dir_harry-potter-text-analysis_0_local" 00/00/stage_in_remote_local_2_0.sub
08/06/20 16:37:46 From submit: Submitting job(s).
08/06/20 16:37:46 From submit: 1 job(s) submitted to cluster 3.
08/06/20 16:37:46 	assigned HTCondor ID (3.0.0)
08/06/20 16:37:46 Submitting HTCondor Node stage_in_remote_local_1_0 job(s)...
08/06/20 16:37:46 Adding a DAGMan workflow log /home/scitech/shared-data/sample-text-analysis-wf/scitech/pegasus/harry-potter-text-analysis/run0001/./harry-potter-text-analysis-0.dag.nodes.log
08/06/20 16:37:46 Masking the events recorded in the DAGMAN workflow log
08/06/20 16:37:46 Mask for workflow log is 0,1,2,4,5,7,9,10,11,12,13,16,17,24,27,35,36
08/06/20 16:37:46 submitting: /usr/bin/condor_submit -a dag_node_name' '=' 'stage_in_remote_local_1_0 -a +DAGManJobId' '=' '1 -a DAGManJobId' '=' '1 -batch-name harry-potter-text-analysis-0.dag+1 -a submit_event_notes' '=' 'DAG' 'Node:' 'stage_in_remote_local_1_0 -a dagman_log' '=' '/home/scitech/shared-data/sample-text-analysis-wf/scitech/pegasus/harry-potter-text-analysis/run0001/./harry-potter-text-analysis-0.dag.nodes.log -a +DAGManNodesMask' '=' '"0,1,2,4,5,7,9,10,11,12,13,16,17,24,27,35,36" -a priority=700 -a +DAGNodeRetry' '=' '0 -a DAG_STATUS' '=' '0 -a FAILED_COUNT' '=' '0 -a +KeepClaimIdle' '=' '20 -a notification' '=' 'never -a +DAGParentNodeNames' '=' '"create_dir_harry-potter-text-analysis_0_local" 00/00/stage_in_remote_local_1_0.sub
08/06/20 16:37:46 From submit: Submitting job(s).
08/06/20 16:37:46 From submit: 1 job(s) submitted to cluster 4.
08/06/20 16:37:46 	assigned HTCondor ID (4.0.0)
08/06/20 16:37:46 Submitting HTCondor Node stage_in_remote_local_0_0 job(s)...
08/06/20 16:37:46 Adding a DAGMan workflow log /home/scitech/shared-data/sample-text-analysis-wf/scitech/pegasus/harry-potter-text-analysis/run0001/./harry-potter-text-analysis-0.dag.nodes.log
08/06/20 16:37:46 Masking the events recorded in the DAGMAN workflow log
08/06/20 16:37:46 Mask for workflow log is 0,1,2,4,5,7,9,10,11,12,13,16,17,24,27,35,36
08/06/20 16:37:46 submitting: /usr/bin/condor_submit -a dag_node_name' '=' 'stage_in_remote_local_0_0 -a +DAGManJobId' '=' '1 -a DAGManJobId' '=' '1 -batch-name harry-potter-text-analysis-0.dag+1 -a submit_event_notes' '=' 'DAG' 'Node:' 'stage_in_remote_local_0_0 -a dagman_log' '=' '/home/scitech/shared-data/sample-text-analysis-wf/scitech/pegasus/harry-potter-text-analysis/run0001/./harry-potter-text-analysis-0.dag.nodes.log -a +DAGManNodesMask' '=' '"0,1,2,4,5,7,9,10,11,12,13,16,17,24,27,35,36" -a priority=700 -a +DAGNodeRetry' '=' '0 -a DAG_STATUS' '=' '0 -a FAILED_COUNT' '=' '0 -a +KeepClaimIdle' '=' '20 -a notification' '=' 'never -a +DAGParentNodeNames' '=' '"create_dir_harry-potter-text-analysis_0_local" 00/00/stage_in_remote_local_0_0.sub
08/06/20 16:37:46 From submit: Submitting job(s).
08/06/20 16:37:46 From submit: 1 job(s) submitted to cluster 5.
08/06/20 16:37:46 	assigned HTCondor ID (5.0.0)
08/06/20 16:37:46 Submitting HTCondor Node stage_in_local_local_0_0 job(s)...
08/06/20 16:37:46 Adding a DAGMan workflow log /home/scitech/shared-data/sample-text-analysis-wf/scitech/pegasus/harry-potter-text-analysis/run0001/./harry-potter-text-analysis-0.dag.nodes.log
08/06/20 16:37:46 Masking the events recorded in the DAGMAN workflow log
08/06/20 16:37:46 Mask for workflow log is 0,1,2,4,5,7,9,10,11,12,13,16,17,24,27,35,36
08/06/20 16:37:46 submitting: /usr/bin/condor_submit -a dag_node_name' '=' 'stage_in_local_local_0_0 -a +DAGManJobId' '=' '1 -a DAGManJobId' '=' '1 -batch-name harry-potter-text-analysis-0.dag+1 -a submit_event_notes' '=' 'DAG' 'Node:' 'stage_in_local_local_0_0 -a dagman_log' '=' '/home/scitech/shared-data/sample-text-analysis-wf/scitech/pegasus/harry-potter-text-analysis/run0001/./harry-potter-text-analysis-0.dag.nodes.log -a +DAGManNodesMask' '=' '"0,1,2,4,5,7,9,10,11,12,13,16,17,24,27,35,36" -a priority=700 -a +DAGNodeRetry' '=' '0 -a DAG_STATUS' '=' '0 -a FAILED_COUNT' '=' '0 -a +KeepClaimIdle' '=' '20 -a notification' '=' 'never -a +DAGParentNodeNames' '=' '"create_dir_harry-potter-text-analysis_0_local" 00/00/stage_in_local_local_0_0.sub
08/06/20 16:37:47 From submit: Submitting job(s).
08/06/20 16:37:47 From submit: 1 job(s) submitted to cluster 6.
08/06/20 16:37:47 	assigned HTCondor ID (6.0.0)
08/06/20 16:37:47 Just submitted 4 jobs this cycle...
08/06/20 16:37:47 DAG status: 0 (DAG_STATUS_OK)
08/06/20 16:37:47 Of 19 nodes total:
08/06/20 16:37:47  Done     Pre   Queued    Post   Ready   Un-Ready   Failed
08/06/20 16:37:47   ===     ===      ===     ===     ===        ===      ===
08/06/20 16:37:47     1       0        4       0       0         14        0
08/06/20 16:37:47 0 job proc(s) currently held
08/06/20 16:37:47 DAGMan Runtime Statistics: [ EventCycleTimeStd = 0.08314375874014747; EventCycleTimeMax = 0.1939749717712402; SubmitCycleTimeMin = 0.0005249977111816406; SubmitCycleTimeAvg = 0.08447442054748536; SleepCycleTimeCount = 4.0; SubmitCycleTimeCount = 5.0; SubmitCycleTimeMax = 0.2423560619354248; SleepCycleTimeMin = 5.005016088485718; SubmitCycleTimeSum = 0.4223721027374268; LogProcessCycleTimeStd = 0.006309179357549832; SubmitCycleTimeStd = 0.1152922196293084; LogProcessCycleTimeAvg = 0.01767516136169434; EventCycleTimeMin = 0.01190304756164551; LogProcessCycleTimeMax = 0.0218358039855957; LogProcessCycleTimeMin = 0.01041579246520996; LogProcessCycleTimeSum = 0.05302548408508301; LogProcessCycleTimeCount = 3.0; EventCycleTimeSum = 0.3476130962371826; SleepCycleTimeSum = 20.38981986045837; SleepCycleTimeAvg = 5.097454965114594; SleepCycleTimeStd = 0.1822040421897112; SleepCycleTimeMax = 5.370750904083252; EventCycleTimeCount = 4.0; EventCycleTimeAvg = 0.08690327405929565; ]
08/06/20 16:37:52 Currently monitoring 1 HTCondor log file(s)
08/06/20 16:37:52 Reassigning the id of job stage_in_remote_local_2_0 from (3.0.0) to (3.0.0)
08/06/20 16:37:52 Event: ULOG_SUBMIT for HTCondor Node stage_in_remote_local_2_0 (3.0.0) {08/06/20 16:37:46}
08/06/20 16:37:52 Number of idle job procs: 1
08/06/20 16:37:52 Reassigning the id of job stage_in_remote_local_1_0 from (4.0.0) to (4.0.0)
08/06/20 16:37:52 Event: ULOG_SUBMIT for HTCondor Node stage_in_remote_local_1_0 (4.0.0) {08/06/20 16:37:46}
08/06/20 16:37:52 Number of idle job procs: 2
08/06/20 16:37:52 Reassigning the id of job stage_in_remote_local_0_0 from (5.0.0) to (5.0.0)
08/06/20 16:37:52 Event: ULOG_SUBMIT for HTCondor Node stage_in_remote_local_0_0 (5.0.0) {08/06/20 16:37:46}
08/06/20 16:37:52 Number of idle job procs: 3
08/06/20 16:37:52 Reassigning the id of job stage_in_local_local_0_0 from (6.0.0) to (6.0.0)
08/06/20 16:37:52 Event: ULOG_SUBMIT for HTCondor Node stage_in_local_local_0_0 (6.0.0) {08/06/20 16:37:47}
08/06/20 16:37:52 Number of idle job procs: 4
08/06/20 16:37:52 Event: ULOG_EXECUTE for HTCondor Node stage_in_remote_local_1_0 (4.0.0) {08/06/20 16:37:49}
08/06/20 16:37:52 Number of idle job procs: 3
08/06/20 16:37:52 Event: ULOG_EXECUTE for HTCondor Node stage_in_local_local_0_0 (6.0.0) {08/06/20 16:37:49}
08/06/20 16:37:52 Number of idle job procs: 2
08/06/20 16:37:52 Event: ULOG_EXECUTE for HTCondor Node stage_in_remote_local_2_0 (3.0.0) {08/06/20 16:37:49}
08/06/20 16:37:52 Number of idle job procs: 1
08/06/20 16:37:52 Event: ULOG_EXECUTE for HTCondor Node stage_in_remote_local_0_0 (5.0.0) {08/06/20 16:37:49}
08/06/20 16:37:52 Number of idle job procs: 0
08/06/20 16:37:57 Currently monitoring 1 HTCondor log file(s)
08/06/20 16:37:57 Event: ULOG_JOB_TERMINATED for HTCondor Node stage_in_remote_local_0_0 (5.0.0) {08/06/20 16:37:53}
08/06/20 16:37:57 Number of idle job procs: 0
08/06/20 16:37:57 Node stage_in_remote_local_0_0 job proc (5.0.0) completed successfully.
08/06/20 16:37:57 Node stage_in_remote_local_0_0 job completed
08/06/20 16:37:57 Running POST script of Node stage_in_remote_local_0_0...
08/06/20 16:37:57 Warning: mysin has length 0 (ignore if produced by DAGMan; see gittrac #4987, #5031)
08/06/20 16:37:57 Event: ULOG_JOB_TERMINATED for HTCondor Node stage_in_local_local_0_0 (6.0.0) {08/06/20 16:37:53}
08/06/20 16:37:57 Number of idle job procs: 0
08/06/20 16:37:57 Node stage_in_local_local_0_0 job proc (6.0.0) completed successfully.
08/06/20 16:37:57 Node stage_in_local_local_0_0 job completed
08/06/20 16:37:57 Running POST script of Node stage_in_local_local_0_0...
08/06/20 16:37:57 Warning: mysin has length 0 (ignore if produced by DAGMan; see gittrac #4987, #5031)
08/06/20 16:37:57 Event: ULOG_JOB_TERMINATED for HTCondor Node stage_in_remote_local_1_0 (4.0.0) {08/06/20 16:37:53}
08/06/20 16:37:57 Number of idle job procs: 0
08/06/20 16:37:57 Node stage_in_remote_local_1_0 job proc (4.0.0) completed successfully.
08/06/20 16:37:57 Node stage_in_remote_local_1_0 job completed
08/06/20 16:37:57 Running POST script of Node stage_in_remote_local_1_0...
08/06/20 16:37:57 Warning: mysin has length 0 (ignore if produced by DAGMan; see gittrac #4987, #5031)
08/06/20 16:37:57 Event: ULOG_JOB_TERMINATED for HTCondor Node stage_in_remote_local_2_0 (3.0.0) {08/06/20 16:37:53}
08/06/20 16:37:57 Number of idle job procs: 0
08/06/20 16:37:57 Node stage_in_remote_local_2_0 job proc (3.0.0) completed successfully.
08/06/20 16:37:57 Node stage_in_remote_local_2_0 job completed
08/06/20 16:37:57 Running POST script of Node stage_in_remote_local_2_0...
08/06/20 16:37:57 Warning: mysin has length 0 (ignore if produced by DAGMan; see gittrac #4987, #5031)
08/06/20 16:37:57 DAG status: 0 (DAG_STATUS_OK)
08/06/20 16:37:57 Of 19 nodes total:
08/06/20 16:37:57  Done     Pre   Queued    Post   Ready   Un-Ready   Failed
08/06/20 16:37:57   ===     ===      ===     ===     ===        ===      ===
08/06/20 16:37:57     1       0        0       4       0         14        0
08/06/20 16:37:57 0 job proc(s) currently held
08/06/20 16:37:57 DAGMan Runtime Statistics: [ EventCycleTimeStd = 0.1047272127343552; EventCycleTimeMax = 0.2756280899047852; SubmitCycleTimeMin = 0.0005249977111816406; SubmitCycleTimeAvg = 0.06058870043073382; SleepCycleTimeCount = 6.0; SubmitCycleTimeCount = 7.0; SubmitCycleTimeMax = 0.2423560619354248; SleepCycleTimeMin = 5.001082897186279; SubmitCycleTimeSum = 0.4241209030151367; LogProcessCycleTimeStd = 0.04776681862992596; SubmitCycleTimeStd = 0.1025943297773013; LogProcessCycleTimeAvg = 0.04419775009155273; EventCycleTimeMin = 0.01190304756164551; LogProcessCycleTimeMax = 0.1274051666259766; LogProcessCycleTimeMin = 0.01041579246520996; LogProcessCycleTimeSum = 0.2209887504577637; LogProcessCycleTimeCount = 5.0; EventCycleTimeSum = 0.6658651828765869; SleepCycleTimeSum = 30.39539575576782; SleepCycleTimeAvg = 5.065899292627971; SleepCycleTimeStd = 0.1493652429168094; SleepCycleTimeMax = 5.370750904083252; EventCycleTimeCount = 6.0; EventCycleTimeAvg = 0.1109775304794312; ]
08/06/20 16:37:58 Initializing user log writer for /home/scitech/shared-data/sample-text-analysis-wf/scitech/pegasus/harry-potter-text-analysis/run0001/./harry-potter-text-analysis-0.dag.nodes.log, (6.0.0)
08/06/20 16:37:58 Initializing user log writer for /home/scitech/shared-data/sample-text-analysis-wf/scitech/pegasus/harry-potter-text-analysis/run0001/./harry-potter-text-analysis-0.dag.nodes.log, (5.0.0)
08/06/20 16:37:58 Initializing user log writer for /home/scitech/shared-data/sample-text-analysis-wf/scitech/pegasus/harry-potter-text-analysis/run0001/./harry-potter-text-analysis-0.dag.nodes.log, (4.0.0)
08/06/20 16:37:58 Initializing user log writer for /home/scitech/shared-data/sample-text-analysis-wf/scitech/pegasus/harry-potter-text-analysis/run0001/./harry-potter-text-analysis-0.dag.nodes.log, (3.0.0)
08/06/20 16:38:02 Currently monitoring 1 HTCondor log file(s)
08/06/20 16:38:02 Event: ULOG_POST_SCRIPT_TERMINATED for HTCondor Node stage_in_local_local_0_0 (6.0.0) {08/06/20 16:37:58}
08/06/20 16:38:02 POST Script of node stage_in_local_local_0_0 completed successfully.
08/06/20 16:38:02 Event: ULOG_POST_SCRIPT_TERMINATED for HTCondor Node stage_in_remote_local_0_0 (5.0.0) {08/06/20 16:37:58}
08/06/20 16:38:02 POST Script of node stage_in_remote_local_0_0 completed successfully.
08/06/20 16:38:02 Event: ULOG_POST_SCRIPT_TERMINATED for HTCondor Node stage_in_remote_local_1_0 (4.0.0) {08/06/20 16:37:58}
08/06/20 16:38:02 POST Script of node stage_in_remote_local_1_0 completed successfully.
08/06/20 16:38:02 Event: ULOG_POST_SCRIPT_TERMINATED for HTCondor Node stage_in_remote_local_2_0 (3.0.0) {08/06/20 16:37:58}
08/06/20 16:38:02 POST Script of node stage_in_remote_local_2_0 completed successfully.
08/06/20 16:38:02 DAG status: 0 (DAG_STATUS_OK)
08/06/20 16:38:02 Of 19 nodes total:
08/06/20 16:38:02  Done     Pre   Queued    Post   Ready   Un-Ready   Failed
08/06/20 16:38:02   ===     ===      ===     ===     ===        ===      ===
08/06/20 16:38:02     5       0        0       0       1         13        0
08/06/20 16:38:02 0 job proc(s) currently held
08/06/20 16:38:02 DAGMan Runtime Statistics: [ EventCycleTimeStd = 0.09605053124296213; EventCycleTimeMax = 0.2756280899047852; SubmitCycleTimeMin = 0.0005249977111816406; SubmitCycleTimeAvg = 0.05308473110198975; SleepCycleTimeCount = 7.0; SubmitCycleTimeCount = 8.0; SubmitCycleTimeMax = 0.2423560619354248; SleepCycleTimeMin = 5.001082897186279; SubmitCycleTimeSum = 0.424677848815918; LogProcessCycleTimeStd = 0.04348072953952416; SubmitCycleTimeStd = 0.09732633921369818; LogProcessCycleTimeAvg = 0.04090030988057455; EventCycleTimeMin = 0.01190304756164551; LogProcessCycleTimeMax = 0.1274051666259766; LogProcessCycleTimeMin = 0.01041579246520996; LogProcessCycleTimeSum = 0.2454018592834473; LogProcessCycleTimeCount = 6.0; EventCycleTimeSum = 0.8013613224029541; SleepCycleTimeSum = 35.58793878555298; SleepCycleTimeAvg = 5.083991255078997; SleepCycleTimeStd = 0.1445091008563238; SleepCycleTimeMax = 5.370750904083252; EventCycleTimeCount = 7.0; EventCycleTimeAvg = 0.1144801889147077; ]
08/06/20 16:38:07 Submitting HTCondor Node word_count_ID0000001 job(s)...
08/06/20 16:38:07 Adding a DAGMan workflow log /home/scitech/shared-data/sample-text-analysis-wf/scitech/pegasus/harry-potter-text-analysis/run0001/./harry-potter-text-analysis-0.dag.nodes.log
08/06/20 16:38:07 Masking the events recorded in the DAGMAN workflow log
08/06/20 16:38:07 Mask for workflow log is 0,1,2,4,5,7,9,10,11,12,13,16,17,24,27,35,36
08/06/20 16:38:07 submitting: /usr/bin/condor_submit -a dag_node_name' '=' 'word_count_ID0000001 -a +DAGManJobId' '=' '1 -a DAGManJobId' '=' '1 -batch-name harry-potter-text-analysis-0.dag+1 -a submit_event_notes' '=' 'DAG' 'Node:' 'word_count_ID0000001 -a dagman_log' '=' '/home/scitech/shared-data/sample-text-analysis-wf/scitech/pegasus/harry-potter-text-analysis/run0001/./harry-potter-text-analysis-0.dag.nodes.log -a +DAGManNodesMask' '=' '"0,1,2,4,5,7,9,10,11,12,13,16,17,24,27,35,36" -a priority=20 -a +DAGNodeRetry' '=' '0 -a DAG_STATUS' '=' '0 -a FAILED_COUNT' '=' '0 -a +KeepClaimIdle' '=' '20 -a notification' '=' 'never -a +DAGParentNodeNames' '=' '"stage_in_remote_local_0_0,stage_in_local_local_0_0" 00/00/word_count_ID0000001.sub
08/06/20 16:38:07 From submit: Submitting job(s).
08/06/20 16:38:07 From submit: 1 job(s) submitted to cluster 7.
08/06/20 16:38:07 	assigned HTCondor ID (7.0.0)
08/06/20 16:38:07 Just submitted 1 job this cycle...
08/06/20 16:38:07 DAG status: 0 (DAG_STATUS_OK)
08/06/20 16:38:07 Of 19 nodes total:
08/06/20 16:38:07  Done     Pre   Queued    Post   Ready   Un-Ready   Failed
08/06/20 16:38:07   ===     ===      ===     ===     ===        ===      ===
08/06/20 16:38:07     5       0        1       0       0         13        0
08/06/20 16:38:07 0 job proc(s) currently held
08/06/20 16:38:07 DAGMan Runtime Statistics: [ EventCycleTimeStd = 0.09334282433958135; EventCycleTimeMax = 0.2756280899047852; SubmitCycleTimeMin = 0.0005249977111816406; SubmitCycleTimeAvg = 0.05647566583421496; SleepCycleTimeCount = 8.0; SubmitCycleTimeCount = 9.0; SubmitCycleTimeMax = 0.2423560619354248; SleepCycleTimeMin = 5.001082897186279; SubmitCycleTimeSum = 0.5082809925079346; LogProcessCycleTimeStd = 0.04348072953952416; SubmitCycleTimeStd = 0.09160704237050372; LogProcessCycleTimeAvg = 0.04090030988057455; EventCycleTimeMin = 0.01190304756164551; LogProcessCycleTimeMax = 0.1274051666259766; LogProcessCycleTimeMin = 0.01041579246520996; LogProcessCycleTimeSum = 0.2454018592834473; LogProcessCycleTimeCount = 6.0; EventCycleTimeSum = 0.8355851173400879; SleepCycleTimeSum = 40.59725093841553; SleepCycleTimeAvg = 5.074656367301941; SleepCycleTimeStd = 0.1363698378104883; SleepCycleTimeMax = 5.370750904083252; EventCycleTimeCount = 8.0; EventCycleTimeAvg = 0.104448139667511; ]
08/06/20 16:38:12 Currently monitoring 1 HTCondor log file(s)
08/06/20 16:38:12 Reassigning the id of job word_count_ID0000001 from (7.0.0) to (7.0.0)
08/06/20 16:38:12 Event: ULOG_SUBMIT for HTCondor Node word_count_ID0000001 (7.0.0) {08/06/20 16:38:07}
08/06/20 16:38:12 Number of idle job procs: 1
08/06/20 16:38:17 Currently monitoring 1 HTCondor log file(s)
08/06/20 16:38:17 Event: ULOG_EXECUTE for HTCondor Node word_count_ID0000001 (7.0.0) {08/06/20 16:38:14}
08/06/20 16:38:17 Number of idle job procs: 0
08/06/20 16:38:17 Event: ULOG_JOB_TERMINATED for HTCondor Node word_count_ID0000001 (7.0.0) {08/06/20 16:38:16}
08/06/20 16:38:17 Number of idle job procs: 0
08/06/20 16:38:17 Node word_count_ID0000001 job proc (7.0.0) completed successfully.
08/06/20 16:38:17 Node word_count_ID0000001 job completed
08/06/20 16:38:17 Running POST script of Node word_count_ID0000001...
08/06/20 16:38:17 Warning: mysin has length 0 (ignore if produced by DAGMan; see gittrac #4987, #5031)
08/06/20 16:38:17 DAG status: 0 (DAG_STATUS_OK)
08/06/20 16:38:17 Of 19 nodes total:
08/06/20 16:38:17  Done     Pre   Queued    Post   Ready   Un-Ready   Failed
08/06/20 16:38:17   ===     ===      ===     ===     ===        ===      ===
08/06/20 16:38:17     5       0        0       1       0         13        0
08/06/20 16:38:17 0 job proc(s) currently held
08/06/20 16:38:17 DAGMan Runtime Statistics: [ EventCycleTimeStd = 0.08782166577053062; EventCycleTimeMax = 0.2756280899047852; SubmitCycleTimeMin = 0.0003981590270996094; SubmitCycleTimeAvg = 0.04640154405073686; SleepCycleTimeCount = 10.0; SubmitCycleTimeCount = 11.0; SubmitCycleTimeMax = 0.2423560619354248; SleepCycleTimeMin = 5.001082897186279; SubmitCycleTimeSum = 0.5104169845581055; LogProcessCycleTimeStd = 0.0390234698191032; SubmitCycleTimeStd = 0.08494666066346639; LogProcessCycleTimeAvg = 0.03426721692085266; EventCycleTimeMin = 0.007122993469238281; LogProcessCycleTimeMax = 0.1274051666259766; LogProcessCycleTimeMin = 0.005678892135620117; LogProcessCycleTimeSum = 0.2741377353668213; LogProcessCycleTimeCount = 8.0; EventCycleTimeSum = 0.9342591762542725; SleepCycleTimeSum = 50.61315584182739; SleepCycleTimeAvg = 5.061315584182739; SleepCycleTimeStd = 0.123516297208106; SleepCycleTimeMax = 5.370750904083252; EventCycleTimeCount = 10.0; EventCycleTimeAvg = 0.09342591762542725; ]
08/06/20 16:38:17 Initializing user log writer for /home/scitech/shared-data/sample-text-analysis-wf/scitech/pegasus/harry-potter-text-analysis/run0001/./harry-potter-text-analysis-0.dag.nodes.log, (7.0.0)
08/06/20 16:38:22 Currently monitoring 1 HTCondor log file(s)
08/06/20 16:38:22 Event: ULOG_POST_SCRIPT_TERMINATED for HTCondor Node word_count_ID0000001 (7.0.0) {08/06/20 16:38:17}
08/06/20 16:38:22 POST Script of node word_count_ID0000001 completed successfully.
08/06/20 16:38:22 DAG status: 0 (DAG_STATUS_OK)
08/06/20 16:38:22 Of 19 nodes total:
08/06/20 16:38:22  Done     Pre   Queued    Post   Ready   Un-Ready   Failed
08/06/20 16:38:22   ===     ===      ===     ===     ===        ===      ===
08/06/20 16:38:22     6       0        0       0       3         10        0
08/06/20 16:38:22 0 job proc(s) currently held
08/06/20 16:38:22 DAGMan Runtime Statistics: [ EventCycleTimeStd = 0.08511193573951828; EventCycleTimeMax = 0.2756280899047852; SubmitCycleTimeMin = 0.0003981590270996094; SubmitCycleTimeAvg = 0.04263591766357422; SleepCycleTimeCount = 11.0; SubmitCycleTimeCount = 12.0; SubmitCycleTimeMax = 0.2423560619354248; SleepCycleTimeMin = 4.356155872344971; SubmitCycleTimeSum = 0.5116310119628906; LogProcessCycleTimeStd = 0.03733576323374133; SubmitCycleTimeStd = 0.08203718886983617; LogProcessCycleTimeAvg = 0.03165353669060601; EventCycleTimeMin = 0.007122993469238281; LogProcessCycleTimeMax = 0.1274051666259766; LogProcessCycleTimeMin = 0.005678892135620117; LogProcessCycleTimeSum = 0.2848818302154541; LogProcessCycleTimeCount = 9.0; EventCycleTimeSum = 0.9699852466583252; SleepCycleTimeSum = 54.96931171417236; SleepCycleTimeAvg = 4.997210155833852; SleepCycleTimeStd = 0.2427657584795131; SleepCycleTimeMax = 5.370750904083252; EventCycleTimeCount = 11.0; EventCycleTimeAvg = 0.08818047696893866; ]
08/06/20 16:38:27 Submitting HTCondor Node clean_up_local_level_3_0 job(s)...
08/06/20 16:38:27 Adding a DAGMan workflow log /home/scitech/shared-data/sample-text-analysis-wf/scitech/pegasus/harry-potter-text-analysis/run0001/./harry-potter-text-analysis-0.dag.nodes.log
08/06/20 16:38:27 Masking the events recorded in the DAGMAN workflow log
08/06/20 16:38:27 Mask for workflow log is 0,1,2,4,5,7,9,10,11,12,13,16,17,24,27,35,36
08/06/20 16:38:27 submitting: /usr/bin/condor_submit -a dag_node_name' '=' 'clean_up_local_level_3_0 -a +DAGManJobId' '=' '1 -a DAGManJobId' '=' '1 -batch-name harry-potter-text-analysis-0.dag+1 -a submit_event_notes' '=' 'DAG' 'Node:' 'clean_up_local_level_3_0 -a dagman_log' '=' '/home/scitech/shared-data/sample-text-analysis-wf/scitech/pegasus/harry-potter-text-analysis/run0001/./harry-potter-text-analysis-0.dag.nodes.log -a +DAGManNodesMask' '=' '"0,1,2,4,5,7,9,10,11,12,13,16,17,24,27,35,36" -a priority=1000 -a +DAGNodeRetry' '=' '0 -a DAG_STATUS' '=' '0 -a FAILED_COUNT' '=' '0 -a +KeepClaimIdle' '=' '20 -a notification' '=' 'never -a +DAGParentNodeNames' '=' '"word_count_ID0000001" 00/00/clean_up_local_level_3_0.sub
08/06/20 16:38:27 From submit: Submitting job(s).
08/06/20 16:38:27 From submit: 1 job(s) submitted to cluster 8.
08/06/20 16:38:27 	assigned HTCondor ID (8.0.0)
08/06/20 16:38:27 Submitting HTCondor Node stage_out_local_local_0_0 job(s)...
08/06/20 16:38:27 Adding a DAGMan workflow log /home/scitech/shared-data/sample-text-analysis-wf/scitech/pegasus/harry-potter-text-analysis/run0001/./harry-potter-text-analysis-0.dag.nodes.log
08/06/20 16:38:27 Masking the events recorded in the DAGMAN workflow log
08/06/20 16:38:27 Mask for workflow log is 0,1,2,4,5,7,9,10,11,12,13,16,17,24,27,35,36
08/06/20 16:38:27 submitting: /usr/bin/condor_submit -a dag_node_name' '=' 'stage_out_local_local_0_0 -a +DAGManJobId' '=' '1 -a DAGManJobId' '=' '1 -batch-name harry-potter-text-analysis-0.dag+1 -a submit_event_notes' '=' 'DAG' 'Node:' 'stage_out_local_local_0_0 -a dagman_log' '=' '/home/scitech/shared-data/sample-text-analysis-wf/scitech/pegasus/harry-potter-text-analysis/run0001/./harry-potter-text-analysis-0.dag.nodes.log -a +DAGManNodesMask' '=' '"0,1,2,4,5,7,9,10,11,12,13,16,17,24,27,35,36" -a priority=900 -a +DAGNodeRetry' '=' '0 -a DAG_STATUS' '=' '0 -a FAILED_COUNT' '=' '0 -a +KeepClaimIdle' '=' '20 -a notification' '=' 'never -a +DAGParentNodeNames' '=' '"word_count_ID0000001" 00/00/stage_out_local_local_0_0.sub
08/06/20 16:38:27 From submit: Submitting job(s).
08/06/20 16:38:27 From submit: 1 job(s) submitted to cluster 9.
08/06/20 16:38:27 	assigned HTCondor ID (9.0.0)
08/06/20 16:38:27 Submitting HTCondor Node sort_ID0000002 job(s)...
08/06/20 16:38:27 Adding a DAGMan workflow log /home/scitech/shared-data/sample-text-analysis-wf/scitech/pegasus/harry-potter-text-analysis/run0001/./harry-potter-text-analysis-0.dag.nodes.log
08/06/20 16:38:27 Masking the events recorded in the DAGMAN workflow log
08/06/20 16:38:27 Mask for workflow log is 0,1,2,4,5,7,9,10,11,12,13,16,17,24,27,35,36
08/06/20 16:38:27 submitting: /usr/bin/condor_submit -a dag_node_name' '=' 'sort_ID0000002 -a +DAGManJobId' '=' '1 -a DAGManJobId' '=' '1 -batch-name harry-potter-text-analysis-0.dag+1 -a submit_event_notes' '=' 'DAG' 'Node:' 'sort_ID0000002 -a dagman_log' '=' '/home/scitech/shared-data/sample-text-analysis-wf/scitech/pegasus/harry-potter-text-analysis/run0001/./harry-potter-text-analysis-0.dag.nodes.log -a +DAGManNodesMask' '=' '"0,1,2,4,5,7,9,10,11,12,13,16,17,24,27,35,36" -a priority=30 -a +DAGNodeRetry' '=' '0 -a DAG_STATUS' '=' '0 -a FAILED_COUNT' '=' '0 -a +KeepClaimIdle' '=' '20 -a notification' '=' 'never -a +DAGParentNodeNames' '=' '"stage_in_remote_local_1_0,word_count_ID0000001" 00/00/sort_ID0000002.sub
08/06/20 16:38:27 From submit: Submitting job(s).
08/06/20 16:38:27 From submit: 1 job(s) submitted to cluster 10.
08/06/20 16:38:27 	assigned HTCondor ID (10.0.0)
08/06/20 16:38:27 Just submitted 3 jobs this cycle...
08/06/20 16:38:27 DAG status: 0 (DAG_STATUS_OK)
08/06/20 16:38:27 Of 19 nodes total:
08/06/20 16:38:27  Done     Pre   Queued    Post   Ready   Un-Ready   Failed
08/06/20 16:38:27   ===     ===      ===     ===     ===        ===      ===
08/06/20 16:38:27     6       0        3       0       0         10        0
08/06/20 16:38:27 0 job proc(s) currently held
08/06/20 16:38:27 DAGMan Runtime Statistics: [ EventCycleTimeStd = 0.08331717415443229; EventCycleTimeMax = 0.2756280899047852; SubmitCycleTimeMin = 0.0003981590270996094; SubmitCycleTimeAvg = 0.05630100690401518; SleepCycleTimeCount = 12.0; SubmitCycleTimeCount = 13.0; SubmitCycleTimeMax = 0.2423560619354248; SleepCycleTimeMin = 4.356155872344971; SubmitCycleTimeSum = 0.7319130897521973; LogProcessCycleTimeStd = 0.03733576323374133; SubmitCycleTimeStd = 0.09271898021728275; LogProcessCycleTimeAvg = 0.03165353669060601; EventCycleTimeMin = 0.007122993469238281; LogProcessCycleTimeMax = 0.1274051666259766; LogProcessCycleTimeMin = 0.005678892135620117; LogProcessCycleTimeSum = 0.2848818302154541; LogProcessCycleTimeCount = 9.0; EventCycleTimeSum = 0.992781400680542; SleepCycleTimeSum = 59.9866406917572; SleepCycleTimeAvg = 4.9988867243131; SleepCycleTimeStd = 0.2315409194755942; SleepCycleTimeMax = 5.370750904083252; EventCycleTimeCount = 12.0; EventCycleTimeAvg = 0.08273178339004517; ]
08/06/20 16:38:32 Currently monitoring 1 HTCondor log file(s)
08/06/20 16:38:32 Reassigning the id of job clean_up_local_level_3_0 from (8.0.0) to (8.0.0)
08/06/20 16:38:32 Event: ULOG_SUBMIT for HTCondor Node clean_up_local_level_3_0 (8.0.0) {08/06/20 16:38:27}
08/06/20 16:38:32 Number of idle job procs: 1
08/06/20 16:38:32 Reassigning the id of job stage_out_local_local_0_0 from (9.0.0) to (9.0.0)
08/06/20 16:38:32 Event: ULOG_SUBMIT for HTCondor Node stage_out_local_local_0_0 (9.0.0) {08/06/20 16:38:27}
08/06/20 16:38:32 Number of idle job procs: 2
08/06/20 16:38:32 Reassigning the id of job sort_ID0000002 from (10.0.0) to (10.0.0)
08/06/20 16:38:32 Event: ULOG_SUBMIT for HTCondor Node sort_ID0000002 (10.0.0) {08/06/20 16:38:27}
08/06/20 16:38:32 Number of idle job procs: 3
08/06/20 16:38:32 Event: ULOG_EXECUTE for HTCondor Node sort_ID0000002 (10.0.0) {08/06/20 16:38:29}
08/06/20 16:38:32 Number of idle job procs: 2
08/06/20 16:38:32 Event: ULOG_JOB_TERMINATED for HTCondor Node sort_ID0000002 (10.0.0) {08/06/20 16:38:31}
08/06/20 16:38:32 Number of idle job procs: 2
08/06/20 16:38:32 Node sort_ID0000002 job proc (10.0.0) completed successfully.
08/06/20 16:38:32 Node sort_ID0000002 job completed
08/06/20 16:38:32 Running POST script of Node sort_ID0000002...
08/06/20 16:38:32 Warning: mysin has length 0 (ignore if produced by DAGMan; see gittrac #4987, #5031)
08/06/20 16:38:32 DAG status: 0 (DAG_STATUS_OK)
08/06/20 16:38:32 Of 19 nodes total:
08/06/20 16:38:32  Done     Pre   Queued    Post   Ready   Un-Ready   Failed
08/06/20 16:38:32   ===     ===      ===     ===     ===        ===      ===
08/06/20 16:38:32     6       0        2       1       0         10        0
08/06/20 16:38:32 0 job proc(s) currently held
08/06/20 16:38:32 DAGMan Runtime Statistics: [ EventCycleTimeStd = 0.08949233847792074; EventCycleTimeMax = 0.2756280899047852; SubmitCycleTimeMin = 0.0003981590270996094; SubmitCycleTimeAvg = 0.05235636234283447; SleepCycleTimeCount = 13.0; SubmitCycleTimeCount = 14.0; SubmitCycleTimeMax = 0.2423560619354248; SleepCycleTimeMin = 4.356155872344971; SubmitCycleTimeSum = 0.7329890727996826; LogProcessCycleTimeStd = 0.0352460418123578; SubmitCycleTimeStd = 0.09029595428382757; LogProcessCycleTimeAvg = 0.0322199821472168; EventCycleTimeMin = 0.007122993469238281; LogProcessCycleTimeMax = 0.1274051666259766; LogProcessCycleTimeMin = 0.005678892135620117; LogProcessCycleTimeSum = 0.322199821472168; LogProcessCycleTimeCount = 10.0; EventCycleTimeSum = 1.221776247024536; SleepCycleTimeSum = 64.99417185783386; SleepCycleTimeAvg = 4.999551681371836; SleepCycleTimeStd = 0.2216965173193722; SleepCycleTimeMax = 5.370750904083252; EventCycleTimeCount = 13.0; EventCycleTimeAvg = 0.09398278823265663; ]
08/06/20 16:38:33 Initializing user log writer for /home/scitech/shared-data/sample-text-analysis-wf/scitech/pegasus/harry-potter-text-analysis/run0001/./harry-potter-text-analysis-0.dag.nodes.log, (10.0.0)
08/06/20 16:38:37 Currently monitoring 1 HTCondor log file(s)
08/06/20 16:38:37 Event: ULOG_EXECUTE for HTCondor Node clean_up_local_level_3_0 (8.0.0) {08/06/20 16:38:32}
08/06/20 16:38:37 Number of idle job procs: 1
08/06/20 16:38:37 Event: ULOG_EXECUTE for HTCondor Node stage_out_local_local_0_0 (9.0.0) {08/06/20 16:38:32}
08/06/20 16:38:37 Number of idle job procs: 0
08/06/20 16:38:37 Event: ULOG_POST_SCRIPT_TERMINATED for HTCondor Node sort_ID0000002 (10.0.0) {08/06/20 16:38:33}
08/06/20 16:38:37 POST Script of node sort_ID0000002 completed successfully.
08/06/20 16:38:37 Event: ULOG_JOB_TERMINATED for HTCondor Node stage_out_local_local_0_0 (9.0.0) {08/06/20 16:38:36}
08/06/20 16:38:37 Number of idle job procs: 0
08/06/20 16:38:37 Node stage_out_local_local_0_0 job proc (9.0.0) completed successfully.
08/06/20 16:38:37 Node stage_out_local_local_0_0 job completed
08/06/20 16:38:37 Running POST script of Node stage_out_local_local_0_0...
08/06/20 16:38:37 Warning: mysin has length 0 (ignore if produced by DAGMan; see gittrac #4987, #5031)
08/06/20 16:38:37 DAG status: 0 (DAG_STATUS_OK)
08/06/20 16:38:37 Of 19 nodes total:
08/06/20 16:38:37  Done     Pre   Queued    Post   Ready   Un-Ready   Failed
08/06/20 16:38:37   ===     ===      ===     ===     ===        ===      ===
08/06/20 16:38:37     7       0        1       1       2          8        0
08/06/20 16:38:37 0 job proc(s) currently held
08/06/20 16:38:37 DAGMan Runtime Statistics: [ EventCycleTimeStd = 0.08690078708510979; EventCycleTimeMax = 0.2756280899047852; SubmitCycleTimeMin = 0.0003981590270996094; SubmitCycleTimeAvg = 0.0489674727121989; SleepCycleTimeCount = 14.0; SubmitCycleTimeCount = 15.0; SubmitCycleTimeMax = 0.2423560619354248; SleepCycleTimeMin = 4.356155872344971; SubmitCycleTimeSum = 0.7345120906829834; LogProcessCycleTimeStd = 0.03454397376285314; SubmitCycleTimeStd = 0.08799571093255633; LogProcessCycleTimeAvg = 0.03483516519719904; EventCycleTimeMin = 0.007122993469238281; LogProcessCycleTimeMax = 0.1274051666259766; LogProcessCycleTimeMin = 0.005678892135620117; LogProcessCycleTimeSum = 0.3831868171691895; LogProcessCycleTimeCount = 11.0; EventCycleTimeSum = 1.268588066101074; SleepCycleTimeSum = 69.72730493545532; SleepCycleTimeAvg = 4.980521781103952; SleepCycleTimeStd = 0.2245852763281116; SleepCycleTimeMax = 5.370750904083252; EventCycleTimeCount = 14.0; EventCycleTimeAvg = 0.09061343329293388; ]
08/06/20 16:38:38 Initializing user log writer for /home/scitech/shared-data/sample-text-analysis-wf/scitech/pegasus/harry-potter-text-analysis/run0001/./harry-potter-text-analysis-0.dag.nodes.log, (9.0.0)
08/06/20 16:38:42 Submitting HTCondor Node stage_out_local_local_1_0 job(s)...
08/06/20 16:38:42 Adding a DAGMan workflow log /home/scitech/shared-data/sample-text-analysis-wf/scitech/pegasus/harry-potter-text-analysis/run0001/./harry-potter-text-analysis-0.dag.nodes.log
08/06/20 16:38:42 Masking the events recorded in the DAGMAN workflow log
08/06/20 16:38:42 Mask for workflow log is 0,1,2,4,5,7,9,10,11,12,13,16,17,24,27,35,36
08/06/20 16:38:42 submitting: /usr/bin/condor_submit -a dag_node_name' '=' 'stage_out_local_local_1_0 -a +DAGManJobId' '=' '1 -a DAGManJobId' '=' '1 -batch-name harry-potter-text-analysis-0.dag+1 -a submit_event_notes' '=' 'DAG' 'Node:' 'stage_out_local_local_1_0 -a dagman_log' '=' '/home/scitech/shared-data/sample-text-analysis-wf/scitech/pegasus/harry-potter-text-analysis/run0001/./harry-potter-text-analysis-0.dag.nodes.log -a +DAGManNodesMask' '=' '"0,1,2,4,5,7,9,10,11,12,13,16,17,24,27,35,36" -a priority=900 -a +DAGNodeRetry' '=' '0 -a DAG_STATUS' '=' '0 -a FAILED_COUNT' '=' '0 -a +KeepClaimIdle' '=' '20 -a notification' '=' 'never -a +DAGParentNodeNames' '=' '"sort_ID0000002" 00/00/stage_out_local_local_1_0.sub
08/06/20 16:38:42 From submit: Submitting job(s).
08/06/20 16:38:42 From submit: 1 job(s) submitted to cluster 11.
08/06/20 16:38:42 	assigned HTCondor ID (11.0.0)
08/06/20 16:38:42 Submitting HTCondor Node plot_ID0000003 job(s)...
08/06/20 16:38:42 Adding a DAGMan workflow log /home/scitech/shared-data/sample-text-analysis-wf/scitech/pegasus/harry-potter-text-analysis/run0001/./harry-potter-text-analysis-0.dag.nodes.log
08/06/20 16:38:42 Masking the events recorded in the DAGMAN workflow log
08/06/20 16:38:42 Mask for workflow log is 0,1,2,4,5,7,9,10,11,12,13,16,17,24,27,35,36
08/06/20 16:38:42 submitting: /usr/bin/condor_submit -a dag_node_name' '=' 'plot_ID0000003 -a +DAGManJobId' '=' '1 -a DAGManJobId' '=' '1 -batch-name harry-potter-text-analysis-0.dag+1 -a submit_event_notes' '=' 'DAG' 'Node:' 'plot_ID0000003 -a dagman_log' '=' '/home/scitech/shared-data/sample-text-analysis-wf/scitech/pegasus/harry-potter-text-analysis/run0001/./harry-potter-text-analysis-0.dag.nodes.log -a +DAGManNodesMask' '=' '"0,1,2,4,5,7,9,10,11,12,13,16,17,24,27,35,36" -a priority=40 -a +DAGNodeRetry' '=' '0 -a DAG_STATUS' '=' '0 -a FAILED_COUNT' '=' '0 -a +KeepClaimIdle' '=' '20 -a notification' '=' 'never -a +DAGParentNodeNames' '=' '"stage_in_remote_local_2_0,sort_ID0000002" 00/00/plot_ID0000003.sub
08/06/20 16:38:42 From submit: Submitting job(s).
08/06/20 16:38:42 From submit: 1 job(s) submitted to cluster 12.
08/06/20 16:38:42 	assigned HTCondor ID (12.0.0)
08/06/20 16:38:42 Just submitted 2 jobs this cycle...
08/06/20 16:38:42 Currently monitoring 1 HTCondor log file(s)
08/06/20 16:38:42 Event: ULOG_JOB_TERMINATED for HTCondor Node clean_up_local_level_3_0 (8.0.0) {08/06/20 16:38:37}
08/06/20 16:38:42 Number of idle job procs: 0
08/06/20 16:38:42 Node clean_up_local_level_3_0 job proc (8.0.0) completed successfully.
08/06/20 16:38:42 Node clean_up_local_level_3_0 job completed
08/06/20 16:38:42 Running POST script of Node clean_up_local_level_3_0...
08/06/20 16:38:42 Warning: mysin has length 0 (ignore if produced by DAGMan; see gittrac #4987, #5031)
08/06/20 16:38:42 Event: ULOG_POST_SCRIPT_TERMINATED for HTCondor Node stage_out_local_local_0_0 (9.0.0) {08/06/20 16:38:38}
08/06/20 16:38:42 POST Script of node stage_out_local_local_0_0 completed successfully.
08/06/20 16:38:42 Reassigning the id of job stage_out_local_local_1_0 from (11.0.0) to (11.0.0)
08/06/20 16:38:42 Event: ULOG_SUBMIT for HTCondor Node stage_out_local_local_1_0 (11.0.0) {08/06/20 16:38:42}
08/06/20 16:38:42 Number of idle job procs: 1
08/06/20 16:38:42 Event: ULOG_EXECUTE for HTCondor Node stage_out_local_local_1_0 (11.0.0) {08/06/20 16:38:42}
08/06/20 16:38:42 Number of idle job procs: 0
08/06/20 16:38:42 Reassigning the id of job plot_ID0000003 from (12.0.0) to (12.0.0)
08/06/20 16:38:42 Event: ULOG_SUBMIT for HTCondor Node plot_ID0000003 (12.0.0) {08/06/20 16:38:42}
08/06/20 16:38:42 Number of idle job procs: 1
08/06/20 16:38:42 DAG status: 0 (DAG_STATUS_OK)
08/06/20 16:38:42 Of 19 nodes total:
08/06/20 16:38:42  Done     Pre   Queued    Post   Ready   Un-Ready   Failed
08/06/20 16:38:42   ===     ===      ===     ===     ===        ===      ===
08/06/20 16:38:42     8       0        2       1       2          6        0
08/06/20 16:38:42 0 job proc(s) currently held
08/06/20 16:38:42 DAGMan Runtime Statistics: [ EventCycleTimeStd = 0.08378544661004578; EventCycleTimeMax = 0.2756280899047852; SubmitCycleTimeMin = 0.0003981590270996094; SubmitCycleTimeAvg = 0.05552482604980469; SleepCycleTimeCount = 15.0; SubmitCycleTimeCount = 16.0; SubmitCycleTimeMax = 0.2423560619354248; SleepCycleTimeMin = 4.356155872344971; SubmitCycleTimeSum = 0.888397216796875; LogProcessCycleTimeStd = 0.03361534287222172; SubmitCycleTimeStd = 0.08896634714541393; LogProcessCycleTimeAvg = 0.03677564859390259; EventCycleTimeMin = 0.007122993469238281; LogProcessCycleTimeMax = 0.1274051666259766; LogProcessCycleTimeMin = 0.005678892135620117; LogProcessCycleTimeSum = 0.4413077831268311; LogProcessCycleTimeCount = 12.0; EventCycleTimeSum = 1.348479032516479; SleepCycleTimeSum = 75.02110695838928; SleepCycleTimeAvg = 5.001407130559286; SleepCycleTimeStd = 0.2310384391420754; SleepCycleTimeMax = 5.370750904083252; EventCycleTimeCount = 15.0; EventCycleTimeAvg = 0.0898986021677653; ]
08/06/20 16:38:43 Initializing user log writer for /home/scitech/shared-data/sample-text-analysis-wf/scitech/pegasus/harry-potter-text-analysis/run0001/./harry-potter-text-analysis-0.dag.nodes.log, (8.0.0)
08/06/20 16:38:47 Submitting HTCondor Node clean_up_local_level_4_0 job(s)...
08/06/20 16:38:47 Adding a DAGMan workflow log /home/scitech/shared-data/sample-text-analysis-wf/scitech/pegasus/harry-potter-text-analysis/run0001/./harry-potter-text-analysis-0.dag.nodes.log
08/06/20 16:38:47 Masking the events recorded in the DAGMAN workflow log
08/06/20 16:38:47 Mask for workflow log is 0,1,2,4,5,7,9,10,11,12,13,16,17,24,27,35,36
08/06/20 16:38:47 submitting: /usr/bin/condor_submit -a dag_node_name' '=' 'clean_up_local_level_4_0 -a +DAGManJobId' '=' '1 -a DAGManJobId' '=' '1 -batch-name harry-potter-text-analysis-0.dag+1 -a submit_event_notes' '=' 'DAG' 'Node:' 'clean_up_local_level_4_0 -a dagman_log' '=' '/home/scitech/shared-data/sample-text-analysis-wf/scitech/pegasus/harry-potter-text-analysis/run0001/./harry-potter-text-analysis-0.dag.nodes.log -a +DAGManNodesMask' '=' '"0,1,2,4,5,7,9,10,11,12,13,16,17,24,27,35,36" -a priority=1000 -a +DAGNodeRetry' '=' '0 -a DAG_STATUS' '=' '0 -a FAILED_COUNT' '=' '0 -a +KeepClaimIdle' '=' '20 -a notification' '=' 'never -a +DAGParentNodeNames' '=' '"sort_ID0000002,stage_out_local_local_0_0" 00/00/clean_up_local_level_4_0.sub
08/06/20 16:38:47 From submit: Submitting job(s).
08/06/20 16:38:47 From submit: 1 job(s) submitted to cluster 13.
08/06/20 16:38:47 	assigned HTCondor ID (13.0.0)
08/06/20 16:38:47 Submitting HTCondor Node register_local_0_0 job(s)...
08/06/20 16:38:47 Adding a DAGMan workflow log /home/scitech/shared-data/sample-text-analysis-wf/scitech/pegasus/harry-potter-text-analysis/run0001/./harry-potter-text-analysis-0.dag.nodes.log
08/06/20 16:38:47 Masking the events recorded in the DAGMAN workflow log
08/06/20 16:38:47 Mask for workflow log is 0,1,2,4,5,7,9,10,11,12,13,16,17,24,27,35,36
08/06/20 16:38:47 submitting: /usr/bin/condor_submit -a dag_node_name' '=' 'register_local_0_0 -a +DAGManJobId' '=' '1 -a DAGManJobId' '=' '1 -batch-name harry-potter-text-analysis-0.dag+1 -a submit_event_notes' '=' 'DAG' 'Node:' 'register_local_0_0 -a dagman_log' '=' '/home/scitech/shared-data/sample-text-analysis-wf/scitech/pegasus/harry-potter-text-analysis/run0001/./harry-potter-text-analysis-0.dag.nodes.log -a +DAGManNodesMask' '=' '"0,1,2,4,5,7,9,10,11,12,13,16,17,24,27,35,36" -a priority=40 -a +DAGNodeRetry' '=' '0 -a DAG_STATUS' '=' '0 -a FAILED_COUNT' '=' '0 -a notification' '=' 'never -a +DAGParentNodeNames' '=' '"stage_out_local_local_0_0" 00/00/register_local_0_0.sub
08/06/20 16:38:47 From submit: Submitting job(s).
08/06/20 16:38:47 From submit: 1 job(s) submitted to cluster 14.
08/06/20 16:38:47 	assigned HTCondor ID (14.0.0)
08/06/20 16:38:47 Just submitted 2 jobs this cycle...
08/06/20 16:38:47 Currently monitoring 1 HTCondor log file(s)
08/06/20 16:38:47 Event: ULOG_POST_SCRIPT_TERMINATED for HTCondor Node clean_up_local_level_3_0 (8.0.0) {08/06/20 16:38:43}
08/06/20 16:38:47 POST Script of node clean_up_local_level_3_0 completed successfully.
08/06/20 16:38:47 Event: ULOG_EXECUTE for HTCondor Node plot_ID0000003 (12.0.0) {08/06/20 16:38:45}
08/06/20 16:38:47 Number of idle job procs: 0
08/06/20 16:38:47 Event: ULOG_JOB_TERMINATED for HTCondor Node stage_out_local_local_1_0 (11.0.0) {08/06/20 16:38:45}
08/06/20 16:38:47 Number of idle job procs: 0
08/06/20 16:38:47 Node stage_out_local_local_1_0 job proc (11.0.0) completed successfully.
08/06/20 16:38:47 Node stage_out_local_local_1_0 job completed
08/06/20 16:38:47 Running POST script of Node stage_out_local_local_1_0...
08/06/20 16:38:47 Warning: mysin has length 0 (ignore if produced by DAGMan; see gittrac #4987, #5031)
08/06/20 16:38:47 Reassigning the id of job clean_up_local_level_4_0 from (13.0.0) to (13.0.0)
08/06/20 16:38:47 Event: ULOG_SUBMIT for HTCondor Node clean_up_local_level_4_0 (13.0.0) {08/06/20 16:38:47}
08/06/20 16:38:47 Number of idle job procs: 1
08/06/20 16:38:47 Event: ULOG_EXECUTE for HTCondor Node clean_up_local_level_4_0 (13.0.0) {08/06/20 16:38:47}
08/06/20 16:38:47 Number of idle job procs: 0
08/06/20 16:38:47 Reassigning the id of job register_local_0_0 from (14.0.0) to (14.0.0)
08/06/20 16:38:47 Event: ULOG_SUBMIT for HTCondor Node register_local_0_0 (14.0.0) {08/06/20 16:38:47}
08/06/20 16:38:47 Number of idle job procs: 1
08/06/20 16:38:47 DAG status: 0 (DAG_STATUS_OK)
08/06/20 16:38:47 Of 19 nodes total:
08/06/20 16:38:47  Done     Pre   Queued    Post   Ready   Un-Ready   Failed
08/06/20 16:38:47   ===     ===      ===     ===     ===        ===      ===
08/06/20 16:38:47     9       0        3       1       0          6        0
08/06/20 16:38:47 0 job proc(s) currently held
08/06/20 16:38:47 DAGMan Runtime Statistics: [ EventCycleTimeStd = 0.08877125597422206; EventCycleTimeMax = 0.2756280899047852; SubmitCycleTimeMin = 0.0003981590270996094; SubmitCycleTimeAvg = 0.06650495529174805; SleepCycleTimeCount = 16.0; SubmitCycleTimeCount = 17.0; SubmitCycleTimeMax = 0.2423560619354248; SleepCycleTimeMin = 4.356155872344971; SubmitCycleTimeSum = 1.130584239959717; LogProcessCycleTimeStd = 0.03253684803652834; SubmitCycleTimeStd = 0.09731339985073825; LogProcessCycleTimeAvg = 0.03810059107266939; EventCycleTimeMin = 0.007122993469238281; LogProcessCycleTimeMax = 0.1274051666259766; LogProcessCycleTimeMin = 0.005678892135620117; LogProcessCycleTimeSum = 0.4953076839447021; LogProcessCycleTimeCount = 13.0; EventCycleTimeSum = 1.584162950515747; SleepCycleTimeSum = 79.62968897819519; SleepCycleTimeAvg = 4.976855561137199; SleepCycleTimeStd = 0.2438537457463476; SleepCycleTimeMax = 5.370750904083252; EventCycleTimeCount = 16.0; EventCycleTimeAvg = 0.09901018440723419; ]
08/06/20 16:38:48 Initializing user log writer for /home/scitech/shared-data/sample-text-analysis-wf/scitech/pegasus/harry-potter-text-analysis/run0001/./harry-potter-text-analysis-0.dag.nodes.log, (11.0.0)
08/06/20 16:38:52 Currently monitoring 1 HTCondor log file(s)
08/06/20 16:38:52 Event: ULOG_POST_SCRIPT_TERMINATED for HTCondor Node stage_out_local_local_1_0 (11.0.0) {08/06/20 16:38:48}
08/06/20 16:38:52 POST Script of node stage_out_local_local_1_0 completed successfully.
08/06/20 16:38:52 Event: ULOG_EXECUTE for HTCondor Node register_local_0_0 (14.0.0) {08/06/20 16:38:49}
08/06/20 16:38:52 Number of idle job procs: 0
08/06/20 16:38:52 Event: ULOG_JOB_TERMINATED for HTCondor Node plot_ID0000003 (12.0.0) {08/06/20 16:38:51}
08/06/20 16:38:52 Number of idle job procs: 0
08/06/20 16:38:52 Node plot_ID0000003 job proc (12.0.0) completed successfully.
08/06/20 16:38:52 Node plot_ID0000003 job completed
08/06/20 16:38:52 Running POST script of Node plot_ID0000003...
08/06/20 16:38:52 Warning: mysin has length 0 (ignore if produced by DAGMan; see gittrac #4987, #5031)
08/06/20 16:38:52 Event: ULOG_JOB_TERMINATED for HTCondor Node clean_up_local_level_4_0 (13.0.0) {08/06/20 16:38:52}
08/06/20 16:38:52 Number of idle job procs: 0
08/06/20 16:38:52 Node clean_up_local_level_4_0 job proc (13.0.0) completed successfully.
08/06/20 16:38:52 Node clean_up_local_level_4_0 job completed
08/06/20 16:38:52 Running POST script of Node clean_up_local_level_4_0...
08/06/20 16:38:52 Warning: mysin has length 0 (ignore if produced by DAGMan; see gittrac #4987, #5031)
08/06/20 16:38:52 DAG status: 0 (DAG_STATUS_OK)
08/06/20 16:38:52 Of 19 nodes total:
08/06/20 16:38:52  Done     Pre   Queued    Post   Ready   Un-Ready   Failed
08/06/20 16:38:52   ===     ===      ===     ===     ===        ===      ===
08/06/20 16:38:52    10       0        1       2       1          5        0
08/06/20 16:38:52 0 job proc(s) currently held
08/06/20 16:38:52 DAGMan Runtime Statistics: [ EventCycleTimeStd = 0.0996056865503807; EventCycleTimeMax = 0.3065412044525146; SubmitCycleTimeMin = 0.0003981590270996094; SubmitCycleTimeAvg = 0.06283722983466254; SleepCycleTimeCount = 17.0; SubmitCycleTimeCount = 18.0; SubmitCycleTimeMax = 0.2423560619354248; SleepCycleTimeMin = 4.356155872344971; SubmitCycleTimeSum = 1.131070137023926; LogProcessCycleTimeStd = 0.0312642581097; SubmitCycleTimeStd = 0.09568168455779386; LogProcessCycleTimeAvg = 0.03796919754573277; EventCycleTimeMin = 0.007122993469238281; LogProcessCycleTimeMax = 0.1274051666259766; LogProcessCycleTimeMin = 0.005678892135620117; LogProcessCycleTimeSum = 0.5315687656402588; LogProcessCycleTimeCount = 14.0; EventCycleTimeSum = 1.890704154968262; SleepCycleTimeSum = 84.55222678184509; SleepCycleTimeAvg = 4.973660398932064; SleepCycleTimeStd = 0.2364776158078411; SleepCycleTimeMax = 5.370750904083252; EventCycleTimeCount = 17.0; EventCycleTimeAvg = 0.1112178914687213; ]
08/06/20 16:38:53 Initializing user log writer for /home/scitech/shared-data/sample-text-analysis-wf/scitech/pegasus/harry-potter-text-analysis/run0001/./harry-potter-text-analysis-0.dag.nodes.log, (13.0.0)
08/06/20 16:38:53 Initializing user log writer for /home/scitech/shared-data/sample-text-analysis-wf/scitech/pegasus/harry-potter-text-analysis/run0001/./harry-potter-text-analysis-0.dag.nodes.log, (12.0.0)
08/06/20 16:38:57 Currently monitoring 1 HTCondor log file(s)
08/06/20 16:38:57 Event: ULOG_POST_SCRIPT_TERMINATED for HTCondor Node clean_up_local_level_4_0 (13.0.0) {08/06/20 16:38:53}
08/06/20 16:38:57 POST Script of node clean_up_local_level_4_0 completed successfully.
08/06/20 16:38:57 Event: ULOG_POST_SCRIPT_TERMINATED for HTCondor Node plot_ID0000003 (12.0.0) {08/06/20 16:38:53}
08/06/20 16:38:57 POST Script of node plot_ID0000003 completed successfully.
08/06/20 16:38:57 Event: ULOG_JOB_TERMINATED for HTCondor Node register_local_0_0 (14.0.0) {08/06/20 16:38:54}
08/06/20 16:38:57 Number of idle job procs: 0
08/06/20 16:38:57 Node register_local_0_0 job proc (14.0.0) completed successfully.
08/06/20 16:38:57 Node register_local_0_0 job completed
08/06/20 16:38:57 Running POST script of Node register_local_0_0...
08/06/20 16:38:57 Warning: mysin has length 0 (ignore if produced by DAGMan; see gittrac #4987, #5031)
08/06/20 16:38:57 DAG status: 0 (DAG_STATUS_OK)
08/06/20 16:38:57 Of 19 nodes total:
08/06/20 16:38:57  Done     Pre   Queued    Post   Ready   Un-Ready   Failed
08/06/20 16:38:57   ===     ===      ===     ===     ===        ===      ===
08/06/20 16:38:57    12       0        0       1       3          3        0
08/06/20 16:38:57 0 job proc(s) currently held
08/06/20 16:38:57 Note: 1 total job deferrals because of node category throttles
08/06/20 16:38:57 DAGMan Runtime Statistics: [ EventCycleTimeStd = 0.09795854540923753; EventCycleTimeMax = 0.3065412044525146; SubmitCycleTimeMin = 0.0003981590270996094; SubmitCycleTimeAvg = 0.05959568525615491; SleepCycleTimeCount = 18.0; SubmitCycleTimeCount = 19.0; SubmitCycleTimeMax = 0.2423560619354248; SleepCycleTimeMin = 4.356155872344971; SubmitCycleTimeSum = 1.132318019866943; LogProcessCycleTimeStd = 0.03043837182953493; SubmitCycleTimeStd = 0.09405327803547026; LogProcessCycleTimeAvg = 0.03684792518615723; EventCycleTimeMin = 0.007122993469238281; LogProcessCycleTimeMax = 0.1274051666259766; LogProcessCycleTimeMin = 0.005678892135620117; LogProcessCycleTimeSum = 0.5527188777923584; LogProcessCycleTimeCount = 15.0; EventCycleTimeSum = 1.933750152587891; SleepCycleTimeSum = 89.29395079612732; SleepCycleTimeAvg = 4.960775044229296; SleepCycleTimeStd = 0.2358404880160814; SleepCycleTimeMax = 5.370750904083252; EventCycleTimeCount = 18.0; EventCycleTimeAvg = 0.1074305640326606; ]
08/06/20 16:38:57 Initializing user log writer for /home/scitech/shared-data/sample-text-analysis-wf/scitech/pegasus/harry-potter-text-analysis/run0001/./harry-potter-text-analysis-0.dag.nodes.log, (14.0.0)
08/06/20 16:39:02 Submitting HTCondor Node clean_up_local_level_5_0 job(s)...
08/06/20 16:39:02 Adding a DAGMan workflow log /home/scitech/shared-data/sample-text-analysis-wf/scitech/pegasus/harry-potter-text-analysis/run0001/./harry-potter-text-analysis-0.dag.nodes.log
08/06/20 16:39:02 Masking the events recorded in the DAGMAN workflow log
08/06/20 16:39:02 Mask for workflow log is 0,1,2,4,5,7,9,10,11,12,13,16,17,24,27,35,36
08/06/20 16:39:02 submitting: /usr/bin/condor_submit -a dag_node_name' '=' 'clean_up_local_level_5_0 -a +DAGManJobId' '=' '1 -a DAGManJobId' '=' '1 -batch-name harry-potter-text-analysis-0.dag+1 -a submit_event_notes' '=' 'DAG' 'Node:' 'clean_up_local_level_5_0 -a dagman_log' '=' '/home/scitech/shared-data/sample-text-analysis-wf/scitech/pegasus/harry-potter-text-analysis/run0001/./harry-potter-text-analysis-0.dag.nodes.log -a +DAGManNodesMask' '=' '"0,1,2,4,5,7,9,10,11,12,13,16,17,24,27,35,36" -a priority=1000 -a +DAGNodeRetry' '=' '0 -a DAG_STATUS' '=' '0 -a FAILED_COUNT' '=' '0 -a +KeepClaimIdle' '=' '20 -a notification' '=' 'never -a +DAGParentNodeNames' '=' '"plot_ID0000003,stage_out_local_local_1_0" 00/00/clean_up_local_level_5_0.sub
08/06/20 16:39:03 From submit: Submitting job(s).
08/06/20 16:39:03 From submit: 1 job(s) submitted to cluster 15.
08/06/20 16:39:03 	assigned HTCondor ID (15.0.0)
08/06/20 16:39:03 Submitting HTCondor Node stage_out_local_local_2_0 job(s)...
08/06/20 16:39:03 Adding a DAGMan workflow log /home/scitech/shared-data/sample-text-analysis-wf/scitech/pegasus/harry-potter-text-analysis/run0001/./harry-potter-text-analysis-0.dag.nodes.log
08/06/20 16:39:03 Masking the events recorded in the DAGMAN workflow log
08/06/20 16:39:03 Mask for workflow log is 0,1,2,4,5,7,9,10,11,12,13,16,17,24,27,35,36
08/06/20 16:39:03 submitting: /usr/bin/condor_submit -a dag_node_name' '=' 'stage_out_local_local_2_0 -a +DAGManJobId' '=' '1 -a DAGManJobId' '=' '1 -batch-name harry-potter-text-analysis-0.dag+1 -a submit_event_notes' '=' 'DAG' 'Node:' 'stage_out_local_local_2_0 -a dagman_log' '=' '/home/scitech/shared-data/sample-text-analysis-wf/scitech/pegasus/harry-potter-text-analysis/run0001/./harry-potter-text-analysis-0.dag.nodes.log -a +DAGManNodesMask' '=' '"0,1,2,4,5,7,9,10,11,12,13,16,17,24,27,35,36" -a priority=900 -a +DAGNodeRetry' '=' '0 -a DAG_STATUS' '=' '0 -a FAILED_COUNT' '=' '0 -a +KeepClaimIdle' '=' '20 -a notification' '=' 'never -a +DAGParentNodeNames' '=' '"plot_ID0000003" 00/00/stage_out_local_local_2_0.sub
08/06/20 16:39:03 From submit: Submitting job(s).
08/06/20 16:39:03 From submit: 1 job(s) submitted to cluster 16.
08/06/20 16:39:03 	assigned HTCondor ID (16.0.0)
08/06/20 16:39:03 Submitting HTCondor Node register_local_1_0 job(s)...
08/06/20 16:39:03 Adding a DAGMan workflow log /home/scitech/shared-data/sample-text-analysis-wf/scitech/pegasus/harry-potter-text-analysis/run0001/./harry-potter-text-analysis-0.dag.nodes.log
08/06/20 16:39:03 Masking the events recorded in the DAGMAN workflow log
08/06/20 16:39:03 Mask for workflow log is 0,1,2,4,5,7,9,10,11,12,13,16,17,24,27,35,36
08/06/20 16:39:03 submitting: /usr/bin/condor_submit -a dag_node_name' '=' 'register_local_1_0 -a +DAGManJobId' '=' '1 -a DAGManJobId' '=' '1 -batch-name harry-potter-text-analysis-0.dag+1 -a submit_event_notes' '=' 'DAG' 'Node:' 'register_local_1_0 -a dagman_log' '=' '/home/scitech/shared-data/sample-text-analysis-wf/scitech/pegasus/harry-potter-text-analysis/run0001/./harry-potter-text-analysis-0.dag.nodes.log -a +DAGManNodesMask' '=' '"0,1,2,4,5,7,9,10,11,12,13,16,17,24,27,35,36" -a priority=50 -a +DAGNodeRetry' '=' '0 -a DAG_STATUS' '=' '0 -a FAILED_COUNT' '=' '0 -a notification' '=' 'never -a +DAGParentNodeNames' '=' '"stage_out_local_local_1_0" 00/00/register_local_1_0.sub
08/06/20 16:39:03 From submit: Submitting job(s).
08/06/20 16:39:03 From submit: 1 job(s) submitted to cluster 17.
08/06/20 16:39:03 	assigned HTCondor ID (17.0.0)
08/06/20 16:39:03 Just submitted 3 jobs this cycle...
08/06/20 16:39:03 Currently monitoring 1 HTCondor log file(s)
08/06/20 16:39:03 Event: ULOG_POST_SCRIPT_TERMINATED for HTCondor Node register_local_0_0 (14.0.0) {08/06/20 16:38:57}
08/06/20 16:39:03 POST Script of node register_local_0_0 completed successfully.
08/06/20 16:39:03 Reassigning the id of job clean_up_local_level_5_0 from (15.0.0) to (15.0.0)
08/06/20 16:39:03 Event: ULOG_SUBMIT for HTCondor Node clean_up_local_level_5_0 (15.0.0) {08/06/20 16:39:03}
08/06/20 16:39:03 Number of idle job procs: 1
08/06/20 16:39:03 Reassigning the id of job stage_out_local_local_2_0 from (16.0.0) to (16.0.0)
08/06/20 16:39:03 Event: ULOG_SUBMIT for HTCondor Node stage_out_local_local_2_0 (16.0.0) {08/06/20 16:39:03}
08/06/20 16:39:03 Number of idle job procs: 2
08/06/20 16:39:03 Reassigning the id of job register_local_1_0 from (17.0.0) to (17.0.0)
08/06/20 16:39:03 Event: ULOG_SUBMIT for HTCondor Node register_local_1_0 (17.0.0) {08/06/20 16:39:03}
08/06/20 16:39:03 Number of idle job procs: 3
08/06/20 16:39:03 DAG status: 0 (DAG_STATUS_OK)
08/06/20 16:39:03 Of 19 nodes total:
08/06/20 16:39:03  Done     Pre   Queued    Post   Ready   Un-Ready   Failed
08/06/20 16:39:03   ===     ===      ===     ===     ===        ===      ===
08/06/20 16:39:03    13       0        3       0       0          3        0
08/06/20 16:39:03 0 job proc(s) currently held
08/06/20 16:39:03 Note: 1 total job deferrals because of node category throttles
08/06/20 16:39:03 DAGMan Runtime Statistics: [ EventCycleTimeStd = 0.09671341278762129; EventCycleTimeMax = 0.3065412044525146; SubmitCycleTimeMin = 0.0003981590270996094; SubmitCycleTimeAvg = 0.06740230321884155; SleepCycleTimeCount = 19.0; SubmitCycleTimeCount = 20.0; SubmitCycleTimeMax = 0.2423560619354248; SleepCycleTimeMin = 4.356155872344971; SubmitCycleTimeSum = 1.348046064376831; LogProcessCycleTimeStd = 0.02987008353880215; SubmitCycleTimeStd = 0.09797604215525139; LogProcessCycleTimeAvg = 0.03553706407546997; EventCycleTimeMin = 0.007122993469238281; LogProcessCycleTimeMax = 0.1274051666259766; LogProcessCycleTimeMin = 0.005678892135620117; LogProcessCycleTimeSum = 0.5685930252075195; LogProcessCycleTimeCount = 16.0; EventCycleTimeSum = 1.966860294342041; SleepCycleTimeSum = 94.90551567077637; SleepCycleTimeAvg = 4.995027140567177; SleepCycleTimeStd = 0.2735353923678356; SleepCycleTimeMax = 5.611564874649048; EventCycleTimeCount = 19.0; EventCycleTimeAvg = 0.1035189628601074; ]
08/06/20 16:39:08 Currently monitoring 1 HTCondor log file(s)
08/06/20 16:39:08 Event: ULOG_EXECUTE for HTCondor Node clean_up_local_level_5_0 (15.0.0) {08/06/20 16:39:06}
08/06/20 16:39:08 Number of idle job procs: 2
08/06/20 16:39:08 Event: ULOG_EXECUTE for HTCondor Node register_local_1_0 (17.0.0) {08/06/20 16:39:06}
08/06/20 16:39:08 Number of idle job procs: 1
08/06/20 16:39:08 Event: ULOG_EXECUTE for HTCondor Node stage_out_local_local_2_0 (16.0.0) {08/06/20 16:39:06}
08/06/20 16:39:08 Number of idle job procs: 0
08/06/20 16:39:13 Currently monitoring 1 HTCondor log file(s)
08/06/20 16:39:13 Event: ULOG_JOB_TERMINATED for HTCondor Node stage_out_local_local_2_0 (16.0.0) {08/06/20 16:39:10}
08/06/20 16:39:13 Number of idle job procs: 0
08/06/20 16:39:13 Node stage_out_local_local_2_0 job proc (16.0.0) completed successfully.
08/06/20 16:39:13 Node stage_out_local_local_2_0 job completed
08/06/20 16:39:13 Running POST script of Node stage_out_local_local_2_0...
08/06/20 16:39:13 Warning: mysin has length 0 (ignore if produced by DAGMan; see gittrac #4987, #5031)
08/06/20 16:39:13 Event: ULOG_JOB_TERMINATED for HTCondor Node clean_up_local_level_5_0 (15.0.0) {08/06/20 16:39:11}
08/06/20 16:39:13 Number of idle job procs: 0
08/06/20 16:39:13 Node clean_up_local_level_5_0 job proc (15.0.0) completed successfully.
08/06/20 16:39:13 Node clean_up_local_level_5_0 job completed
08/06/20 16:39:13 Running POST script of Node clean_up_local_level_5_0...
08/06/20 16:39:13 Warning: mysin has length 0 (ignore if produced by DAGMan; see gittrac #4987, #5031)
08/06/20 16:39:13 DAG status: 0 (DAG_STATUS_OK)
08/06/20 16:39:13 Of 19 nodes total:
08/06/20 16:39:13  Done     Pre   Queued    Post   Ready   Un-Ready   Failed
08/06/20 16:39:13   ===     ===      ===     ===     ===        ===      ===
08/06/20 16:39:13    13       0        1       2       0          3        0
08/06/20 16:39:13 0 job proc(s) currently held
08/06/20 16:39:13 Note: 1 total job deferrals because of node category throttles
08/06/20 16:39:13 DAGMan Runtime Statistics: [ EventCycleTimeStd = 0.09898073774649052; EventCycleTimeMax = 0.3065412044525146; SubmitCycleTimeMin = 0.0003669261932373047; SubmitCycleTimeAvg = 0.06130991198799827; SleepCycleTimeCount = 21.0; SubmitCycleTimeCount = 22.0; SubmitCycleTimeMax = 0.2423560619354248; SleepCycleTimeMin = 4.356155872344971; SubmitCycleTimeSum = 1.348818063735962; LogProcessCycleTimeStd = 0.02874895426817665; SubmitCycleTimeStd = 0.09525719155939892; LogProcessCycleTimeAvg = 0.03516839610205756; EventCycleTimeMin = 0.007122993469238281; LogProcessCycleTimeMax = 0.1274051666259766; LogProcessCycleTimeMin = 0.005678892135620117; LogProcessCycleTimeSum = 0.6330311298370361; LogProcessCycleTimeCount = 18.0; EventCycleTimeSum = 2.226469278335571; SleepCycleTimeSum = 104.906421661377; SleepCycleTimeAvg = 4.995543888636997; SleepCycleTimeStd = 0.2595073290325177; SleepCycleTimeMax = 5.611564874649048; EventCycleTimeCount = 21.0; EventCycleTimeAvg = 0.1060223465874082; ]
08/06/20 16:39:14 Initializing user log writer for /home/scitech/shared-data/sample-text-analysis-wf/scitech/pegasus/harry-potter-text-analysis/run0001/./harry-potter-text-analysis-0.dag.nodes.log, (16.0.0)
08/06/20 16:39:14 Initializing user log writer for /home/scitech/shared-data/sample-text-analysis-wf/scitech/pegasus/harry-potter-text-analysis/run0001/./harry-potter-text-analysis-0.dag.nodes.log, (15.0.0)
08/06/20 16:39:18 Currently monitoring 1 HTCondor log file(s)
08/06/20 16:39:18 Event: ULOG_POST_SCRIPT_TERMINATED for HTCondor Node stage_out_local_local_2_0 (16.0.0) {08/06/20 16:39:14}
08/06/20 16:39:18 POST Script of node stage_out_local_local_2_0 completed successfully.
08/06/20 16:39:18 Event: ULOG_POST_SCRIPT_TERMINATED for HTCondor Node clean_up_local_level_5_0 (15.0.0) {08/06/20 16:39:14}
08/06/20 16:39:18 POST Script of node clean_up_local_level_5_0 completed successfully.
08/06/20 16:39:18 Event: ULOG_JOB_TERMINATED for HTCondor Node register_local_1_0 (17.0.0) {08/06/20 16:39:14}
08/06/20 16:39:18 Number of idle job procs: 0
08/06/20 16:39:18 Node register_local_1_0 job proc (17.0.0) completed successfully.
08/06/20 16:39:18 Node register_local_1_0 job completed
08/06/20 16:39:18 Running POST script of Node register_local_1_0...
08/06/20 16:39:18 Warning: mysin has length 0 (ignore if produced by DAGMan; see gittrac #4987, #5031)
08/06/20 16:39:18 DAG status: 0 (DAG_STATUS_OK)
08/06/20 16:39:18 Of 19 nodes total:
08/06/20 16:39:18  Done     Pre   Queued    Post   Ready   Un-Ready   Failed
08/06/20 16:39:18   ===     ===      ===     ===     ===        ===      ===
08/06/20 16:39:18    15       0        0       1       2          1        0
08/06/20 16:39:18 0 job proc(s) currently held
08/06/20 16:39:18 Note: 1 total job deferrals because of node category throttles
08/06/20 16:39:18 DAGMan Runtime Statistics: [ EventCycleTimeStd = 0.09711269830046249; EventCycleTimeMax = 0.3065412044525146; SubmitCycleTimeMin = 0.0003669261932373047; SubmitCycleTimeAvg = 0.05870148409967837; SleepCycleTimeCount = 22.0; SubmitCycleTimeCount = 23.0; SubmitCycleTimeMax = 0.2423560619354248; SleepCycleTimeMin = 4.356155872344971; SubmitCycleTimeSum = 1.350134134292603; LogProcessCycleTimeStd = 0.02794767890556955; SubmitCycleTimeStd = 0.09390405035800163; LogProcessCycleTimeAvg = 0.03500826735245554; EventCycleTimeMin = 0.007122993469238281; LogProcessCycleTimeMax = 0.1274051666259766; LogProcessCycleTimeMin = 0.005678892135620117; LogProcessCycleTimeSum = 0.6651570796966553; LogProcessCycleTimeCount = 19.0; EventCycleTimeSum = 2.285535335540771; SleepCycleTimeSum = 109.8305068016052; SleepCycleTimeAvg = 4.992295763709328; SleepCycleTimeStd = 0.2537110582095488; SleepCycleTimeMax = 5.611564874649048; EventCycleTimeCount = 22.0; EventCycleTimeAvg = 0.1038879697973078; ]
08/06/20 16:39:18 Initializing user log writer for /home/scitech/shared-data/sample-text-analysis-wf/scitech/pegasus/harry-potter-text-analysis/run0001/./harry-potter-text-analysis-0.dag.nodes.log, (17.0.0)
08/06/20 16:39:23 Submitting HTCondor Node clean_up_local_level_6_0 job(s)...
08/06/20 16:39:23 Adding a DAGMan workflow log /home/scitech/shared-data/sample-text-analysis-wf/scitech/pegasus/harry-potter-text-analysis/run0001/./harry-potter-text-analysis-0.dag.nodes.log
08/06/20 16:39:23 Masking the events recorded in the DAGMAN workflow log
08/06/20 16:39:23 Mask for workflow log is 0,1,2,4,5,7,9,10,11,12,13,16,17,24,27,35,36
08/06/20 16:39:23 submitting: /usr/bin/condor_submit -a dag_node_name' '=' 'clean_up_local_level_6_0 -a +DAGManJobId' '=' '1 -a DAGManJobId' '=' '1 -batch-name harry-potter-text-analysis-0.dag+1 -a submit_event_notes' '=' 'DAG' 'Node:' 'clean_up_local_level_6_0 -a dagman_log' '=' '/home/scitech/shared-data/sample-text-analysis-wf/scitech/pegasus/harry-potter-text-analysis/run0001/./harry-potter-text-analysis-0.dag.nodes.log -a +DAGManNodesMask' '=' '"0,1,2,4,5,7,9,10,11,12,13,16,17,24,27,35,36" -a priority=1000 -a +DAGNodeRetry' '=' '0 -a DAG_STATUS' '=' '0 -a FAILED_COUNT' '=' '0 -a +KeepClaimIdle' '=' '20 -a notification' '=' 'never -a +DAGParentNodeNames' '=' '"stage_out_local_local_2_0" 00/00/clean_up_local_level_6_0.sub
08/06/20 16:39:23 From submit: Submitting job(s).
08/06/20 16:39:23 From submit: 1 job(s) submitted to cluster 18.
08/06/20 16:39:23 	assigned HTCondor ID (18.0.0)
08/06/20 16:39:23 Submitting HTCondor Node register_local_2_0 job(s)...
08/06/20 16:39:23 Adding a DAGMan workflow log /home/scitech/shared-data/sample-text-analysis-wf/scitech/pegasus/harry-potter-text-analysis/run0001/./harry-potter-text-analysis-0.dag.nodes.log
08/06/20 16:39:23 Masking the events recorded in the DAGMAN workflow log
08/06/20 16:39:23 Mask for workflow log is 0,1,2,4,5,7,9,10,11,12,13,16,17,24,27,35,36
08/06/20 16:39:23 submitting: /usr/bin/condor_submit -a dag_node_name' '=' 'register_local_2_0 -a +DAGManJobId' '=' '1 -a DAGManJobId' '=' '1 -batch-name harry-potter-text-analysis-0.dag+1 -a submit_event_notes' '=' 'DAG' 'Node:' 'register_local_2_0 -a dagman_log' '=' '/home/scitech/shared-data/sample-text-analysis-wf/scitech/pegasus/harry-potter-text-analysis/run0001/./harry-potter-text-analysis-0.dag.nodes.log -a +DAGManNodesMask' '=' '"0,1,2,4,5,7,9,10,11,12,13,16,17,24,27,35,36" -a priority=60 -a +DAGNodeRetry' '=' '0 -a DAG_STATUS' '=' '0 -a FAILED_COUNT' '=' '0 -a notification' '=' 'never -a +DAGParentNodeNames' '=' '"stage_out_local_local_2_0" 00/00/register_local_2_0.sub
08/06/20 16:39:23 From submit: Submitting job(s).
08/06/20 16:39:23 From submit: 1 job(s) submitted to cluster 19.
08/06/20 16:39:23 	assigned HTCondor ID (19.0.0)
08/06/20 16:39:23 Just submitted 2 jobs this cycle...
08/06/20 16:39:23 Currently monitoring 1 HTCondor log file(s)
08/06/20 16:39:23 Event: ULOG_POST_SCRIPT_TERMINATED for HTCondor Node register_local_1_0 (17.0.0) {08/06/20 16:39:18}
08/06/20 16:39:23 POST Script of node register_local_1_0 completed successfully.
08/06/20 16:39:23 Reassigning the id of job clean_up_local_level_6_0 from (18.0.0) to (18.0.0)
08/06/20 16:39:23 Event: ULOG_SUBMIT for HTCondor Node clean_up_local_level_6_0 (18.0.0) {08/06/20 16:39:23}
08/06/20 16:39:23 Number of idle job procs: 1
08/06/20 16:39:23 Reassigning the id of job register_local_2_0 from (19.0.0) to (19.0.0)
08/06/20 16:39:23 Event: ULOG_SUBMIT for HTCondor Node register_local_2_0 (19.0.0) {08/06/20 16:39:23}
08/06/20 16:39:23 Number of idle job procs: 2
08/06/20 16:39:23 DAG status: 0 (DAG_STATUS_OK)
08/06/20 16:39:23 Of 19 nodes total:
08/06/20 16:39:23  Done     Pre   Queued    Post   Ready   Un-Ready   Failed
08/06/20 16:39:23   ===     ===      ===     ===     ===        ===      ===
08/06/20 16:39:23    16       0        2       0       0          1        0
08/06/20 16:39:23 0 job proc(s) currently held
08/06/20 16:39:23 Note: 1 total job deferrals because of node category throttles
08/06/20 16:39:23 DAGMan Runtime Statistics: [ EventCycleTimeStd = 0.0956161433235759; EventCycleTimeMax = 0.3065412044525146; SubmitCycleTimeMin = 0.0003669261932373047; SubmitCycleTimeAvg = 0.06181496381759644; SleepCycleTimeCount = 23.0; SubmitCycleTimeCount = 24.0; SubmitCycleTimeMax = 0.2423560619354248; SleepCycleTimeMin = 4.356155872344971; SubmitCycleTimeSum = 1.483559131622314; LogProcessCycleTimeStd = 0.02768452704260718; SubmitCycleTimeStd = 0.09309796338933943; LogProcessCycleTimeAvg = 0.0338578462600708; EventCycleTimeMin = 0.007122993469238281; LogProcessCycleTimeMax = 0.1274051666259766; LogProcessCycleTimeMin = 0.005678892135620117; LogProcessCycleTimeSum = 0.677156925201416; LogProcessCycleTimeCount = 20.0; EventCycleTimeSum = 2.33262825012207; SleepCycleTimeSum = 115.1511948108673; SleepCycleTimeAvg = 5.006573687429014; SleepCycleTimeStd = 0.2571617840370923; SleepCycleTimeMax = 5.611564874649048; EventCycleTimeCount = 23.0; EventCycleTimeAvg = 0.1014186195705248; ]
08/06/20 16:39:28 Currently monitoring 1 HTCondor log file(s)
08/06/20 16:39:28 Event: ULOG_EXECUTE for HTCondor Node register_local_2_0 (19.0.0) {08/06/20 16:39:27}
08/06/20 16:39:28 Number of idle job procs: 1
08/06/20 16:39:28 Event: ULOG_EXECUTE for HTCondor Node clean_up_local_level_6_0 (18.0.0) {08/06/20 16:39:27}
08/06/20 16:39:28 Number of idle job procs: 0
08/06/20 16:39:33 Currently monitoring 1 HTCondor log file(s)
08/06/20 16:39:33 Event: ULOG_JOB_TERMINATED for HTCondor Node clean_up_local_level_6_0 (18.0.0) {08/06/20 16:39:29}
08/06/20 16:39:33 Number of idle job procs: 0
08/06/20 16:39:33 Node clean_up_local_level_6_0 job proc (18.0.0) completed successfully.
08/06/20 16:39:33 Node clean_up_local_level_6_0 job completed
08/06/20 16:39:33 Running POST script of Node clean_up_local_level_6_0...
08/06/20 16:39:33 Warning: mysin has length 0 (ignore if produced by DAGMan; see gittrac #4987, #5031)
08/06/20 16:39:33 Event: ULOG_JOB_TERMINATED for HTCondor Node register_local_2_0 (19.0.0) {08/06/20 16:39:31}
08/06/20 16:39:33 Number of idle job procs: 0
08/06/20 16:39:33 Node register_local_2_0 job proc (19.0.0) completed successfully.
08/06/20 16:39:33 Node register_local_2_0 job completed
08/06/20 16:39:33 Running POST script of Node register_local_2_0...
08/06/20 16:39:33 Warning: mysin has length 0 (ignore if produced by DAGMan; see gittrac #4987, #5031)
08/06/20 16:39:33 DAG status: 0 (DAG_STATUS_OK)
08/06/20 16:39:33 Of 19 nodes total:
08/06/20 16:39:33  Done     Pre   Queued    Post   Ready   Un-Ready   Failed
08/06/20 16:39:33   ===     ===      ===     ===     ===        ===      ===
08/06/20 16:39:33    16       0        0       2       0          1        0
08/06/20 16:39:33 0 job proc(s) currently held
08/06/20 16:39:33 Note: 1 total job deferrals because of node category throttles
08/06/20 16:39:33 DAGMan Runtime Statistics: [ EventCycleTimeStd = 0.09411025690711217; EventCycleTimeMax = 0.3065412044525146; SubmitCycleTimeMin = 0.0003669261932373047; SubmitCycleTimeAvg = 0.05712466056530292; SleepCycleTimeCount = 25.0; SubmitCycleTimeCount = 26.0; SubmitCycleTimeMax = 0.2423560619354248; SleepCycleTimeMin = 4.356155872344971; SubmitCycleTimeSum = 1.485241174697876; LogProcessCycleTimeStd = 0.02696192014845681; SubmitCycleTimeStd = 0.09082074784223969; LogProcessCycleTimeAvg = 0.03294177488847212; EventCycleTimeMin = 0.007122993469238281; LogProcessCycleTimeMax = 0.1274051666259766; LogProcessCycleTimeMin = 0.005678892135620117; LogProcessCycleTimeSum = 0.7247190475463867; LogProcessCycleTimeCount = 22.0; EventCycleTimeSum = 2.496779203414917; SleepCycleTimeSum = 125.1731498241425; SleepCycleTimeAvg = 5.006925992965698; SleepCycleTimeStd = 0.2462171839641257; SleepCycleTimeMax = 5.611564874649048; EventCycleTimeCount = 25.0; EventCycleTimeAvg = 0.09987116813659667; ]
08/06/20 16:39:34 Initializing user log writer for /home/scitech/shared-data/sample-text-analysis-wf/scitech/pegasus/harry-potter-text-analysis/run0001/./harry-potter-text-analysis-0.dag.nodes.log, (18.0.0)
08/06/20 16:39:34 Initializing user log writer for /home/scitech/shared-data/sample-text-analysis-wf/scitech/pegasus/harry-potter-text-analysis/run0001/./harry-potter-text-analysis-0.dag.nodes.log, (19.0.0)
08/06/20 16:39:38 Currently monitoring 1 HTCondor log file(s)
08/06/20 16:39:38 Event: ULOG_POST_SCRIPT_TERMINATED for HTCondor Node clean_up_local_level_6_0 (18.0.0) {08/06/20 16:39:34}
08/06/20 16:39:38 POST Script of node clean_up_local_level_6_0 completed successfully.
08/06/20 16:39:38 Event: ULOG_POST_SCRIPT_TERMINATED for HTCondor Node register_local_2_0 (19.0.0) {08/06/20 16:39:34}
08/06/20 16:39:38 POST Script of node register_local_2_0 completed successfully.
08/06/20 16:39:38 DAG status: 0 (DAG_STATUS_OK)
08/06/20 16:39:38 Of 19 nodes total:
08/06/20 16:39:38  Done     Pre   Queued    Post   Ready   Un-Ready   Failed
08/06/20 16:39:38   ===     ===      ===     ===     ===        ===      ===
08/06/20 16:39:38    18       0        0       0       1          0        0
08/06/20 16:39:38 0 job proc(s) currently held
08/06/20 16:39:38 Note: 1 total job deferrals because of node category throttles
08/06/20 16:39:38 DAGMan Runtime Statistics: [ EventCycleTimeStd = 0.09266072916053186; EventCycleTimeMax = 0.3065412044525146; SubmitCycleTimeMin = 0.0003669261932373047; SubmitCycleTimeAvg = 0.05505085874486853; SleepCycleTimeCount = 26.0; SubmitCycleTimeCount = 27.0; SubmitCycleTimeMax = 0.2423560619354248; SleepCycleTimeMin = 4.356155872344971; SubmitCycleTimeSum = 1.48637318611145; LogProcessCycleTimeStd = 0.0266543003182307; SubmitCycleTimeStd = 0.08970662977533594; LogProcessCycleTimeAvg = 0.03209351456683615; EventCycleTimeMin = 0.007122993469238281; LogProcessCycleTimeMax = 0.1274051666259766; LogProcessCycleTimeMin = 0.005678892135620117; LogProcessCycleTimeSum = 0.7381508350372314; LogProcessCycleTimeCount = 23.0; EventCycleTimeSum = 2.550045251846313; SleepCycleTimeSum = 129.7268416881561; SleepCycleTimeAvg = 4.989493911082928; SleepCycleTimeStd = 0.2570968690202445; SleepCycleTimeMax = 5.611564874649048; EventCycleTimeCount = 26.0; EventCycleTimeAvg = 0.09807866353255051; ]
08/06/20 16:39:43 Submitting HTCondor Node cleanup_harry-potter-text-analysis_0_local job(s)...
08/06/20 16:39:43 Adding a DAGMan workflow log /home/scitech/shared-data/sample-text-analysis-wf/scitech/pegasus/harry-potter-text-analysis/run0001/./harry-potter-text-analysis-0.dag.nodes.log
08/06/20 16:39:43 Masking the events recorded in the DAGMAN workflow log
08/06/20 16:39:43 Mask for workflow log is 0,1,2,4,5,7,9,10,11,12,13,16,17,24,27,35,36
08/06/20 16:39:43 submitting: /usr/bin/condor_submit -a dag_node_name' '=' 'cleanup_harry-potter-text-analysis_0_local -a +DAGManJobId' '=' '1 -a DAGManJobId' '=' '1 -batch-name harry-potter-text-analysis-0.dag+1 -a submit_event_notes' '=' 'DAG' 'Node:' 'cleanup_harry-potter-text-analysis_0_local -a dagman_log' '=' '/home/scitech/shared-data/sample-text-analysis-wf/scitech/pegasus/harry-potter-text-analysis/run0001/./harry-potter-text-analysis-0.dag.nodes.log -a +DAGManNodesMask' '=' '"0,1,2,4,5,7,9,10,11,12,13,16,17,24,27,35,36" -a priority=1000 -a +DAGNodeRetry' '=' '0 -a DAG_STATUS' '=' '0 -a FAILED_COUNT' '=' '0 -a notification' '=' 'never -a +DAGParentNodeNames' '=' '"clean_up_local_level_3_0,clean_up_local_level_4_0,clean_up_local_level_5_0,clean_up_local_level_6_0" 00/00/cleanup_harry-potter-text-analysis_0_local.sub
08/06/20 16:39:43 From submit: Submitting job(s).
08/06/20 16:39:43 From submit: 1 job(s) submitted to cluster 20.
08/06/20 16:39:43 	assigned HTCondor ID (20.0.0)
08/06/20 16:39:43 Just submitted 1 job this cycle...
08/06/20 16:39:43 DAG status: 0 (DAG_STATUS_OK)
08/06/20 16:39:43 Of 19 nodes total:
08/06/20 16:39:43  Done     Pre   Queued    Post   Ready   Un-Ready   Failed
08/06/20 16:39:43   ===     ===      ===     ===     ===        ===      ===
08/06/20 16:39:43    18       0        1       0       0          0        0
08/06/20 16:39:43 0 job proc(s) currently held
08/06/20 16:39:43 Note: 1 total job deferrals because of node category throttles
08/06/20 16:39:43 DAGMan Runtime Statistics: [ EventCycleTimeStd = 0.09194721660852363; EventCycleTimeMax = 0.3065412044525146; SubmitCycleTimeMin = 0.0003669261932373047; SubmitCycleTimeAvg = 0.05520018509456089; SleepCycleTimeCount = 27.0; SubmitCycleTimeCount = 28.0; SubmitCycleTimeMax = 0.2423560619354248; SleepCycleTimeMin = 4.356155872344971; SubmitCycleTimeSum = 1.545605182647705; LogProcessCycleTimeStd = 0.0266543003182307; SubmitCycleTimeStd = 0.08803326867473445; LogProcessCycleTimeAvg = 0.03209351456683615; EventCycleTimeMin = 0.007122993469238281; LogProcessCycleTimeMax = 0.1274051666259766; LogProcessCycleTimeMin = 0.005678892135620117; LogProcessCycleTimeSum = 0.7381508350372314; LogProcessCycleTimeCount = 23.0; EventCycleTimeSum = 2.574913263320923; SleepCycleTimeSum = 134.7410187721252; SleepCycleTimeAvg = 4.990408102671306; SleepCycleTimeStd = 0.2521489711822519; SleepCycleTimeMax = 5.611564874649048; EventCycleTimeCount = 27.0; EventCycleTimeAvg = 0.09536715790077492; ]
08/06/20 16:39:48 Currently monitoring 1 HTCondor log file(s)
08/06/20 16:39:48 Reassigning the id of job cleanup_harry-potter-text-analysis_0_local from (20.0.0) to (20.0.0)
08/06/20 16:39:48 Event: ULOG_SUBMIT for HTCondor Node cleanup_harry-potter-text-analysis_0_local (20.0.0) {08/06/20 16:39:43}
08/06/20 16:39:48 Number of idle job procs: 1
08/06/20 16:39:48 Event: ULOG_EXECUTE for HTCondor Node cleanup_harry-potter-text-analysis_0_local (20.0.0) {08/06/20 16:39:48}
08/06/20 16:39:48 Number of idle job procs: 0
08/06/20 16:39:53 Currently monitoring 1 HTCondor log file(s)
08/06/20 16:39:53 Event: ULOG_JOB_TERMINATED for HTCondor Node cleanup_harry-potter-text-analysis_0_local (20.0.0) {08/06/20 16:39:50}
08/06/20 16:39:53 Number of idle job procs: 0
08/06/20 16:39:53 Node cleanup_harry-potter-text-analysis_0_local job proc (20.0.0) completed successfully.
08/06/20 16:39:53 Node cleanup_harry-potter-text-analysis_0_local job completed
08/06/20 16:39:53 Running POST script of Node cleanup_harry-potter-text-analysis_0_local...
08/06/20 16:39:53 Warning: mysin has length 0 (ignore if produced by DAGMan; see gittrac #4987, #5031)
08/06/20 16:39:53 DAG status: 0 (DAG_STATUS_OK)
08/06/20 16:39:53 Of 19 nodes total:
08/06/20 16:39:53  Done     Pre   Queued    Post   Ready   Un-Ready   Failed
08/06/20 16:39:53   ===     ===      ===     ===     ===        ===      ===
08/06/20 16:39:53    18       0        0       1       0          0        0
08/06/20 16:39:53 0 job proc(s) currently held
08/06/20 16:39:53 Note: 1 total job deferrals because of node category throttles
08/06/20 16:39:53 DAGMan Runtime Statistics: [ EventCycleTimeStd = 0.0899254745377928; EventCycleTimeMax = 0.3065412044525146; SubmitCycleTimeMin = 0.0003669261932373047; SubmitCycleTimeAvg = 0.05159267584482829; SleepCycleTimeCount = 29.0; SubmitCycleTimeCount = 30.0; SubmitCycleTimeMax = 0.2423560619354248; SleepCycleTimeMin = 4.356155872344971; SubmitCycleTimeSum = 1.547780275344849; LogProcessCycleTimeStd = 0.02596024892087784; SubmitCycleTimeStd = 0.08604572453133; LogProcessCycleTimeAvg = 0.03072579383850098; EventCycleTimeMin = 0.007122993469238281; LogProcessCycleTimeMax = 0.1274051666259766; LogProcessCycleTimeMin = 0.005678892135620117; LogProcessCycleTimeSum = 0.7681448459625244; LogProcessCycleTimeCount = 25.0; EventCycleTimeSum = 2.659716367721558; SleepCycleTimeSum = 144.7526347637177; SleepCycleTimeAvg = 4.991470164266126; SleepCycleTimeStd = 0.2430093331379287; SleepCycleTimeMax = 5.611564874649048; EventCycleTimeCount = 29.0; EventCycleTimeAvg = 0.09171435750763991; ]
08/06/20 16:39:53 Initializing user log writer for /home/scitech/shared-data/sample-text-analysis-wf/scitech/pegasus/harry-potter-text-analysis/run0001/./harry-potter-text-analysis-0.dag.nodes.log, (20.0.0)
08/06/20 16:39:58 Currently monitoring 1 HTCondor log file(s)
08/06/20 16:39:58 Event: ULOG_POST_SCRIPT_TERMINATED for HTCondor Node cleanup_harry-potter-text-analysis_0_local (20.0.0) {08/06/20 16:39:53}
08/06/20 16:39:58 POST Script of node cleanup_harry-potter-text-analysis_0_local completed successfully.
08/06/20 16:39:58 DAG status: 0 (DAG_STATUS_OK)
08/06/20 16:39:58 Of 19 nodes total:
08/06/20 16:39:58  Done     Pre   Queued    Post   Ready   Un-Ready   Failed
08/06/20 16:39:58   ===     ===      ===     ===     ===        ===      ===
08/06/20 16:39:58    19       0        0       0       0          0        0
08/06/20 16:39:58 0 job proc(s) currently held
08/06/20 16:39:58 Note: 1 total job deferrals because of node category throttles
08/06/20 16:39:58 DAGMan Runtime Statistics: [ EventCycleTimeStd = 0.0891207067654347; EventCycleTimeMax = 0.3065412044525146; SubmitCycleTimeMin = 0.0003669261932373047; SubmitCycleTimeAvg = 0.04999184608459473; SleepCycleTimeCount = 30.0; SubmitCycleTimeCount = 31.0; SubmitCycleTimeMax = 0.2423560619354248; SleepCycleTimeMin = 4.356155872344971; SubmitCycleTimeSum = 1.549747228622437; LogProcessCycleTimeStd = 0.02543574703710097; SubmitCycleTimeStd = 0.08506769943213585; LogProcessCycleTimeAvg = 0.03072399359482985; EventCycleTimeMin = 0.007122993469238281; LogProcessCycleTimeMax = 0.1274051666259766; LogProcessCycleTimeMin = 0.005678892135620117; LogProcessCycleTimeSum = 0.7988238334655762; LogProcessCycleTimeCount = 26.0; EventCycleTimeSum = 2.687848329544067; SleepCycleTimeSum = 150.1269016265869; SleepCycleTimeAvg = 5.004230054219564; SleepCycleTimeStd = 0.24880042386125; SleepCycleTimeMax = 5.611564874649048; EventCycleTimeCount = 30.0; EventCycleTimeAvg = 0.08959494431813558; ]
08/06/20 16:39:58 All jobs Completed!
08/06/20 16:39:58 Note: 0 total job deferrals because of -MaxJobs limit (0)
08/06/20 16:39:58 Note: 0 total job deferrals because of -MaxIdle limit (1000)
08/06/20 16:39:58 Note: 1 total job deferrals because of node category throttles
08/06/20 16:39:58 Note: 0 total PRE script deferrals because of -MaxPre limit (20) or DEFER
08/06/20 16:39:58 Note: 0 total POST script deferrals because of -MaxPost limit (20) or DEFER
08/06/20 16:39:58 DAG status: 0 (DAG_STATUS_OK)
08/06/20 16:39:58 Of 19 nodes total:
08/06/20 16:39:58  Done     Pre   Queued    Post   Ready   Un-Ready   Failed
08/06/20 16:39:58   ===     ===      ===     ===     ===        ===      ===
08/06/20 16:39:58    19       0        0       0       0          0        0
08/06/20 16:39:58 0 job proc(s) currently held
08/06/20 16:39:58 Note: 1 total job deferrals because of node category throttles
08/06/20 16:39:59 DAGMan Runtime Statistics: [ EventCycleTimeStd = 0.0891207067654347; EventCycleTimeMax = 0.3065412044525146; SubmitCycleTimeMin = 0.0003669261932373047; SubmitCycleTimeAvg = 0.04999184608459473; SleepCycleTimeCount = 30.0; SubmitCycleTimeCount = 31.0; SubmitCycleTimeMax = 0.2423560619354248; SleepCycleTimeMin = 4.356155872344971; SubmitCycleTimeSum = 1.549747228622437; LogProcessCycleTimeStd = 0.02543574703710097; SubmitCycleTimeStd = 0.08506769943213585; LogProcessCycleTimeAvg = 0.03072399359482985; EventCycleTimeMin = 0.007122993469238281; LogProcessCycleTimeMax = 0.1274051666259766; LogProcessCycleTimeMin = 0.005678892135620117; LogProcessCycleTimeSum = 0.7988238334655762; LogProcessCycleTimeCount = 26.0; EventCycleTimeSum = 2.687848329544067; SleepCycleTimeSum = 150.1269016265869; SleepCycleTimeAvg = 5.004230054219564; SleepCycleTimeStd = 0.24880042386125; SleepCycleTimeMax = 5.611564874649048; EventCycleTimeCount = 30.0; EventCycleTimeAvg = 0.08959494431813558; ]
08/06/20 16:39:59 Wrote metrics file harry-potter-text-analysis-0.dag.metrics.
08/06/20 16:39:59 Reporting metrics to Pegasus metrics server(s); output is in harry-potter-text-analysis-0.dag.metrics.out.
08/06/20 16:39:59 Running command </usr/libexec/condor/condor_dagman_metrics_reporter -f harry-potter-text-analysis-0.dag.metrics -t 100>
08/06/20 16:39:59 Warning: mysin has length 0 (ignore if produced by DAGMan; see gittrac #4987, #5031)
08/06/20 16:39:59 DAGMan Runtime Statistics: [ EventCycleTimeStd = 0.0891207067654347; EventCycleTimeMax = 0.3065412044525146; SubmitCycleTimeMin = 0.0003669261932373047; SubmitCycleTimeAvg = 0.04999184608459473; SleepCycleTimeCount = 30.0; SubmitCycleTimeCount = 31.0; SubmitCycleTimeMax = 0.2423560619354248; SleepCycleTimeMin = 4.356155872344971; SubmitCycleTimeSum = 1.549747228622437; LogProcessCycleTimeStd = 0.02543574703710097; SubmitCycleTimeStd = 0.08506769943213585; LogProcessCycleTimeAvg = 0.03072399359482985; EventCycleTimeMin = 0.007122993469238281; LogProcessCycleTimeMax = 0.1274051666259766; LogProcessCycleTimeMin = 0.005678892135620117; LogProcessCycleTimeSum = 0.7988238334655762; LogProcessCycleTimeCount = 26.0; EventCycleTimeSum = 2.687848329544067; SleepCycleTimeSum = 150.1269016265869; SleepCycleTimeAvg = 5.004230054219564; SleepCycleTimeStd = 0.24880042386125; SleepCycleTimeMax = 5.611564874649048; EventCycleTimeCount = 30.0; EventCycleTimeAvg = 0.08959494431813558; ]
08/06/20 16:39:59 **** condor_scheduniv_exec.1.0 (condor_DAGMAN) pid 917 EXITING WITH STATUS 0
