2020-08-06 16:37:22,977:INFO:pegasus-monitord(58): pegasus-monitord starting - pid 918 
2020-08-06 16:37:23,006:INFO:pegasus-monitord(455): Final Command line options are: ['-N', 'harry-potter-text-analysis-0.dag.dagman.out']
2020-08-06 16:37:23,036:INFO:Pegasus.monitoring.event_output(629): Connecting workflow event sink to sqlite:////home/scitech/shared-data/sample-text-analysis-wf/scitech/pegasus/harry-potter-text-analysis/run0001/harry-potter-text-analysis-0.stampede.db
Created Pegasus database in: sqlite:////home/scitech/shared-data/sample-text-analysis-wf/scitech/pegasus/harry-potter-text-analysis/run0001/harry-potter-text-analysis-0.stampede.db
Your database is compatible with Pegasus version: 5.0.0dev
2020-08-06 16:37:24,278:INFO:Pegasus.monitoring.event_output(703): output type=DB namespace=stampede. name=sqlite:////home/scitech/shared-data/sample-text-analysis-wf/scitech/pegasus/harry-potter-text-analysis/run0001/harry-potter-text-analysis-0.stampede.db
2020-08-06 16:37:24,279:INFO:Pegasus.monitoring.event_output(629): Connecting workflow event sink to sqlite:////home/scitech/.pegasus/workflow.db
Your database is compatible with Pegasus version: 5.0.0dev
2020-08-06 16:37:25,655:INFO:Pegasus.monitoring.event_output(703): output type=DB namespace=dashboard. name=sqlite:////home/scitech/.pegasus/workflow.db
2020-08-06 16:37:25,981:INFO:pegasus-monitord(1247): monitord started in fast start mode
2020-08-06 16:37:26,187:INFO:Pegasus.monitoring.workflow(461): cannot open state file /home/scitech/shared-data/sample-text-analysis-wf/scitech/pegasus/harry-potter-text-analysis/run0001/monitord.info, continuing without state...
2020-08-06 16:37:26,197:INFO:Pegasus.monitoring.workflow(1148): creating new file /home/scitech/shared-data/sample-text-analysis-wf/scitech/pegasus/harry-potter-text-analysis/run0001/jobstate.log
2020-08-06 16:37:26,197:INFO:Pegasus.monitoring.workflow(1158): Appending to existing jobstate.log replay_mode 0 previous_processed_line 0
2020-08-06 16:37:26,205:INFO:Pegasus.monitoring.notifications(474): loading notifications from /home/scitech/shared-data/sample-text-analysis-wf/scitech/pegasus/harry-potter-text-analysis/run0001/harry-potter-text-analysis-0.notify
2020-08-06 16:37:27,047:INFO:Pegasus.monitoring.workflow(205): Parsing DAG file /home/scitech/shared-data/sample-text-analysis-wf/scitech/pegasus/harry-potter-text-analysis/run0001/harry-potter-text-analysis-0.dag
2020-08-06 16:37:27,062:INFO:pegasus-monitord(974): Using DAGMan version 8.8.9 80809
2020-08-06 16:37:27,063:INFO:pegasus-monitord(949): DAGMan runs at pid 917
2020-08-06 16:37:27,071:INFO:pegasus-monitord(955): using dag harry-potter-text-analysis-0.dag
2020-08-06 16:37:27,072:INFO:Pegasus.monitoring.workflow(811): DAGMan starting with condor id 1.0
2020-08-06 16:39:03,540:INFO:Pegasus.monitoring.workflow(2467): Populating locations corresponding to succeeded registration job  /home/scitech/shared-data/sample-text-analysis-wf/scitech/pegasus/harry-potter-text-analysis/run0001/00/00/register_local_0_0.in 
2020-08-06 16:39:24,523:INFO:Pegasus.monitoring.workflow(2467): Populating locations corresponding to succeeded registration job  /home/scitech/shared-data/sample-text-analysis-wf/scitech/pegasus/harry-potter-text-analysis/run0001/00/00/register_local_1_0.in 
2020-08-06 16:39:38,889:INFO:Pegasus.monitoring.workflow(2467): Populating locations corresponding to succeeded registration job  /home/scitech/shared-data/sample-text-analysis-wf/scitech/pegasus/harry-potter-text-analysis/run0001/00/00/register_local_2_0.in 
2020-08-06 16:40:01,253:INFO:pegasus-monitord(927): DAGMan harry-potter-text-analysis-0.dag finished with exit code 0
2020-08-06 16:40:02,721:INFO:pegasus-monitord(1427): workflow /home/scitech/shared-data/sample-text-analysis-wf/scitech/pegasus/harry-potter-text-analysis/run0001/harry-potter-text-analysis-0.dag.dagman.out ended
2020-08-06 16:40:02,731:INFO:Pegasus.monitoring.workflow(1377): recovery file deleted: /home/scitech/shared-data/sample-text-analysis-wf/scitech/pegasus/harry-potter-text-analysis/run0001/monitord.recover
2020-08-06 16:40:02,736:INFO:pegasus-monitord(1665): finishing workflow: /home/scitech/shared-data/sample-text-analysis-wf/scitech/pegasus/harry-potter-text-analysis/run0001/harry-potter-text-analysis-0.dag.dagman.out
2020-08-06 16:40:02,738:INFO:pegasus-monitord(1719): finishing notifications...
2020-08-06 16:40:02,738:INFO:pegasus-monitord(1727): monitord process 918 exiting with 0
2020-08-06 16:40:02,740:INFO:pegasus-monitord(197): DB flushing beginning
2020-08-06 16:40:02,742:INFO:Pegasus.db.workflow_loader.WorkflowLoader(1244): Executing final flush
2020-08-06 16:40:02,753:INFO:Pegasus.db.dashboard_loader.DashboardLoader(397): Executing final flush
2020-08-06 16:40:02,755:INFO:pegasus-monitord(213): DB flushing ended
